WARNING: You are currently using Node.js v21.1.0, which is not supported by Hardhat. This can lead to unexpected behavior. See https://hardhat.org/nodejs-versions



    ////////////////////////////////////////////////////
      Deploys DirectGrantsSimpleStrategy.sol on sepolia
    ////////////////////////////////////////////////////
  
â”Œâ”€â”€â”€â”€â”€â”€â”€â”€â”€â”€â”€â”€â”€â”€â”€â”€â”€â”¬â”€â”€â”€â”€â”€â”€â”€â”€â”€â”€â”€â”€â”€â”€â”€â”€â”€â”€â”€â”€â”€â”€â”€â”€â”€â”€â”€â”€â”€â”€â”€â”€â”€â”€â”€â”€â”€â”€â”€â”€â”€â”€â”€â”€â”€â”€â”
â”‚     (index)     â”‚                    Values                    â”‚
â”œâ”€â”€â”€â”€â”€â”€â”€â”€â”€â”€â”€â”€â”€â”€â”€â”€â”€â”¼â”€â”€â”€â”€â”€â”€â”€â”€â”€â”€â”€â”€â”€â”€â”€â”€â”€â”€â”€â”€â”€â”€â”€â”€â”€â”€â”€â”€â”€â”€â”€â”€â”€â”€â”€â”€â”€â”€â”€â”€â”€â”€â”€â”€â”€â”€â”¤
â”‚    contract     â”‚       'DirectGrantsSimpleStrategy.sol'       â”‚
â”‚     chainId     â”‚                   11155111                   â”‚
â”‚     network     â”‚                  'sepolia'                   â”‚
â”‚ deployerAddress â”‚ '0x8C180840fcBb90CE8464B4eCd12ab0f840c6647C' â”‚
â”‚     balance     â”‚            '1.305756339875179587'            â”‚
â””â”€â”€â”€â”€â”€â”€â”€â”€â”€â”€â”€â”€â”€â”€â”€â”€â”€â”´â”€â”€â”€â”€â”€â”€â”€â”€â”€â”€â”€â”€â”€â”€â”€â”€â”€â”€â”€â”€â”€â”€â”€â”€â”€â”€â”€â”€â”€â”€â”€â”€â”€â”€â”€â”€â”€â”€â”€â”€â”€â”€â”€â”€â”€â”€â”˜
Deploying DirectGrantsSimpleStrategy.sol
[35mContract DirectGrantsSimpleStrategy deployed at address: 0xaC3f288a7A3efA3D33d9Dd321ad31072915D155d[0m

Verifying contract...
Successfully submitted source code for contract
contracts/strategies/_poc/direct-grants-simple/DirectGrantsSimpleStrategy.sol:DirectGrantsSimpleStrategy at 0xaC3f288a7A3efA3D33d9Dd321ad31072915D155d
for verification on the block explorer. Waiting for verification result...

Successfully verified contract DirectGrantsSimpleStrategy on the block explorer.
https://sepolia.etherscan.io/address/0xaC3f288a7A3efA3D33d9Dd321ad31072915D155d#code
[90m
	Validating getAllo() == 0x1133eA7Af70876e64665ecD07C0A0476d09465a1[0m
[32m	âœ… PASSED with Result: 0x1133eA7Af70876e64665ecD07C0A0476d09465a1[0m
[90m
	Validating getStrategyId() == 0xed1557048dde51b2afc28af3c1de64c8aa1c821d604757f94847dca75bcb5f9b[0m
[32m	âœ… PASSED with Result: 0xed1557048dde51b2afc28af3c1de64c8aa1c821d604757f94847dca75bcb5f9b[0m
