WARNING: You are currently using Node.js v21.1.0, which is not supported by Hardhat. This can lead to unexpected behavior. See https://hardhat.org/nodejs-versions



    ////////////////////////////////////////////////////
            Deploys Registry.sol on optimism-sepolia
    ////////////////////////////////////////////////////
  
â”Œâ”€â”€â”€â”€â”€â”€â”€â”€â”€â”€â”€â”€â”€â”€â”€â”€â”€â”¬â”€â”€â”€â”€â”€â”€â”€â”€â”€â”€â”€â”€â”€â”€â”€â”€â”€â”€â”€â”€â”€â”€â”€â”€â”€â”€â”€â”€â”€â”€â”€â”€â”€â”€â”€â”€â”€â”€â”€â”€â”€â”€â”€â”€â”€â”€â”
â”‚     (index)     â”‚                    Values                    â”‚
â”œâ”€â”€â”€â”€â”€â”€â”€â”€â”€â”€â”€â”€â”€â”€â”€â”€â”€â”¼â”€â”€â”€â”€â”€â”€â”€â”€â”€â”€â”€â”€â”€â”€â”€â”€â”€â”€â”€â”€â”€â”€â”€â”€â”€â”€â”€â”€â”€â”€â”€â”€â”€â”€â”€â”€â”€â”€â”€â”€â”€â”€â”€â”€â”€â”€â”¤
â”‚    contract     â”‚                'Registry.sol'                â”‚
â”‚     chainId     â”‚                   11155420                   â”‚
â”‚     network     â”‚              'optimism-sepolia'              â”‚
â”‚ deployerAddress â”‚ '0x8C180840fcBb90CE8464B4eCd12ab0f840c6647C' â”‚
â”‚  registryOwner  â”‚ '0x8C180840fcBb90CE8464B4eCd12ab0f840c6647C' â”‚
â”‚     balance     â”‚                    '1.0'                     â”‚
â””â”€â”€â”€â”€â”€â”€â”€â”€â”€â”€â”€â”€â”€â”€â”€â”€â”€â”´â”€â”€â”€â”€â”€â”€â”€â”€â”€â”€â”€â”€â”€â”€â”€â”€â”€â”€â”€â”€â”€â”€â”€â”€â”€â”€â”€â”€â”€â”€â”€â”€â”€â”€â”€â”€â”€â”€â”€â”€â”€â”€â”€â”€â”€â”€â”˜
Deploying Registry...
Registry proxy deployed to: 0x4AAcca72145e1dF2aeC137E1f3C5E3D75DB8b5f3
Registry implementation deployed to: 0xA3Fd7042F83960398De6ceddbf513F8cac877cbE
Proxy Admin:  0x758b87af7fdB4783f848a1dDEa1F025dC48B9858
Proxy Admin Owner:  0x8C180840fcBb90CE8464B4eCd12ab0f840c6647C

Verifying contract...
Verifying implementation: 0xA3Fd7042F83960398De6ceddbf513F8cac877cbE
Failed to verify implementation contract at 0xA3Fd7042F83960398De6ceddbf513F8cac877cbE: Error!
Verifying proxy: 0x4AAcca72145e1dF2aeC137E1f3C5E3D75DB8b5f3
Failed to verify TransparentUpgradeableProxy contract at 0x4AAcca72145e1dF2aeC137E1f3C5E3D75DB8b5f3: Error!
Linking proxy 0x4AAcca72145e1dF2aeC137E1f3C5E3D75DB8b5f3 with implementation
Failed to link proxy 0x4AAcca72145e1dF2aeC137E1f3C5E3D75DB8b5f3 with its implementation. Reason: Error!
Verifying proxy admin: 0x758b87af7fdB4783f848a1dDEa1F025dC48B9858
Failed to verify ProxyAdmin contract at 0x758b87af7fdB4783f848a1dDEa1F025dC48B9858: Error!
Error: 
Verification completed with the following errors.

Error 1: Failed to verify implementation contract at 0xA3Fd7042F83960398De6ceddbf513F8cac877cbE: Error!

Error 2: Failed to verify TransparentUpgradeableProxy contract at 0x4AAcca72145e1dF2aeC137E1f3C5E3D75DB8b5f3: Error!

Error 3: Failed to link proxy 0x4AAcca72145e1dF2aeC137E1f3C5E3D75DB8b5f3 with its implementation. Reason: Error!

Error 4: Failed to verify ProxyAdmin contract at 0x758b87af7fdB4783f848a1dDEa1F025dC48B9858: Error!



Verifying contract...
HardhatVerifyError: Error!
    at Etherscan.verify (/home/kurt/git/allo/allo-v2/node_modules/@nomicfoundation/hardhat-verify/src/internal/etherscan.ts:173:13)
    at processTicksAndRejections (node:internal/process/task_queues:95:5)
    at async SimpleTaskDefinition.action (/home/kurt/git/allo/allo-v2/node_modules/@nomicfoundation/hardhat-verify/src/index.ts:471:33)
    at async Environment._runTaskDefinition (/home/kurt/git/allo/allo-v2/node_modules/hardhat/src/internal/core/runtime-environment.ts:358:14)
    at async Environment.run (/home/kurt/git/allo/allo-v2/node_modules/hardhat/src/internal/core/runtime-environment.ts:191:14)
    at async SimpleTaskDefinition.action (/home/kurt/git/allo/allo-v2/node_modules/@nomicfoundation/hardhat-verify/src/index.ts:298:9)
    at async Environment._runTaskDefinition (/home/kurt/git/allo/allo-v2/node_modules/hardhat/src/internal/core/runtime-environment.ts:358:14)
    at async hardhatVerify (/home/kurt/git/allo/allo-v2/node_modules/@openzeppelin/hardhat-upgrades/src/verify-proxy.ts:118:12)
    at async OverriddenTaskDefinition._action (/home/kurt/git/allo/allo-v2/node_modules/@openzeppelin/hardhat-upgrades/src/index.ts:198:12)
    at async Environment._runTaskDefinition (/home/kurt/git/allo/allo-v2/node_modules/hardhat/src/internal/core/runtime-environment.ts:358:14)
[90m
	Validating hasRole(0x815b5a78dc333d344c7df9da23c04dbd432015cc701876ddb9ffe850e6882747,0x8C180840fcBb90CE8464B4eCd12ab0f840c6647C) == true[0m
[32m	âœ… PASSED with Result: true[0m
