Warning: Unreachable code.
   --> contracts/strategies/BaseStrategy.sol:174:9:
    |
174 |         _afterRegisterRecipient(_data, _sender);
    |         ^^^^^^^^^^^^^^^^^^^^^^^^^^^^^^^^^^^^^^^


Compiled 112 Solidity files successfully (evm target: paris).

    ////////////////////////////////////////////////////////
    Deploy Strategies on Allo V2 contracts to arbitrum-goerli
    ///////////////////////////////////////////////////////
  

    ////////////////////////////////////////////////////
      Deploys RFPSimpleStrategy.sol on arbitrum-goerli
    ////////////////////////////////////////////////////
  
â”Œâ”€â”€â”€â”€â”€â”€â”€â”€â”€â”€â”€â”€â”€â”€â”€â”€â”€â”¬â”€â”€â”€â”€â”€â”€â”€â”€â”€â”€â”€â”€â”€â”€â”€â”€â”€â”€â”€â”€â”€â”€â”€â”€â”€â”€â”€â”€â”€â”€â”€â”€â”€â”€â”€â”€â”€â”€â”€â”€â”€â”€â”€â”€â”€â”€â”
â”‚     (index)     â”‚                    Values                    â”‚
â”œâ”€â”€â”€â”€â”€â”€â”€â”€â”€â”€â”€â”€â”€â”€â”€â”€â”€â”¼â”€â”€â”€â”€â”€â”€â”€â”€â”€â”€â”€â”€â”€â”€â”€â”€â”€â”€â”€â”€â”€â”€â”€â”€â”€â”€â”€â”€â”€â”€â”€â”€â”€â”€â”€â”€â”€â”€â”€â”€â”€â”€â”€â”€â”€â”€â”¤
â”‚    contract     â”‚           'RFPSimpleStrategy.sol'            â”‚
â”‚     chainId     â”‚                    421613                    â”‚
â”‚     network     â”‚              'arbitrum-goerli'               â”‚
â”‚ deployerAddress â”‚ '0x5078a23B2C95e1B2f7C2Cee9F1Fb5534d473E781' â”‚
â”‚     balance     â”‚               '0.992231834702'               â”‚
â””â”€â”€â”€â”€â”€â”€â”€â”€â”€â”€â”€â”€â”€â”€â”€â”€â”€â”´â”€â”€â”€â”€â”€â”€â”€â”€â”€â”€â”€â”€â”€â”€â”€â”€â”€â”€â”€â”€â”€â”€â”€â”€â”€â”€â”€â”€â”€â”€â”€â”€â”€â”€â”€â”€â”€â”€â”€â”€â”€â”€â”€â”€â”€â”€â”˜
Deploying RFPSimpleStrategy.sol
[35mContract RFPSimpleStrategy deployed at address: 0x1b3A49365Cfb76A3c4EfC8f84CBb2770E919E21a[0m

Verifying contract...
Successfully submitted source code for contract
contracts/strategies/rfp-simple/RFPSimpleStrategy.sol:RFPSimpleStrategy at 0x1b3A49365Cfb76A3c4EfC8f84CBb2770E919E21a
for verification on the block explorer. Waiting for verification result...

Successfully verified contract RFPSimpleStrategy on the block explorer.
https://arbiscan.io/address/0x1b3A49365Cfb76A3c4EfC8f84CBb2770E919E21a#code
[90m
	Validating getAllo() == 0x7A33B78eadC6402BAcb90B82a5aeEcdFE5a0bBB8[0m
[32m	âœ… PASSED with Result: 0x7A33B78eadC6402BAcb90B82a5aeEcdFE5a0bBB8[0m
[90m
	Validating getStrategyId() == 0xa453152c0ac6ce2f4637097bbb7113bcb55c81f35d0304faa57a6001ab8e3430[0m
[32m	âœ… PASSED with Result: 0xa453152c0ac6ce2f4637097bbb7113bcb55c81f35d0304faa57a6001ab8e3430[0m

    ////////////////////////////////////////////////////
      Deploys RFPCommitteeStrategy.sol on arbitrum-goerli
    ////////////////////////////////////////////////////
  
â”Œâ”€â”€â”€â”€â”€â”€â”€â”€â”€â”€â”€â”€â”€â”€â”€â”€â”€â”¬â”€â”€â”€â”€â”€â”€â”€â”€â”€â”€â”€â”€â”€â”€â”€â”€â”€â”€â”€â”€â”€â”€â”€â”€â”€â”€â”€â”€â”€â”€â”€â”€â”€â”€â”€â”€â”€â”€â”€â”€â”€â”€â”€â”€â”€â”€â”
â”‚     (index)     â”‚                    Values                    â”‚
â”œâ”€â”€â”€â”€â”€â”€â”€â”€â”€â”€â”€â”€â”€â”€â”€â”€â”€â”¼â”€â”€â”€â”€â”€â”€â”€â”€â”€â”€â”€â”€â”€â”€â”€â”€â”€â”€â”€â”€â”€â”€â”€â”€â”€â”€â”€â”€â”€â”€â”€â”€â”€â”€â”€â”€â”€â”€â”€â”€â”€â”€â”€â”€â”€â”€â”¤
â”‚    contract     â”‚          'RFPCommitteeStrategy.sol'          â”‚
â”‚     chainId     â”‚                    421613                    â”‚
â”‚     network     â”‚              'arbitrum-goerli'               â”‚
â”‚ deployerAddress â”‚ '0x5078a23B2C95e1B2f7C2Cee9F1Fb5534d473E781' â”‚
â”‚     balance     â”‚               '0.991951604902'               â”‚
â””â”€â”€â”€â”€â”€â”€â”€â”€â”€â”€â”€â”€â”€â”€â”€â”€â”€â”´â”€â”€â”€â”€â”€â”€â”€â”€â”€â”€â”€â”€â”€â”€â”€â”€â”€â”€â”€â”€â”€â”€â”€â”€â”€â”€â”€â”€â”€â”€â”€â”€â”€â”€â”€â”€â”€â”€â”€â”€â”€â”€â”€â”€â”€â”€â”˜
Deploying RFPCommitteeStrategy.sol
[35mContract RFPCommitteeStrategy deployed at address: 0xAfdb87Ff57E680cDc7d8332f9B3628Ec4d2B93C1[0m

Verifying contract...
Successfully submitted source code for contract
contracts/strategies/rfp-committee/RFPCommitteeStrategy.sol:RFPCommitteeStrategy at 0xAfdb87Ff57E680cDc7d8332f9B3628Ec4d2B93C1
for verification on the block explorer. Waiting for verification result...

Successfully verified contract RFPCommitteeStrategy on the block explorer.
https://arbiscan.io/address/0xAfdb87Ff57E680cDc7d8332f9B3628Ec4d2B93C1#code
[90m
	Validating getAllo() == 0x7A33B78eadC6402BAcb90B82a5aeEcdFE5a0bBB8[0m
[32m	âœ… PASSED with Result: 0x7A33B78eadC6402BAcb90B82a5aeEcdFE5a0bBB8[0m
[90m
	Validating getStrategyId() == 0xa5c308c414fe0ba0c92fd14484afe41a2c65f18cc21c1038184a0c258758f6cf[0m
[32m	âœ… PASSED with Result: 0xa5c308c414fe0ba0c92fd14484afe41a2c65f18cc21c1038184a0c258758f6cf[0m

    ////////////////////////////////////////////////////
      Deploys DonationVotingMerkleDistributionDirectTransferStrategy.sol on arbitrum-goerli
    ////////////////////////////////////////////////////
  
â”Œâ”€â”€â”€â”€â”€â”€â”€â”€â”€â”€â”€â”€â”€â”€â”€â”€â”€â”¬â”€â”€â”€â”€â”€â”€â”€â”€â”€â”€â”€â”€â”€â”€â”€â”€â”€â”€â”€â”€â”€â”€â”€â”€â”€â”€â”€â”€â”€â”€â”€â”€â”€â”€â”€â”€â”€â”€â”€â”€â”€â”€â”€â”€â”€â”€â”€â”€â”€â”€â”€â”€â”€â”€â”€â”€â”€â”€â”€â”€â”€â”€â”
â”‚     (index)     â”‚                            Values                            â”‚
â”œâ”€â”€â”€â”€â”€â”€â”€â”€â”€â”€â”€â”€â”€â”€â”€â”€â”€â”¼â”€â”€â”€â”€â”€â”€â”€â”€â”€â”€â”€â”€â”€â”€â”€â”€â”€â”€â”€â”€â”€â”€â”€â”€â”€â”€â”€â”€â”€â”€â”€â”€â”€â”€â”€â”€â”€â”€â”€â”€â”€â”€â”€â”€â”€â”€â”€â”€â”€â”€â”€â”€â”€â”€â”€â”€â”€â”€â”€â”€â”€â”€â”¤
â”‚    contract     â”‚ 'DonationVotingMerkleDistributionDirectTransferStrategy.sol' â”‚
â”‚     chainId     â”‚                            421613                            â”‚
â”‚     network     â”‚                      'arbitrum-goerli'                       â”‚
â”‚ deployerAddress â”‚         '0x5078a23B2C95e1B2f7C2Cee9F1Fb5534d473E781'         â”‚
â”‚     balance     â”‚                       '0.991666181302'                       â”‚
â””â”€â”€â”€â”€â”€â”€â”€â”€â”€â”€â”€â”€â”€â”€â”€â”€â”€â”´â”€â”€â”€â”€â”€â”€â”€â”€â”€â”€â”€â”€â”€â”€â”€â”€â”€â”€â”€â”€â”€â”€â”€â”€â”€â”€â”€â”€â”€â”€â”€â”€â”€â”€â”€â”€â”€â”€â”€â”€â”€â”€â”€â”€â”€â”€â”€â”€â”€â”€â”€â”€â”€â”€â”€â”€â”€â”€â”€â”€â”€â”€â”˜
Deploying DonationVotingMerkleDistributionDirectTransferStrategy.sol
[35mContract DonationVotingMerkleDistributionDirectTransferStrategy deployed at address: 0x601388ba7E9e6B32CdE17e7172dfb825D3Ae9104[0m

Verifying contract...
Successfully submitted source code for contract
contracts/strategies/donation-voting-merkle-distribution-direct-transfer/DonationVotingMerkleDistributionDirectTransferStrategy.sol:DonationVotingMerkleDistributionDirectTransferStrategy at 0x601388ba7E9e6B32CdE17e7172dfb825D3Ae9104
for verification on the block explorer. Waiting for verification result...

Successfully verified contract DonationVotingMerkleDistributionDirectTransferStrategy on the block explorer.
https://arbiscan.io/address/0x601388ba7E9e6B32CdE17e7172dfb825D3Ae9104#code
[90m
	Validating getAllo() == 0x7A33B78eadC6402BAcb90B82a5aeEcdFE5a0bBB8[0m
[32m	âœ… PASSED with Result: 0x7A33B78eadC6402BAcb90B82a5aeEcdFE5a0bBB8[0m
[90m
	Validating getStrategyId() == 0xf6494e385cd5e206b2e8ca0f07a1433344f5ab8ac7aac9b064aa45132eddf03e[0m
[32m	âœ… PASSED with Result: 0xf6494e385cd5e206b2e8ca0f07a1433344f5ab8ac7aac9b064aa45132eddf03e[0m
[90m
	Validating PERMIT2() == 0x000000000022D473030F116dDEE9F6B43aC78BA3[0m
[32m	âœ… PASSED with Result: 0x000000000022D473030F116dDEE9F6B43aC78BA3[0m
TypeError: Cannot read properties of undefined (reading '421613')
    at deployDonationVotingMerkleDistributionVault (/Users/jaxcoder/Gitcoin/Allo/V2/allo-v2/scripts/strategies/deployDonationVotingMerkleDistributionVault.ts:17:31)
    at processTicksAndRejections (node:internal/process/task_queues:96:5)
    at async deployStrategies (/Users/jaxcoder/Gitcoin/Allo/V2/allo-v2/scripts/strategies/_deployAllStrategies.ts:23:3)
error: "hardhat" exited with code 1 (SIGHUP)
