WARNING: You are currently using Node.js v21.1.0, which is not supported by Hardhat. This can lead to unexpected behavior. See https://hardhat.org/nodejs-versions



    ////////////////////////////////////////////////////
      Deploys DirectGrantsSimpleStrategy.sol on arbitrum-mainnet
    ////////////////////////////////////////////////////
  
â”Œâ”€â”€â”€â”€â”€â”€â”€â”€â”€â”€â”€â”€â”€â”€â”€â”€â”€â”¬â”€â”€â”€â”€â”€â”€â”€â”€â”€â”€â”€â”€â”€â”€â”€â”€â”€â”€â”€â”€â”€â”€â”€â”€â”€â”€â”€â”€â”€â”€â”€â”€â”€â”€â”€â”€â”€â”€â”€â”€â”€â”€â”€â”€â”€â”€â”
â”‚     (index)     â”‚                    Values                    â”‚
â”œâ”€â”€â”€â”€â”€â”€â”€â”€â”€â”€â”€â”€â”€â”€â”€â”€â”€â”¼â”€â”€â”€â”€â”€â”€â”€â”€â”€â”€â”€â”€â”€â”€â”€â”€â”€â”€â”€â”€â”€â”€â”€â”€â”€â”€â”€â”€â”€â”€â”€â”€â”€â”€â”€â”€â”€â”€â”€â”€â”€â”€â”€â”€â”€â”€â”¤
â”‚    contract     â”‚       'DirectGrantsSimpleStrategy.sol'       â”‚
â”‚     chainId     â”‚                    42161                     â”‚
â”‚     network     â”‚              'arbitrum-mainnet'              â”‚
â”‚ deployerAddress â”‚ '0x8C180840fcBb90CE8464B4eCd12ab0f840c6647C' â”‚
â”‚     balance     â”‚                '0.0040176278'                â”‚
â””â”€â”€â”€â”€â”€â”€â”€â”€â”€â”€â”€â”€â”€â”€â”€â”€â”€â”´â”€â”€â”€â”€â”€â”€â”€â”€â”€â”€â”€â”€â”€â”€â”€â”€â”€â”€â”€â”€â”€â”€â”€â”€â”€â”€â”€â”€â”€â”€â”€â”€â”€â”€â”€â”€â”€â”€â”€â”€â”€â”€â”€â”€â”€â”€â”˜
Deploying DirectGrantsSimpleStrategy.sol
[35mContract DirectGrantsSimpleStrategy deployed at address: 0x8564d522b19836b7F5B4324E7Ee8Cb41810E9F9e[0m

Verifying contract...
Successfully submitted source code for contract
contracts/strategies/_poc/direct-grants-simple/DirectGrantsSimpleStrategy.sol:DirectGrantsSimpleStrategy at 0x8564d522b19836b7F5B4324E7Ee8Cb41810E9F9e
for verification on the block explorer. Waiting for verification result...

Successfully verified contract DirectGrantsSimpleStrategy on the block explorer.
https://arbiscan.io/address/0x8564d522b19836b7F5B4324E7Ee8Cb41810E9F9e#code
[90m
	Validating getAllo() == 0x1133eA7Af70876e64665ecD07C0A0476d09465a1[0m
[32m	âœ… PASSED with Result: 0x1133eA7Af70876e64665ecD07C0A0476d09465a1[0m
[90m
	Validating getStrategyId() == 0x53fb9d3bce0956ca2db5bb1441f5ca23050cb1973b33789e04a5978acfd9ca93[0m
[32m	âœ… PASSED with Result: 0x53fb9d3bce0956ca2db5bb1441f5ca23050cb1973b33789e04a5978acfd9ca93[0m
