WARNING: You are currently using Node.js v21.1.0, which is not supported by Hardhat. This can lead to unexpected behavior. See https://hardhat.org/nodejs-versions



    ////////////////////////////////////////////////////
      Deploys RFPSimpleStrategy.sol on polygon
    ////////////////////////////////////////////////////
  
â”Œâ”€â”€â”€â”€â”€â”€â”€â”€â”€â”€â”€â”€â”€â”€â”€â”€â”€â”¬â”€â”€â”€â”€â”€â”€â”€â”€â”€â”€â”€â”€â”€â”€â”€â”€â”€â”€â”€â”€â”€â”€â”€â”€â”€â”€â”€â”€â”€â”€â”€â”€â”€â”€â”€â”€â”€â”€â”€â”€â”€â”€â”€â”€â”€â”€â”
â”‚     (index)     â”‚                    Values                    â”‚
â”œâ”€â”€â”€â”€â”€â”€â”€â”€â”€â”€â”€â”€â”€â”€â”€â”€â”€â”¼â”€â”€â”€â”€â”€â”€â”€â”€â”€â”€â”€â”€â”€â”€â”€â”€â”€â”€â”€â”€â”€â”€â”€â”€â”€â”€â”€â”€â”€â”€â”€â”€â”€â”€â”€â”€â”€â”€â”€â”€â”€â”€â”€â”€â”€â”€â”¤
â”‚    contract     â”‚           'RFPSimpleStrategy.sol'            â”‚
â”‚     chainId     â”‚                     137                      â”‚
â”‚     network     â”‚                  'polygon'                   â”‚
â”‚ deployerAddress â”‚ '0x8C180840fcBb90CE8464B4eCd12ab0f840c6647C' â”‚
â”‚     balance     â”‚                '127.7157729'                 â”‚
â””â”€â”€â”€â”€â”€â”€â”€â”€â”€â”€â”€â”€â”€â”€â”€â”€â”€â”´â”€â”€â”€â”€â”€â”€â”€â”€â”€â”€â”€â”€â”€â”€â”€â”€â”€â”€â”€â”€â”€â”€â”€â”€â”€â”€â”€â”€â”€â”€â”€â”€â”€â”€â”€â”€â”€â”€â”€â”€â”€â”€â”€â”€â”€â”€â”˜
Deploying RFPSimpleStrategy.sol
[35mContract RFPSimpleStrategy deployed at address: 0xc0379c3E6e3140caE35588c09e081F2d8529C7E3[0m

Verifying contract...
Successfully submitted source code for contract
contracts/strategies/rfp-simple/RFPSimpleStrategy.sol:RFPSimpleStrategy at 0xc0379c3E6e3140caE35588c09e081F2d8529C7E3
for verification on the block explorer. Waiting for verification result...

Successfully verified contract RFPSimpleStrategy on the block explorer.
https://polygonscan.com/address/0xc0379c3E6e3140caE35588c09e081F2d8529C7E3#code
[90m
	Validating getAllo() == 0x1133eA7Af70876e64665ecD07C0A0476d09465a1[0m
[32m	âœ… PASSED with Result: 0x1133eA7Af70876e64665ecD07C0A0476d09465a1[0m
[90m
	Validating getStrategyId() == 0x0d459e12d9e91d2b2a8fa12be8c7eb2b4f1c35e74573990c34b436613bc2350f[0m
[32m	âœ… PASSED with Result: 0x0d459e12d9e91d2b2a8fa12be8c7eb2b4f1c35e74573990c34b436613bc2350f[0m
