
    ////////////////////////////////////////////////////
        Deploys ContractFactory.sol on degen
    ////////////////////////////////////////////////////
  
â”Œâ”€â”€â”€â”€â”€â”€â”€â”€â”€â”€â”€â”€â”€â”€â”€â”€â”€â”¬â”€â”€â”€â”€â”€â”€â”€â”€â”€â”€â”€â”€â”€â”€â”€â”€â”€â”€â”€â”€â”€â”€â”€â”€â”€â”€â”€â”€â”€â”€â”€â”€â”€â”€â”€â”€â”€â”€â”€â”€â”€â”€â”€â”€â”€â”€â”
â”‚     (index)     â”‚                    Values                    â”‚
â”œâ”€â”€â”€â”€â”€â”€â”€â”€â”€â”€â”€â”€â”€â”€â”€â”€â”€â”¼â”€â”€â”€â”€â”€â”€â”€â”€â”€â”€â”€â”€â”€â”€â”€â”€â”€â”€â”€â”€â”€â”€â”€â”€â”€â”€â”€â”€â”€â”€â”€â”€â”€â”€â”€â”€â”€â”€â”€â”€â”€â”€â”€â”€â”€â”€â”¤
â”‚    contract     â”‚         'Deploy ContractFactory.sol'         â”‚
â”‚     chainId     â”‚                  666666666                   â”‚
â”‚     network     â”‚                   'degen'                    â”‚
â”‚ deployerAddress â”‚ '0x8C180840fcBb90CE8464B4eCd12ab0f840c6647C' â”‚
â”‚     balance     â”‚              '999.99992799994'               â”‚
â””â”€â”€â”€â”€â”€â”€â”€â”€â”€â”€â”€â”€â”€â”€â”€â”€â”€â”´â”€â”€â”€â”€â”€â”€â”€â”€â”€â”€â”€â”€â”€â”€â”€â”€â”€â”€â”€â”€â”€â”€â”€â”€â”€â”€â”€â”€â”€â”€â”€â”€â”€â”€â”€â”€â”€â”€â”€â”€â”€â”€â”€â”€â”€â”€â”˜
Deploying ContractFactory.sol...
ContractFactory deployed to: 0x1133eA7Af70876e64665ecD07C0A0476d09465a1

Verifying contract...
Successfully submitted source code for contract
contracts/factory/ContractFactory.sol:ContractFactory at 0x1133eA7Af70876e64665ecD07C0A0476d09465a1
for verification on the block explorer. Waiting for verification result...

VerificationAPIUnexpectedMessageError: The API responded with an unexpected message.
Please report this issue to the Hardhat team.
Contract verification may have succeeded and should be checked manually.
Message: Unknown UID
    at SimpleTaskDefinition.action (/Users/jaxcoder/Gitcoin/Allo/V2/allo-v2/node_modules/.pnpm/@nomicfoundation+hardhat-verify@1.1.1_hardhat@2.22.1/node_modules/@nomicfoundation/hardhat-verify/src/index.ts:491:15)
    at processTicksAndRejections (node:internal/process/task_queues:95:5)
    at async Environment._runTaskDefinition (/Users/jaxcoder/Gitcoin/Allo/V2/allo-v2/node_modules/hardhat/src/internal/core/runtime-environment.ts:359:14)
    at async Environment.run (/Users/jaxcoder/Gitcoin/Allo/V2/allo-v2/node_modules/hardhat/src/internal/core/runtime-environment.ts:192:14)
    at async SimpleTaskDefinition.action (/Users/jaxcoder/Gitcoin/Allo/V2/allo-v2/node_modules/.pnpm/@nomicfoundation+hardhat-verify@1.1.1_hardhat@2.22.1/node_modules/@nomicfoundation/hardhat-verify/src/index.ts:298:9)
    at async Environment._runTaskDefinition (/Users/jaxcoder/Gitcoin/Allo/V2/allo-v2/node_modules/hardhat/src/internal/core/runtime-environment.ts:359:14)
    at async hardhatVerify (/Users/jaxcoder/Gitcoin/Allo/V2/allo-v2/node_modules/.pnpm/@openzeppelin+hardhat-upgrades@2.5.1_@nomicfoundation+hardhat-ethers@3.0.5_@nomicfoundation+h_lcxnlovabyvbtlm2cxlwqfwv7y/node_modules/@openzeppelin/hardhat-upgrades/src/verify-proxy.ts:118:12)
    at async OverriddenTaskDefinition._action (/Users/jaxcoder/Gitcoin/Allo/V2/allo-v2/node_modules/.pnpm/@openzeppelin+hardhat-upgrades@2.5.1_@nomicfoundation+hardhat-ethers@3.0.5_@nomicfoundation+h_lcxnlovabyvbtlm2cxlwqfwv7y/node_modules/@openzeppelin/hardhat-upgrades/src/index.ts:206:12)
    at async Environment._runTaskDefinition (/Users/jaxcoder/Gitcoin/Allo/V2/allo-v2/node_modules/hardhat/src/internal/core/runtime-environment.ts:359:14)
    at async Environment.run (/Users/jaxcoder/Gitcoin/Allo/V2/allo-v2/node_modules/hardhat/src/internal/core/runtime-environment.ts:192:14)
[90m
	Validating isDeployer(0x8C180840fcBb90CE8464B4eCd12ab0f840c6647C) == true[0m
[32m	âœ… PASSED with Result: true[0m
