
    ////////////////////////////////////////////////////
        Deploys ContractFactory.sol on lukso-mainnet
    ////////////////////////////////////////////////////
  
â”Œâ”€â”€â”€â”€â”€â”€â”€â”€â”€â”€â”€â”€â”€â”€â”€â”€â”€â”¬â”€â”€â”€â”€â”€â”€â”€â”€â”€â”€â”€â”€â”€â”€â”€â”€â”€â”€â”€â”€â”€â”€â”€â”€â”€â”€â”€â”€â”€â”€â”€â”€â”€â”€â”€â”€â”€â”€â”€â”€â”€â”€â”€â”€â”€â”€â”
â”‚     (index)     â”‚                    Values                    â”‚
â”œâ”€â”€â”€â”€â”€â”€â”€â”€â”€â”€â”€â”€â”€â”€â”€â”€â”€â”¼â”€â”€â”€â”€â”€â”€â”€â”€â”€â”€â”€â”€â”€â”€â”€â”€â”€â”€â”€â”€â”€â”€â”€â”€â”€â”€â”€â”€â”€â”€â”€â”€â”€â”€â”€â”€â”€â”€â”€â”€â”€â”€â”€â”€â”€â”€â”¤
â”‚    contract     â”‚         'Deploy ContractFactory.sol'         â”‚
â”‚     chainId     â”‚                      42                      â”‚
â”‚     network     â”‚               'lukso-mainnet'                â”‚
â”‚ deployerAddress â”‚ '0x8C180840fcBb90CE8464B4eCd12ab0f840c6647C' â”‚
â”‚     balance     â”‚           '76.287573781196454191'            â”‚
â””â”€â”€â”€â”€â”€â”€â”€â”€â”€â”€â”€â”€â”€â”€â”€â”€â”€â”´â”€â”€â”€â”€â”€â”€â”€â”€â”€â”€â”€â”€â”€â”€â”€â”€â”€â”€â”€â”€â”€â”€â”€â”€â”€â”€â”€â”€â”€â”€â”€â”€â”€â”€â”€â”€â”€â”€â”€â”€â”€â”€â”€â”€â”€â”€â”˜
Deploying ContractFactory.sol...
ContractFactory deployed to: 0x1133eA7Af70876e64665ecD07C0A0476d09465a1

Verifying contract...
Successfully submitted source code for contract
contracts/factory/ContractFactory.sol:ContractFactory at 0x1133eA7Af70876e64665ecD07C0A0476d09465a1
for verification on the block explorer. Waiting for verification result...

Successfully verified contract ContractFactory on the block explorer.
https://explorer.execution.mainnet.lukso.network/address/0x1133eA7Af70876e64665ecD07C0A0476d09465a1#code
[90m
	Validating isDeployer(0x8C180840fcBb90CE8464B4eCd12ab0f840c6647C) == true[0m
[32m	âœ… PASSED with Result: true[0m
