Warning: Unreachable code.
   --> contracts/strategies/BaseStrategy.sol:174:9:
    |
174 |         _afterRegisterRecipient(_data, _sender);
    |         ^^^^^^^^^^^^^^^^^^^^^^^^^^^^^^^^^^^^^^^


Compiled 112 Solidity files successfully (evm target: paris).

    ////////////////////////////////////////////////////
    Deploy core Allo V2 contracts to goerli
    ======================================
    - ContractFactory (used for strategy deployments)
    - Registry
    - Allo
    - TransferProxyAdminOwnership
    ////////////////////////////////////////////////////
  

    ////////////////////////////////////////////////////
        Deploys ContractFactory.sol on goerli
    ////////////////////////////////////////////////////
  
â”Œâ”€â”€â”€â”€â”€â”€â”€â”€â”€â”€â”€â”€â”€â”€â”€â”€â”€â”¬â”€â”€â”€â”€â”€â”€â”€â”€â”€â”€â”€â”€â”€â”€â”€â”€â”€â”€â”€â”€â”€â”€â”€â”€â”€â”€â”€â”€â”€â”€â”€â”€â”€â”€â”€â”€â”€â”€â”€â”€â”€â”€â”€â”€â”€â”€â”
â”‚     (index)     â”‚                    Values                    â”‚
â”œâ”€â”€â”€â”€â”€â”€â”€â”€â”€â”€â”€â”€â”€â”€â”€â”€â”€â”¼â”€â”€â”€â”€â”€â”€â”€â”€â”€â”€â”€â”€â”€â”€â”€â”€â”€â”€â”€â”€â”€â”€â”€â”€â”€â”€â”€â”€â”€â”€â”€â”€â”€â”€â”€â”€â”€â”€â”€â”€â”€â”€â”€â”€â”€â”€â”¤
â”‚    contract     â”‚         'Deploy ContractFactory.sol'         â”‚
â”‚     chainId     â”‚                      5                       â”‚
â”‚     network     â”‚                   'goerli'                   â”‚
â”‚ deployerAddress â”‚ '0x5078a23B2C95e1B2f7C2Cee9F1Fb5534d473E781' â”‚
â”‚     balance     â”‚            '0.319937728174753998'            â”‚
â””â”€â”€â”€â”€â”€â”€â”€â”€â”€â”€â”€â”€â”€â”€â”€â”€â”€â”´â”€â”€â”€â”€â”€â”€â”€â”€â”€â”€â”€â”€â”€â”€â”€â”€â”€â”€â”€â”€â”€â”€â”€â”€â”€â”€â”€â”€â”€â”€â”€â”€â”€â”€â”€â”€â”€â”€â”€â”€â”€â”€â”€â”€â”€â”€â”˜
Deploying ContractFactory.sol...
ContractFactory deployed to: 0x05C773d605d19CA33117858c819a8109B176988a

Verifying contract...
Successfully submitted source code for contract
contracts/factory/ContractFactory.sol:ContractFactory at 0x05C773d605d19CA33117858c819a8109B176988a
for verification on the block explorer. Waiting for verification result...

Successfully verified contract ContractFactory on the block explorer.
https://goerli.etherscan.io/address/0x05C773d605d19CA33117858c819a8109B176988a#code
[90m
	Validating isDeployer(0x5078a23B2C95e1B2f7C2Cee9F1Fb5534d473E781) == true[0m
[32m	âœ… PASSED with Result: true[0m

    ////////////////////////////////////////////////////
            Deploys Registry.sol on goerli
    ////////////////////////////////////////////////////
  
â”Œâ”€â”€â”€â”€â”€â”€â”€â”€â”€â”€â”€â”€â”€â”€â”€â”€â”€â”¬â”€â”€â”€â”€â”€â”€â”€â”€â”€â”€â”€â”€â”€â”€â”€â”€â”€â”€â”€â”€â”€â”€â”€â”€â”€â”€â”€â”€â”€â”€â”€â”€â”€â”€â”€â”€â”€â”€â”€â”€â”€â”€â”€â”€â”€â”€â”
â”‚     (index)     â”‚                    Values                    â”‚
â”œâ”€â”€â”€â”€â”€â”€â”€â”€â”€â”€â”€â”€â”€â”€â”€â”€â”€â”¼â”€â”€â”€â”€â”€â”€â”€â”€â”€â”€â”€â”€â”€â”€â”€â”€â”€â”€â”€â”€â”€â”€â”€â”€â”€â”€â”€â”€â”€â”€â”€â”€â”€â”€â”€â”€â”€â”€â”€â”€â”€â”€â”€â”€â”€â”€â”¤
â”‚    contract     â”‚                'Registry.sol'                â”‚
â”‚     chainId     â”‚                      5                       â”‚
â”‚     network     â”‚                   'goerli'                   â”‚
â”‚ deployerAddress â”‚ '0x5078a23B2C95e1B2f7C2Cee9F1Fb5534d473E781' â”‚
â”‚  registryOwner  â”‚ '0x5078a23B2C95e1B2f7C2Cee9F1Fb5534d473E781' â”‚
â”‚     balance     â”‚            '0.309275428174753998'            â”‚
â””â”€â”€â”€â”€â”€â”€â”€â”€â”€â”€â”€â”€â”€â”€â”€â”€â”€â”´â”€â”€â”€â”€â”€â”€â”€â”€â”€â”€â”€â”€â”€â”€â”€â”€â”€â”€â”€â”€â”€â”€â”€â”€â”€â”€â”€â”€â”€â”€â”€â”€â”€â”€â”€â”€â”€â”€â”€â”€â”€â”€â”€â”€â”€â”€â”˜
Deploying Registry...
Registry proxy deployed to: 0x882a1dd3C74edbBa36AB4f6F651D0AEf20C9C84e
Registry implementation deployed to: 0x62908f2640af147a6a4427238B14E6eC4a60b502
Proxy Admin:  0x6e39553c41662368CEC2171cc4261b3D141132d6
Proxy Admin Owner:  0x5078a23B2C95e1B2f7C2Cee9F1Fb5534d473E781

Verifying contract...
Verifying implementation: 0x62908f2640af147a6a4427238B14E6eC4a60b502
Successfully submitted source code for contract
contracts/core/Registry.sol:Registry at 0x62908f2640af147a6a4427238B14E6eC4a60b502
for verification on the block explorer. Waiting for verification result...

Successfully verified contract Registry on the block explorer.
https://goerli.etherscan.io/address/0x62908f2640af147a6a4427238B14E6eC4a60b502#code
Verifying proxy: 0x882a1dd3C74edbBa36AB4f6F651D0AEf20C9C84e
Contract at 0x882a1dd3C74edbBa36AB4f6F651D0AEf20C9C84e already verified.
Linking proxy 0x882a1dd3C74edbBa36AB4f6F651D0AEf20C9C84e with implementation
Successfully linked proxy to implementation.
Verifying proxy admin: 0x6e39553c41662368CEC2171cc4261b3D141132d6
Contract at 0x6e39553c41662368CEC2171cc4261b3D141132d6 already verified.

Proxy fully verified.

Verifying contract...
The contract 0x62908f2640af147a6a4427238B14E6eC4a60b502 has already been verified.
https://goerli.etherscan.io/address/0x62908f2640af147a6a4427238B14E6eC4a60b502#code
[90m
	Validating hasRole(0x815b5a78dc333d344c7df9da23c04dbd432015cc701876ddb9ffe850e6882747,0x5078a23B2C95e1B2f7C2Cee9F1Fb5534d473E781) == true[0m
[32m	âœ… PASSED with Result: true[0m

    ////////////////////////////////////////////////////
            Deploys Allo.sol on goerli
    ////////////////////////////////////////////////////
  
â”Œâ”€â”€â”€â”€â”€â”€â”€â”€â”€â”€â”€â”€â”€â”€â”€â”€â”€â”¬â”€â”€â”€â”€â”€â”€â”€â”€â”€â”€â”€â”€â”€â”€â”€â”€â”€â”€â”€â”€â”€â”€â”€â”€â”€â”€â”€â”€â”€â”€â”€â”€â”€â”€â”€â”€â”€â”€â”€â”€â”€â”€â”€â”€â”€â”€â”
â”‚     (index)     â”‚                    Values                    â”‚
â”œâ”€â”€â”€â”€â”€â”€â”€â”€â”€â”€â”€â”€â”€â”€â”€â”€â”€â”¼â”€â”€â”€â”€â”€â”€â”€â”€â”€â”€â”€â”€â”€â”€â”€â”€â”€â”€â”€â”€â”€â”€â”€â”€â”€â”€â”€â”€â”€â”€â”€â”€â”€â”€â”€â”€â”€â”€â”€â”€â”€â”€â”€â”€â”€â”€â”¤
â”‚    contract     â”‚              'Deploy Allo.sol'               â”‚
â”‚     chainId     â”‚                      5                       â”‚
â”‚     network     â”‚                   'goerli'                   â”‚
â”‚      owner      â”‚ '0x5078a23B2C95e1B2f7C2Cee9F1Fb5534d473E781' â”‚
â”‚    registry     â”‚ '0x882a1dd3C74edbBa36AB4f6F651D0AEf20C9C84e' â”‚
â”‚    treasury     â”‚ '0x5078a23B2C95e1B2f7C2Cee9F1Fb5534d473E781' â”‚
â”‚   percentFee    â”‚                      0                       â”‚
â”‚     baseFee     â”‚                      0                       â”‚
â”‚ deployerAddress â”‚ '0x5078a23B2C95e1B2f7C2Cee9F1Fb5534d473E781' â”‚
â”‚     balance     â”‚            '0.201325288174753998'            â”‚
â””â”€â”€â”€â”€â”€â”€â”€â”€â”€â”€â”€â”€â”€â”€â”€â”€â”€â”´â”€â”€â”€â”€â”€â”€â”€â”€â”€â”€â”€â”€â”€â”€â”€â”€â”€â”€â”€â”€â”€â”€â”€â”€â”€â”€â”€â”€â”€â”€â”€â”€â”€â”€â”€â”€â”€â”€â”€â”€â”€â”€â”€â”€â”€â”€â”˜
Deploying Allo.sol...
Allo Proxy deployed to: 0xbb9f61a42141EF2fD31aE89bF92D674cA7815b01
Registry implementation deployed to: 0xEF6d2a3DD93a69Ec9Dd80d71B2FC045BD98c2ADf
Proxy Admin:  0x6e39553c41662368CEC2171cc4261b3D141132d6
Proxy Admin Owner:  0x5078a23B2C95e1B2f7C2Cee9F1Fb5534d473E781

Verifying contract...
Verifying implementation: 0xEF6d2a3DD93a69Ec9Dd80d71B2FC045BD98c2ADf
Successfully submitted source code for contract
contracts/core/Allo.sol:Allo at 0xEF6d2a3DD93a69Ec9Dd80d71B2FC045BD98c2ADf
for verification on the block explorer. Waiting for verification result...

Successfully verified contract Allo on the block explorer.
https://goerli.etherscan.io/address/0xEF6d2a3DD93a69Ec9Dd80d71B2FC045BD98c2ADf#code
Verifying proxy: 0xbb9f61a42141EF2fD31aE89bF92D674cA7815b01
Contract at 0xbb9f61a42141EF2fD31aE89bF92D674cA7815b01 already verified.
Linking proxy 0xbb9f61a42141EF2fD31aE89bF92D674cA7815b01 with implementation
Successfully linked proxy to implementation.
Verifying proxy admin: 0x6e39553c41662368CEC2171cc4261b3D141132d6
Contract at 0x6e39553c41662368CEC2171cc4261b3D141132d6 already verified.

Proxy fully verified.

Verifying contract...
The contract 0xEF6d2a3DD93a69Ec9Dd80d71B2FC045BD98c2ADf has already been verified.
https://goerli.etherscan.io/address/0xEF6d2a3DD93a69Ec9Dd80d71B2FC045BD98c2ADf#code
[90m
	Validating getRegistry() == 0x882a1dd3C74edbBa36AB4f6F651D0AEf20C9C84e[0m
[32m	âœ… PASSED with Result: 0x882a1dd3C74edbBa36AB4f6F651D0AEf20C9C84e[0m
[90m
	Validating getTreasury() == 0x5078a23B2C95e1B2f7C2Cee9F1Fb5534d473E781[0m
[32m	âœ… PASSED with Result: 0x5078a23B2C95e1B2f7C2Cee9F1Fb5534d473E781[0m
[90m
	Validating getPercentFee() == 0[0m
[32m	âœ… PASSED with Result: 0[0m
[90m
	Validating getBaseFee() == 0[0m
[32m	âœ… PASSED with Result: 0[0m
[90m
	Validating owner() == 0x5078a23B2C95e1B2f7C2Cee9F1Fb5534d473E781[0m
[32m	âœ… PASSED with Result: 0x5078a23B2C95e1B2f7C2Cee9F1Fb5534d473E781[0m
Current Proxy Admin Owner:  0x5078a23B2C95e1B2f7C2Cee9F1Fb5534d473E781

        ////////////////////////////////////////////////////
            TransferProxyAdminOwnership on goerli
        ////////////////////////////////////////////////////
      
â”Œâ”€â”€â”€â”€â”€â”€â”€â”€â”€â”€â”€â”€â”€â”€â”€â”€â”€â”€â”€â”€â”¬â”€â”€â”€â”€â”€â”€â”€â”€â”€â”€â”€â”€â”€â”€â”€â”€â”€â”€â”€â”€â”€â”€â”€â”€â”€â”€â”€â”€â”€â”€â”€â”€â”€â”€â”€â”€â”€â”€â”€â”€â”€â”€â”€â”€â”€â”€â”
â”‚      (index)       â”‚                    Values                    â”‚
â”œâ”€â”€â”€â”€â”€â”€â”€â”€â”€â”€â”€â”€â”€â”€â”€â”€â”€â”€â”€â”€â”¼â”€â”€â”€â”€â”€â”€â”€â”€â”€â”€â”€â”€â”€â”€â”€â”€â”€â”€â”€â”€â”€â”€â”€â”€â”€â”€â”€â”€â”€â”€â”€â”€â”€â”€â”€â”€â”€â”€â”€â”€â”€â”€â”€â”€â”€â”€â”¤
â”‚      contract      â”‚        'TransferProxyAdminOwnership'         â”‚
â”‚      chainId       â”‚                      5                       â”‚
â”‚      network       â”‚                   'goerli'                   â”‚
â”‚        allo        â”‚ '0xbb9f61a42141EF2fD31aE89bF92D674cA7815b01' â”‚
â”‚      registry      â”‚ '0x882a1dd3C74edbBa36AB4f6F651D0AEf20C9C84e' â”‚
â”‚     proxyAdmin     â”‚ '0x6e39553c41662368CEC2171cc4261b3D141132d6' â”‚
â”‚  deployerAddress   â”‚ '0x5078a23B2C95e1B2f7C2Cee9F1Fb5534d473E781' â”‚
â”‚ newProxyAdminOwner â”‚ '0x66Be9a4412ac7a10eF46298B2cA72B42C95e80b4' â”‚
â”‚      balance       â”‚            '0.093564298174753998'            â”‚
â””â”€â”€â”€â”€â”€â”€â”€â”€â”€â”€â”€â”€â”€â”€â”€â”€â”€â”€â”€â”€â”´â”€â”€â”€â”€â”€â”€â”€â”€â”€â”€â”€â”€â”€â”€â”€â”€â”€â”€â”€â”€â”€â”€â”€â”€â”€â”€â”€â”€â”€â”€â”€â”€â”€â”€â”€â”€â”€â”€â”€â”€â”€â”€â”€â”€â”€â”€â”˜
Transfering ProxyAdminOwnership...
âœ” 0x882a1dd3C74edbBa36AB4f6F651D0AEf20C9C84e (transparent) proxy ownership transfered through admin proxy
âœ” 0xbb9f61a42141EF2fD31aE89bF92D674cA7815b01 (transparent) proxy ownership transfered through admin proxy
Proxy Admin Owner Transferred to:  0x66Be9a4412ac7a10eF46298B2cA72B42C95e80b4

            ////////////////////////////////////////////////////
            Core Allo V2 deployed to:
            ======================================
            ContractFactory: 0x05C773d605d19CA33117858c819a8109B176988a
            Registry: 0x882a1dd3C74edbBa36AB4f6F651D0AEf20C9C84e
            Allo: 0xbb9f61a42141EF2fD31aE89bF92D674cA7815b01
            DeploymentFactory: 0x05C773d605d19CA33117858c819a8109B176988a
            ////////////////////////////////////////////////////
          
