WARNING: You are currently using Node.js v21.1.0, which is not supported by Hardhat. This can lead to unexpected behavior. See https://hardhat.org/nodejs-versions



    ////////////////////////////////////////////////////
            Deploys Allo.sol on mumbai
    ////////////////////////////////////////////////////
  
â”Œâ”€â”€â”€â”€â”€â”€â”€â”€â”€â”€â”€â”€â”€â”€â”€â”€â”€â”¬â”€â”€â”€â”€â”€â”€â”€â”€â”€â”€â”€â”€â”€â”€â”€â”€â”€â”€â”€â”€â”€â”€â”€â”€â”€â”€â”€â”€â”€â”€â”€â”€â”€â”€â”€â”€â”€â”€â”€â”€â”€â”€â”€â”€â”€â”€â”
â”‚     (index)     â”‚                    Values                    â”‚
â”œâ”€â”€â”€â”€â”€â”€â”€â”€â”€â”€â”€â”€â”€â”€â”€â”€â”€â”¼â”€â”€â”€â”€â”€â”€â”€â”€â”€â”€â”€â”€â”€â”€â”€â”€â”€â”€â”€â”€â”€â”€â”€â”€â”€â”€â”€â”€â”€â”€â”€â”€â”€â”€â”€â”€â”€â”€â”€â”€â”€â”€â”€â”€â”€â”€â”¤
â”‚    contract     â”‚              'Deploy Allo.sol'               â”‚
â”‚     chainId     â”‚                    80001                     â”‚
â”‚     network     â”‚                   'mumbai'                   â”‚
â”‚      owner      â”‚ '0x00F06079089ca6F56D64682b8F3D4C6b067b612C' â”‚
â”‚    registry     â”‚ '0x4AAcca72145e1dF2aeC137E1f3C5E3D75DB8b5f3' â”‚
â”‚    treasury     â”‚ '0x00F06079089ca6F56D64682b8F3D4C6b067b612C' â”‚
â”‚   percentFee    â”‚                      0                       â”‚
â”‚     baseFee     â”‚                      0                       â”‚
â”‚ deployerAddress â”‚ '0x8C180840fcBb90CE8464B4eCd12ab0f840c6647C' â”‚
â”‚     balance     â”‚             '8.890447409999664'              â”‚
â””â”€â”€â”€â”€â”€â”€â”€â”€â”€â”€â”€â”€â”€â”€â”€â”€â”€â”´â”€â”€â”€â”€â”€â”€â”€â”€â”€â”€â”€â”€â”€â”€â”€â”€â”€â”€â”€â”€â”€â”€â”€â”€â”€â”€â”€â”€â”€â”€â”€â”€â”€â”€â”€â”€â”€â”€â”€â”€â”€â”€â”€â”€â”€â”€â”˜
Deploying Allo.sol...
Allo Proxy deployed to: 0x1133eA7Af70876e64665ecD07C0A0476d09465a1
Registry implementation deployed to: 0xB087535DB0df98fC4327136e897A5985E5Cfbd66
Proxy Admin:  0x758b87af7fdB4783f848a1dDEa1F025dC48B9858
Proxy Admin Owner:  0x8C180840fcBb90CE8464B4eCd12ab0f840c6647C

Verifying contract...
Verifying implementation: 0xB087535DB0df98fC4327136e897A5985E5Cfbd66
Failed to verify implementation contract at 0xB087535DB0df98fC4327136e897A5985E5Cfbd66: Error!
Verifying proxy: 0x1133eA7Af70876e64665ecD07C0A0476d09465a1
Failed to verify TransparentUpgradeableProxy contract at 0x1133eA7Af70876e64665ecD07C0A0476d09465a1: Error!
Linking proxy 0x1133eA7Af70876e64665ecD07C0A0476d09465a1 with implementation
Failed to link proxy 0x1133eA7Af70876e64665ecD07C0A0476d09465a1 with its implementation. Reason: Error!
Verifying proxy admin: 0x758b87af7fdB4783f848a1dDEa1F025dC48B9858
Failed to verify ProxyAdmin contract at 0x758b87af7fdB4783f848a1dDEa1F025dC48B9858: Error!
Error: 
Verification completed with the following errors.

Error 1: Failed to verify implementation contract at 0xB087535DB0df98fC4327136e897A5985E5Cfbd66: Error!

Error 2: Failed to verify TransparentUpgradeableProxy contract at 0x1133eA7Af70876e64665ecD07C0A0476d09465a1: Error!

Error 3: Failed to link proxy 0x1133eA7Af70876e64665ecD07C0A0476d09465a1 with its implementation. Reason: Error!

Error 4: Failed to verify ProxyAdmin contract at 0x758b87af7fdB4783f848a1dDEa1F025dC48B9858: Error!



Verifying contract...
HardhatVerifyError: Error!
    at Etherscan.verify (/home/kurt/git/allo/allo-v2/node_modules/@nomicfoundation/hardhat-verify/src/internal/etherscan.ts:173:13)
    at processTicksAndRejections (node:internal/process/task_queues:95:5)
    at async SimpleTaskDefinition.action (/home/kurt/git/allo/allo-v2/node_modules/@nomicfoundation/hardhat-verify/src/index.ts:471:33)
    at async Environment._runTaskDefinition (/home/kurt/git/allo/allo-v2/node_modules/hardhat/src/internal/core/runtime-environment.ts:358:14)
    at async Environment.run (/home/kurt/git/allo/allo-v2/node_modules/hardhat/src/internal/core/runtime-environment.ts:191:14)
    at async SimpleTaskDefinition.action (/home/kurt/git/allo/allo-v2/node_modules/@nomicfoundation/hardhat-verify/src/index.ts:298:9)
    at async Environment._runTaskDefinition (/home/kurt/git/allo/allo-v2/node_modules/hardhat/src/internal/core/runtime-environment.ts:358:14)
    at async hardhatVerify (/home/kurt/git/allo/allo-v2/node_modules/@openzeppelin/hardhat-upgrades/src/verify-proxy.ts:118:12)
    at async OverriddenTaskDefinition._action (/home/kurt/git/allo/allo-v2/node_modules/@openzeppelin/hardhat-upgrades/src/index.ts:198:12)
    at async Environment._runTaskDefinition (/home/kurt/git/allo/allo-v2/node_modules/hardhat/src/internal/core/runtime-environment.ts:358:14)
[90m
	Validating getRegistry() == 0x4AAcca72145e1dF2aeC137E1f3C5E3D75DB8b5f3[0m
[32m	âœ… PASSED with Result: 0x4AAcca72145e1dF2aeC137E1f3C5E3D75DB8b5f3[0m
[90m
	Validating getTreasury() == 0x00F06079089ca6F56D64682b8F3D4C6b067b612C[0m
[32m	âœ… PASSED with Result: 0x00F06079089ca6F56D64682b8F3D4C6b067b612C[0m
[90m
	Validating getPercentFee() == 0[0m
[32m	âœ… PASSED with Result: 0[0m
[90m
	Validating getBaseFee() == 0[0m
[32m	âœ… PASSED with Result: 0[0m
[90m
	Validating owner() == 0x00F06079089ca6F56D64682b8F3D4C6b067b612C[0m
[32m	âœ… PASSED with Result: 0x00F06079089ca6F56D64682b8F3D4C6b067b612C[0m
