20231102_190915 - Executing: bun hardhat run scripts/strategies/_deployAllStrategies.ts --network goerli | tee ./reports/deployment-logs/strategies/20231102_190915/deploy-goerli.log
20231102_191323 - Executing: bun hardhat run scripts/strategies/_deployAllStrategies.ts --network sepolia | tee ./reports/deployment-logs/strategies/20231102_190915/deploy-sepolia_20231102_190915.log
20231102_191740 - Executing: bun hardhat run scripts/strategies/_deployAllStrategies.ts --network arbitrum-goerli | tee ./reports/deployment-logs/strategies/20231102_190915/deploy-arbitrum-goerli_20231102_190915.log
20231102_192120 - Executing: bun hardhat run scripts/strategies/_deployAllStrategies.ts --network optimism-goerli | tee ./reports/deployment-logs/strategies/20231102_190915/deploy-optimism-goerli_20231102_190915.log
20231102_192432 - Executing: bun hardhat run scripts/strategies/_deployAllStrategies.ts --network base-testnet | tee ./reports/deployment-logs/strategies/20231102_190915/deploy-base-testnet_20231102_190915.log
20231102_193144 - Executing: bun hardhat run scripts/strategies/_deployAllStrategies.ts --network celo-testnet | tee ./reports/deployment-logs/strategies/20231102_190915/deploy-celo-testnet_20231102_190915.log
20231102_193712 - Executing: bun hardhat run scripts/strategies/_deployAllStrategies.ts --network mumbai | tee ./reports/deployment-logs/strategies/20231102_190915/deploy-mumbai_20231102_190915.log
20231102_194255 - Deployment finished with 0 error(s)
20231102_194606 - Executing: bun hardhat run scripts/strategies/_deployAllStrategies.ts --network goerli | tee ./reports/deployment-logs/strategies/20231102_194606/deploy-goerli.log
20231102_195016 - Executing: bun hardhat run scripts/strategies/_deployAllStrategies.ts --network sepolia | tee ./reports/deployment-logs/strategies/20231102_194606/deploy-sepolia_20231102_194606.log
20231102_195349 - Executing: bun hardhat run scripts/strategies/_deployAllStrategies.ts --network arbitrum-goerli | tee ./reports/deployment-logs/strategies/20231102_194606/deploy-arbitrum-goerli_20231102_194606.log
20231102_195703 - Executing: bun hardhat run scripts/strategies/_deployAllStrategies.ts --network optimism-goerli | tee ./reports/deployment-logs/strategies/20231102_194606/deploy-optimism-goerli_20231102_194606.log
20231102_200010 - Deployment finished with 0 error(s)
20231102_200404 - Executing: bun hardhat run scripts/strategies/_deployAllStrategies.ts --network goerli | tee ./reports/deployment-logs/strategies/20231102_200404/deploy-goerli.log
20231102_201150 - Executing: bun hardhat run scripts/strategies/_deployAllStrategies.ts --network sepolia | tee ./reports/deployment-logs/strategies/20231102_200404/deploy-sepolia_20231102_200404.log
20231102_201840 - Executing: bun hardhat run scripts/strategies/_deployAllStrategies.ts --network optimism-goerli | tee ./reports/deployment-logs/strategies/20231102_200404/deploy-optimism-goerli_20231102_200404.log
20231102_202414 - Executing: bun hardhat run scripts/strategies/_deployAllStrategies.ts --network base-testnet | tee ./reports/deployment-logs/strategies/20231102_200404/deploy-base-testnet_20231102_200404.log
20231102_203046 - Executing: bun hardhat run scripts/strategies/_deployAllStrategies.ts --network celo-testnet | tee ./reports/deployment-logs/strategies/20231102_200404/deploy-celo-testnet_20231102_200404.log
20231102_203642 - Executing: bun hardhat run scripts/strategies/_deployAllStrategies.ts --network mumbai | tee ./reports/deployment-logs/strategies/20231102_200404/deploy-mumbai_20231102_200404.log
20231102_204218 - Deployment finished with 0 error(s)
