
    ////////////////////////////////////////////////////
      Deploys QVImpactStreamStrategy.sol on goerli
    ////////////////////////////////////////////////////
  
â”Œâ”€â”€â”€â”€â”€â”€â”€â”€â”€â”€â”€â”€â”€â”€â”€â”€â”€â”¬â”€â”€â”€â”€â”€â”€â”€â”€â”€â”€â”€â”€â”€â”€â”€â”€â”€â”€â”€â”€â”€â”€â”€â”€â”€â”€â”€â”€â”€â”€â”€â”€â”€â”€â”€â”€â”€â”€â”€â”€â”€â”€â”€â”€â”€â”€â”
â”‚     (index)     â”‚                    Values                    â”‚
â”œâ”€â”€â”€â”€â”€â”€â”€â”€â”€â”€â”€â”€â”€â”€â”€â”€â”€â”¼â”€â”€â”€â”€â”€â”€â”€â”€â”€â”€â”€â”€â”€â”€â”€â”€â”€â”€â”€â”€â”€â”€â”€â”€â”€â”€â”€â”€â”€â”€â”€â”€â”€â”€â”€â”€â”€â”€â”€â”€â”€â”€â”€â”€â”€â”€â”¤
â”‚    contract     â”‚         'QVImpactStreamStrategy.sol'         â”‚
â”‚     chainId     â”‚                      5                       â”‚
â”‚     network     â”‚                   'goerli'                   â”‚
â”‚ deployerAddress â”‚ '0x8C180840fcBb90CE8464B4eCd12ab0f840c6647C' â”‚
â”‚     balance     â”‚                 '1.7616373'                  â”‚
â””â”€â”€â”€â”€â”€â”€â”€â”€â”€â”€â”€â”€â”€â”€â”€â”€â”€â”´â”€â”€â”€â”€â”€â”€â”€â”€â”€â”€â”€â”€â”€â”€â”€â”€â”€â”€â”€â”€â”€â”€â”€â”€â”€â”€â”€â”€â”€â”€â”€â”€â”€â”€â”€â”€â”€â”€â”€â”€â”€â”€â”€â”€â”€â”€â”˜
Deploying QVImpactStreamStrategy.sol
[35mContract QVImpactStreamStrategy deployed at address: 0x53546C765f8c71Cc0Ec4236a9Bf71603BB6193F7[0m

Verifying contract...
Successfully submitted source code for contract
contracts/strategies/_poc/qv-impact-stream/QVImpactStreamStrategy.sol:QVImpactStreamStrategy at 0x53546C765f8c71Cc0Ec4236a9Bf71603BB6193F7
for verification on the block explorer. Waiting for verification result...

Successfully verified contract QVImpactStreamStrategy on the block explorer.
https://goerli.etherscan.io/address/0x53546C765f8c71Cc0Ec4236a9Bf71603BB6193F7#code
[90m
	Validating getAllo() == 0x1133eA7Af70876e64665ecD07C0A0476d09465a1[0m
[32m	âœ… PASSED with Result: 0x1133eA7Af70876e64665ecD07C0A0476d09465a1[0m
[90m
	Validating getStrategyId() == 0xabfcca1d30fa9e47a7dc8a1f68d063e23414e0122a16b4bd765033a08d7d37e7[0m
[32m	âœ… PASSED with Result: 0xabfcca1d30fa9e47a7dc8a1f68d063e23414e0122a16b4bd765033a08d7d37e7[0m
