
    ////////////////////////////////////////////////////
            Deploys Registry.sol on degen
    ////////////////////////////////////////////////////
  
â”Œâ”€â”€â”€â”€â”€â”€â”€â”€â”€â”€â”€â”€â”€â”€â”€â”€â”€â”¬â”€â”€â”€â”€â”€â”€â”€â”€â”€â”€â”€â”€â”€â”€â”€â”€â”€â”€â”€â”€â”€â”€â”€â”€â”€â”€â”€â”€â”€â”€â”€â”€â”€â”€â”€â”€â”€â”€â”€â”€â”€â”€â”€â”€â”€â”€â”
â”‚     (index)     â”‚                    Values                    â”‚
â”œâ”€â”€â”€â”€â”€â”€â”€â”€â”€â”€â”€â”€â”€â”€â”€â”€â”€â”¼â”€â”€â”€â”€â”€â”€â”€â”€â”€â”€â”€â”€â”€â”€â”€â”€â”€â”€â”€â”€â”€â”€â”€â”€â”€â”€â”€â”€â”€â”€â”€â”€â”€â”€â”€â”€â”€â”€â”€â”€â”€â”€â”€â”€â”€â”€â”¤
â”‚    contract     â”‚                'Registry.sol'                â”‚
â”‚     chainId     â”‚                  666666666                   â”‚
â”‚     network     â”‚                   'degen'                    â”‚
â”‚ deployerAddress â”‚ '0x8C180840fcBb90CE8464B4eCd12ab0f840c6647C' â”‚
â”‚  registryOwner  â”‚ '0x8C180840fcBb90CE8464B4eCd12ab0f840c6647C' â”‚
â”‚     balance     â”‚                   '1000.0'                   â”‚
â””â”€â”€â”€â”€â”€â”€â”€â”€â”€â”€â”€â”€â”€â”€â”€â”€â”€â”´â”€â”€â”€â”€â”€â”€â”€â”€â”€â”€â”€â”€â”€â”€â”€â”€â”€â”€â”€â”€â”€â”€â”€â”€â”€â”€â”€â”€â”€â”€â”€â”€â”€â”€â”€â”€â”€â”€â”€â”€â”€â”€â”€â”€â”€â”€â”˜
Deploying Registry...
Registry proxy deployed to: 0x4AAcca72145e1dF2aeC137E1f3C5E3D75DB8b5f3
Registry implementation deployed to: 0xA3Fd7042F83960398De6ceddbf513F8cac877cbE
Proxy Admin:  0x758b87af7fdB4783f848a1dDEa1F025dC48B9858
Proxy Admin Owner:  0x8C180840fcBb90CE8464B4eCd12ab0f840c6647C

Verifying contract...
Verifying implementation: 0xA3Fd7042F83960398De6ceddbf513F8cac877cbE
Successfully submitted source code for contract
contracts/core/Registry.sol:Registry at 0xA3Fd7042F83960398De6ceddbf513F8cac877cbE
for verification on the block explorer. Waiting for verification result...

Successfully verified contract Registry on the block explorer.
https://explorer.degen.tips/address/0xA3Fd7042F83960398De6ceddbf513F8cac877cbE#code
Verifying proxy: 0x4AAcca72145e1dF2aeC137E1f3C5E3D75DB8b5f3
Could not find an event with any of the following topics in the logs for address 0x4AAcca72145e1dF2aeC137E1f3C5E3D75DB8b5f3: AdminChanged(address,address), Upgraded(address)

If the proxy was recently deployed, the transaction may not be available on Etherscan yet. Try running the verify task again after waiting a few blocks.
Failed to verify directly using hardhat verify: The contract you want to verify was compiled with solidity 0.8.9, but your configured compiler version is: 0.8.19.

Possible causes are:
- You are not in the same commit that was used to deploy the contract.
- Wrong compiler version selected in hardhat config.
- The given address is wrong.
- The selected network (degen) is wrong.
Linking proxy 0x4AAcca72145e1dF2aeC137E1f3C5E3D75DB8b5f3 with implementation
Error: Etherscan API call failed with status 500, response: {"message":"Something went wrong.","result":null,"status":"0"}



Verifying contract...
The contract 0xA3Fd7042F83960398De6ceddbf513F8cac877cbE has already been verified.
https://explorer.degen.tips/address/0xA3Fd7042F83960398De6ceddbf513F8cac877cbE#code
[90m
	Validating hasRole(0x815b5a78dc333d344c7df9da23c04dbd432015cc701876ddb9ffe850e6882747,0x8C180840fcBb90CE8464B4eCd12ab0f840c6647C) == true[0m
[32m	âœ… PASSED with Result: true[0m
