
    ////////////////////////////////////////////////////
      Deploys DirectAllocationStrategy.sol on sei-mainnet
    ////////////////////////////////////////////////////
  
â”Œâ”€â”€â”€â”€â”€â”€â”€â”€â”€â”€â”€â”€â”€â”€â”€â”€â”€â”¬â”€â”€â”€â”€â”€â”€â”€â”€â”€â”€â”€â”€â”€â”€â”€â”€â”€â”€â”€â”€â”€â”€â”€â”€â”€â”€â”€â”€â”€â”€â”€â”€â”€â”€â”€â”€â”€â”€â”€â”€â”€â”€â”€â”€â”€â”€â”
â”‚     (index)     â”‚                    Values                    â”‚
â”œâ”€â”€â”€â”€â”€â”€â”€â”€â”€â”€â”€â”€â”€â”€â”€â”€â”€â”¼â”€â”€â”€â”€â”€â”€â”€â”€â”€â”€â”€â”€â”€â”€â”€â”€â”€â”€â”€â”€â”€â”€â”€â”€â”€â”€â”€â”€â”€â”€â”€â”€â”€â”€â”€â”€â”€â”€â”€â”€â”€â”€â”€â”€â”€â”€â”¤
â”‚    contract     â”‚        'DirectAllocationStrategy.sol'        â”‚
â”‚     chainId     â”‚                     1329                     â”‚
â”‚     network     â”‚                'sei-mainnet'                 â”‚
â”‚ deployerAddress â”‚ '0x8C180840fcBb90CE8464B4eCd12ab0f840c6647C' â”‚
â”‚     balance     â”‚           '61.067568579000000001'            â”‚
â””â”€â”€â”€â”€â”€â”€â”€â”€â”€â”€â”€â”€â”€â”€â”€â”€â”€â”´â”€â”€â”€â”€â”€â”€â”€â”€â”€â”€â”€â”€â”€â”€â”€â”€â”€â”€â”€â”€â”€â”€â”€â”€â”€â”€â”€â”€â”€â”€â”€â”€â”€â”€â”€â”€â”€â”€â”€â”€â”€â”€â”€â”€â”€â”€â”˜
Deploying DirectAllocationStrategy.sol
[35mContract DirectAllocationStrategy deployed at address: 0x1cfa7A687cd18b99D255bFc25930d3a0b05EB00F[0m

Verifying contract...
SyntaxError: Unexpected token < in JSON at position 0
    at JSON.parse (<anonymous>)
    at consumeEnd (/Users/thelostone-mc/Labs/allo/allo-v2/node_modules/.pnpm/undici@5.28.3/node_modules/undici/lib/api/readable.js:276:20)
    at BodyReadable.<anonymous> (/Users/thelostone-mc/Labs/allo/allo-v2/node_modules/.pnpm/undici@5.28.3/node_modules/undici/lib/api/readable.js:258:7)
    at BodyReadable.emit (node:events:517:28)
    at BodyReadable.emit (node:domain:489:12)
    at BodyReadable.emit (/Users/thelostone-mc/Labs/allo/allo-v2/node_modules/.pnpm/undici@5.28.3/node_modules/undici/lib/api/readable.js:73:18)
    at endReadableNT (node:internal/streams/readable:1400:12)
    at processTicksAndRejections (node:internal/process/task_queues:82:21)
[90m
	Validating getAllo() == 0x1133eA7Af70876e64665ecD07C0A0476d09465a1[0m
[32m	âœ… PASSED with Result: 0x1133eA7Af70876e64665ecD07C0A0476d09465a1[0m
[90m
	Validating getStrategyId() == 0x4cd0051913234cdd7d165b208851240d334786d6e5afbb4d0eec203515a9c6f3[0m
[32m	âœ… PASSED with Result: 0x4cd0051913234cdd7d165b208851240d334786d6e5afbb4d0eec203515a9c6f3[0m
Adding DirectAllocationStrategy v1.1 to cloneable strategies...
DirectAllocationStrategy v1.1 added to cloneable strategies.
