
    ////////////////////////////////////////////////////
      Deploys DonationVotingMerkleDistributionDirectTransferStrategy.sol on sei-devnet
    ////////////////////////////////////////////////////
  
â”Œâ”€â”€â”€â”€â”€â”€â”€â”€â”€â”€â”€â”€â”€â”€â”€â”€â”€â”¬â”€â”€â”€â”€â”€â”€â”€â”€â”€â”€â”€â”€â”€â”€â”€â”€â”€â”€â”€â”€â”€â”€â”€â”€â”€â”€â”€â”€â”€â”€â”€â”€â”€â”€â”€â”€â”€â”€â”€â”€â”€â”€â”€â”€â”€â”€â”€â”€â”€â”€â”€â”€â”€â”€â”€â”€â”€â”€â”€â”€â”€â”€â”
â”‚     (index)     â”‚                            Values                            â”‚
â”œâ”€â”€â”€â”€â”€â”€â”€â”€â”€â”€â”€â”€â”€â”€â”€â”€â”€â”¼â”€â”€â”€â”€â”€â”€â”€â”€â”€â”€â”€â”€â”€â”€â”€â”€â”€â”€â”€â”€â”€â”€â”€â”€â”€â”€â”€â”€â”€â”€â”€â”€â”€â”€â”€â”€â”€â”€â”€â”€â”€â”€â”€â”€â”€â”€â”€â”€â”€â”€â”€â”€â”€â”€â”€â”€â”€â”€â”€â”€â”€â”€â”¤
â”‚    contract     â”‚ 'DonationVotingMerkleDistributionDirectTransferStrategy.sol' â”‚
â”‚     chainId     â”‚                            713715                            â”‚
â”‚     network     â”‚                         'sei-devnet'                         â”‚
â”‚ deployerAddress â”‚         '0x8C180840fcBb90CE8464B4eCd12ab0f840c6647C'         â”‚
â”‚     balance     â”‚                         '1.48982187'                         â”‚
â””â”€â”€â”€â”€â”€â”€â”€â”€â”€â”€â”€â”€â”€â”€â”€â”€â”€â”´â”€â”€â”€â”€â”€â”€â”€â”€â”€â”€â”€â”€â”€â”€â”€â”€â”€â”€â”€â”€â”€â”€â”€â”€â”€â”€â”€â”€â”€â”€â”€â”€â”€â”€â”€â”€â”€â”€â”€â”€â”€â”€â”€â”€â”€â”€â”€â”€â”€â”€â”€â”€â”€â”€â”€â”€â”€â”€â”€â”€â”€â”€â”˜
Deploying DonationVotingMerkleDistributionDirectTransferStrategy.sol
[35mContract DonationVotingMerkleDistributionDirectTransferStrategy deployed at address: 0x85B9F17a1aD7a55B1F03fB62c0CE89b4a6aAf927[0m

Verifying contract...
MissingApiKeyError: You are trying to verify a contract in 'sei-devnet', but no API token was found for this network. Please provide one in your hardhat config. For example:

{
  ...
  etherscan: {
    apiKey: {
      sei-devnet: 'your API key'
    }
  }
}

See https://etherscan.io/apis
    at resolveApiKey (/home/kurt/git/allo/allo-v2/node_modules/@nomicfoundation/hardhat-verify/src/internal/etherscan.ts:290:11)
    at Function.fromChainConfig (/home/kurt/git/allo/allo-v2/node_modules/@nomicfoundation/hardhat-verify/src/internal/etherscan.ts:75:28)
    at SimpleTaskDefinition.action (/home/kurt/git/allo/allo-v2/node_modules/@nomicfoundation/hardhat-verify/src/index.ts:240:35)
    at processTicksAndRejections (node:internal/process/task_queues:95:5)
    at async Environment._runTaskDefinition (/home/kurt/git/allo/allo-v2/node_modules/hardhat/src/internal/core/runtime-environment.ts:359:14)
    at async hardhatVerify (/home/kurt/git/allo/allo-v2/node_modules/@openzeppelin/hardhat-upgrades/src/verify-proxy.ts:118:12)
    at async OverriddenTaskDefinition._action (/home/kurt/git/allo/allo-v2/node_modules/@openzeppelin/hardhat-upgrades/src/index.ts:206:12)
    at async Environment._runTaskDefinition (/home/kurt/git/allo/allo-v2/node_modules/hardhat/src/internal/core/runtime-environment.ts:359:14)
    at async Environment.run (/home/kurt/git/allo/allo-v2/node_modules/hardhat/src/internal/core/runtime-environment.ts:192:14)
    at async SimpleTaskDefinition.action (/home/kurt/git/allo/allo-v2/node_modules/@nomicfoundation/hardhat-verify/src/index.ts:546:7)
[90m
	Validating getAllo() == 0x1133eA7Af70876e64665ecD07C0A0476d09465a1[0m
[32m	âœ… PASSED with Result: 0x1133eA7Af70876e64665ecD07C0A0476d09465a1[0m
[90m
	Validating getStrategyId() == 0x9fa6890423649187b1f0e8bf4265f0305ce99523c3d11aa36b35a54617bb0ec0[0m
[32m	âœ… PASSED with Result: 0x9fa6890423649187b1f0e8bf4265f0305ce99523c3d11aa36b35a54617bb0ec0[0m
[90m
	Validating PERMIT2() == 0xC1087157eF2aaeBcaDB913251EA5B82c678424F7[0m
[32m	âœ… PASSED with Result: 0xC1087157eF2aaeBcaDB913251EA5B82c678424F7[0m
