
    ////////////////////////////////////////////////////
      Deploys DirectGrantsSimpleStrategy.sol on lukso-mainnet
    ////////////////////////////////////////////////////
  
â”Œâ”€â”€â”€â”€â”€â”€â”€â”€â”€â”€â”€â”€â”€â”€â”€â”€â”€â”¬â”€â”€â”€â”€â”€â”€â”€â”€â”€â”€â”€â”€â”€â”€â”€â”€â”€â”€â”€â”€â”€â”€â”€â”€â”€â”€â”€â”€â”€â”€â”€â”€â”€â”€â”€â”€â”€â”€â”€â”€â”€â”€â”€â”€â”€â”€â”
â”‚     (index)     â”‚                    Values                    â”‚
â”œâ”€â”€â”€â”€â”€â”€â”€â”€â”€â”€â”€â”€â”€â”€â”€â”€â”€â”¼â”€â”€â”€â”€â”€â”€â”€â”€â”€â”€â”€â”€â”€â”€â”€â”€â”€â”€â”€â”€â”€â”€â”€â”€â”€â”€â”€â”€â”€â”€â”€â”€â”€â”€â”€â”€â”€â”€â”€â”€â”€â”€â”€â”€â”€â”€â”¤
â”‚    contract     â”‚       'DirectGrantsSimpleStrategy.sol'       â”‚
â”‚     chainId     â”‚                      42                      â”‚
â”‚     network     â”‚               'lukso-mainnet'                â”‚
â”‚ deployerAddress â”‚ '0x8C180840fcBb90CE8464B4eCd12ab0f840c6647C' â”‚
â”‚     balance     â”‚           '76.287218371193966321'            â”‚
â””â”€â”€â”€â”€â”€â”€â”€â”€â”€â”€â”€â”€â”€â”€â”€â”€â”€â”´â”€â”€â”€â”€â”€â”€â”€â”€â”€â”€â”€â”€â”€â”€â”€â”€â”€â”€â”€â”€â”€â”€â”€â”€â”€â”€â”€â”€â”€â”€â”€â”€â”€â”€â”€â”€â”€â”€â”€â”€â”€â”€â”€â”€â”€â”€â”˜
Deploying DirectGrantsSimpleStrategy.sol
[35mContract DirectGrantsSimpleStrategy deployed at address: 0x26D804CA8a571409a7e2c807a1fDd5d6D3b34046[0m

Verifying contract...
Successfully submitted source code for contract
contracts/strategies/_poc/direct-grants-simple/DirectGrantsSimpleStrategy.sol:DirectGrantsSimpleStrategy at 0x26D804CA8a571409a7e2c807a1fDd5d6D3b34046
for verification on the block explorer. Waiting for verification result...

Successfully verified contract DirectGrantsSimpleStrategy on the block explorer.
https://explorer.execution.mainnet.lukso.network/address/0x26D804CA8a571409a7e2c807a1fDd5d6D3b34046#code
[90m
	Validating getAllo() == 0xB087535DB0df98fC4327136e897A5985E5Cfbd66[0m
[32m	âœ… PASSED with Result: 0xB087535DB0df98fC4327136e897A5985E5Cfbd66[0m
[90m
	Validating getStrategyId() == 0x53fb9d3bce0956ca2db5bb1441f5ca23050cb1973b33789e04a5978acfd9ca93[0m
[32m	âœ… PASSED with Result: 0x53fb9d3bce0956ca2db5bb1441f5ca23050cb1973b33789e04a5978acfd9ca93[0m
