Warning: Unreachable code.
   --> contracts/strategies/BaseStrategy.sol:174:9:
    |
174 |         _afterRegisterRecipient(_data, _sender);
    |         ^^^^^^^^^^^^^^^^^^^^^^^^^^^^^^^^^^^^^^^


Compiled 112 Solidity files successfully (evm target: paris).

    ////////////////////////////////////////////////////
    Deploy core Allo V2 contracts to arbitrum-goerli
    ======================================
    - ContractFactory (used for strategy deployments)
    - Registry
    - Allo
    - TransferProxyAdminOwnership
    ////////////////////////////////////////////////////
  

    ////////////////////////////////////////////////////
        Deploys ContractFactory.sol on arbitrum-goerli
    ////////////////////////////////////////////////////
  
â”Œâ”€â”€â”€â”€â”€â”€â”€â”€â”€â”€â”€â”€â”€â”€â”€â”€â”€â”¬â”€â”€â”€â”€â”€â”€â”€â”€â”€â”€â”€â”€â”€â”€â”€â”€â”€â”€â”€â”€â”€â”€â”€â”€â”€â”€â”€â”€â”€â”€â”€â”€â”€â”€â”€â”€â”€â”€â”€â”€â”€â”€â”€â”€â”€â”€â”
â”‚     (index)     â”‚                    Values                    â”‚
â”œâ”€â”€â”€â”€â”€â”€â”€â”€â”€â”€â”€â”€â”€â”€â”€â”€â”€â”¼â”€â”€â”€â”€â”€â”€â”€â”€â”€â”€â”€â”€â”€â”€â”€â”€â”€â”€â”€â”€â”€â”€â”€â”€â”€â”€â”€â”€â”€â”€â”€â”€â”€â”€â”€â”€â”€â”€â”€â”€â”€â”€â”€â”€â”€â”€â”¤
â”‚    contract     â”‚         'Deploy ContractFactory.sol'         â”‚
â”‚     chainId     â”‚                    421613                    â”‚
â”‚     network     â”‚              'arbitrum-goerli'               â”‚
â”‚ deployerAddress â”‚ '0x5078a23B2C95e1B2f7C2Cee9F1Fb5534d473E781' â”‚
â”‚     balance     â”‚               '0.993833278502'               â”‚
â””â”€â”€â”€â”€â”€â”€â”€â”€â”€â”€â”€â”€â”€â”€â”€â”€â”€â”´â”€â”€â”€â”€â”€â”€â”€â”€â”€â”€â”€â”€â”€â”€â”€â”€â”€â”€â”€â”€â”€â”€â”€â”€â”€â”€â”€â”€â”€â”€â”€â”€â”€â”€â”€â”€â”€â”€â”€â”€â”€â”€â”€â”€â”€â”€â”˜
Deploying ContractFactory.sol...
ContractFactory deployed to: 0xA4f93a983C6D930f16740B604991853bCf3Bf92e

Verifying contract...
Successfully submitted source code for contract
contracts/factory/ContractFactory.sol:ContractFactory at 0xA4f93a983C6D930f16740B604991853bCf3Bf92e
for verification on the block explorer. Waiting for verification result...

Successfully verified contract ContractFactory on the block explorer.
https://arbiscan.io/address/0xA4f93a983C6D930f16740B604991853bCf3Bf92e#code
[90m
	Validating isDeployer(0x5078a23B2C95e1B2f7C2Cee9F1Fb5534d473E781) == true[0m
[32m	âœ… PASSED with Result: true[0m

    ////////////////////////////////////////////////////
            Deploys Registry.sol on arbitrum-goerli
    ////////////////////////////////////////////////////
  
â”Œâ”€â”€â”€â”€â”€â”€â”€â”€â”€â”€â”€â”€â”€â”€â”€â”€â”€â”¬â”€â”€â”€â”€â”€â”€â”€â”€â”€â”€â”€â”€â”€â”€â”€â”€â”€â”€â”€â”€â”€â”€â”€â”€â”€â”€â”€â”€â”€â”€â”€â”€â”€â”€â”€â”€â”€â”€â”€â”€â”€â”€â”€â”€â”€â”€â”
â”‚     (index)     â”‚                    Values                    â”‚
â”œâ”€â”€â”€â”€â”€â”€â”€â”€â”€â”€â”€â”€â”€â”€â”€â”€â”€â”¼â”€â”€â”€â”€â”€â”€â”€â”€â”€â”€â”€â”€â”€â”€â”€â”€â”€â”€â”€â”€â”€â”€â”€â”€â”€â”€â”€â”€â”€â”€â”€â”€â”€â”€â”€â”€â”€â”€â”€â”€â”€â”€â”€â”€â”€â”€â”¤
â”‚    contract     â”‚                'Registry.sol'                â”‚
â”‚     chainId     â”‚                    421613                    â”‚
â”‚     network     â”‚              'arbitrum-goerli'               â”‚
â”‚ deployerAddress â”‚ '0x5078a23B2C95e1B2f7C2Cee9F1Fb5534d473E781' â”‚
â”‚  registryOwner  â”‚ '0x5078a23B2C95e1B2f7C2Cee9F1Fb5534d473E781' â”‚
â”‚     balance     â”‚               '0.993797747302'               â”‚
â””â”€â”€â”€â”€â”€â”€â”€â”€â”€â”€â”€â”€â”€â”€â”€â”€â”€â”´â”€â”€â”€â”€â”€â”€â”€â”€â”€â”€â”€â”€â”€â”€â”€â”€â”€â”€â”€â”€â”€â”€â”€â”€â”€â”€â”€â”€â”€â”€â”€â”€â”€â”€â”€â”€â”€â”€â”€â”€â”€â”€â”€â”€â”€â”€â”˜
Deploying Registry...
Registry proxy deployed to: 0xAd563f1d1e1C20E05E644AcCD2a17e2FfeEDEf01
Registry implementation deployed to: 0x7e874e7F858B17E885ba5c29A68d870Ed05C1C0b
Proxy Admin:  0xFff2b67465da6885E30c0E901fA111E0E54B2d3d
Proxy Admin Owner:  0x5078a23B2C95e1B2f7C2Cee9F1Fb5534d473E781

Verifying contract...
Verifying implementation: 0x7e874e7F858B17E885ba5c29A68d870Ed05C1C0b
Successfully submitted source code for contract
contracts/core/Registry.sol:Registry at 0x7e874e7F858B17E885ba5c29A68d870Ed05C1C0b
for verification on the block explorer. Waiting for verification result...

Successfully verified contract Registry on the block explorer.
https://arbiscan.io/address/0x7e874e7F858B17E885ba5c29A68d870Ed05C1C0b#code
Verifying proxy: 0xAd563f1d1e1C20E05E644AcCD2a17e2FfeEDEf01
Contract at 0xAd563f1d1e1C20E05E644AcCD2a17e2FfeEDEf01 already verified.
Linking proxy 0xAd563f1d1e1C20E05E644AcCD2a17e2FfeEDEf01 with implementation
Successfully linked proxy to implementation.
Verifying proxy admin: 0xFff2b67465da6885E30c0E901fA111E0E54B2d3d
Contract at 0xFff2b67465da6885E30c0E901fA111E0E54B2d3d already verified.

Proxy fully verified.

Verifying contract...
The contract 0x7e874e7F858B17E885ba5c29A68d870Ed05C1C0b has already been verified.
https://arbiscan.io/address/0x7e874e7F858B17E885ba5c29A68d870Ed05C1C0b#code
[90m
	Validating hasRole(0x815b5a78dc333d344c7df9da23c04dbd432015cc701876ddb9ffe850e6882747,0x5078a23B2C95e1B2f7C2Cee9F1Fb5534d473E781) == true[0m
[32m	âœ… PASSED with Result: true[0m

    ////////////////////////////////////////////////////
            Deploys Allo.sol on arbitrum-goerli
    ////////////////////////////////////////////////////
  
â”Œâ”€â”€â”€â”€â”€â”€â”€â”€â”€â”€â”€â”€â”€â”€â”€â”€â”€â”¬â”€â”€â”€â”€â”€â”€â”€â”€â”€â”€â”€â”€â”€â”€â”€â”€â”€â”€â”€â”€â”€â”€â”€â”€â”€â”€â”€â”€â”€â”€â”€â”€â”€â”€â”€â”€â”€â”€â”€â”€â”€â”€â”€â”€â”€â”€â”
â”‚     (index)     â”‚                    Values                    â”‚
â”œâ”€â”€â”€â”€â”€â”€â”€â”€â”€â”€â”€â”€â”€â”€â”€â”€â”€â”¼â”€â”€â”€â”€â”€â”€â”€â”€â”€â”€â”€â”€â”€â”€â”€â”€â”€â”€â”€â”€â”€â”€â”€â”€â”€â”€â”€â”€â”€â”€â”€â”€â”€â”€â”€â”€â”€â”€â”€â”€â”€â”€â”€â”€â”€â”€â”¤
â”‚    contract     â”‚              'Deploy Allo.sol'               â”‚
â”‚     chainId     â”‚                    421613                    â”‚
â”‚     network     â”‚              'arbitrum-goerli'               â”‚
â”‚      owner      â”‚ '0x5078a23B2C95e1B2f7C2Cee9F1Fb5534d473E781' â”‚
â”‚    registry     â”‚ '0xAd563f1d1e1C20E05E644AcCD2a17e2FfeEDEf01' â”‚
â”‚    treasury     â”‚ '0x5078a23B2C95e1B2f7C2Cee9F1Fb5534d473E781' â”‚
â”‚   percentFee    â”‚                      0                       â”‚
â”‚     baseFee     â”‚                      0                       â”‚
â”‚ deployerAddress â”‚ '0x5078a23B2C95e1B2f7C2Cee9F1Fb5534d473E781' â”‚
â”‚     balance     â”‚               '0.993482338602'               â”‚
â””â”€â”€â”€â”€â”€â”€â”€â”€â”€â”€â”€â”€â”€â”€â”€â”€â”€â”´â”€â”€â”€â”€â”€â”€â”€â”€â”€â”€â”€â”€â”€â”€â”€â”€â”€â”€â”€â”€â”€â”€â”€â”€â”€â”€â”€â”€â”€â”€â”€â”€â”€â”€â”€â”€â”€â”€â”€â”€â”€â”€â”€â”€â”€â”€â”˜
Deploying Allo.sol...
Allo Proxy deployed to: 0x7A33B78eadC6402BAcb90B82a5aeEcdFE5a0bBB8
Registry implementation deployed to: 0xcEED6eFA03e441F81145A80EE4Ee8E509990AF1E
Proxy Admin:  0xFff2b67465da6885E30c0E901fA111E0E54B2d3d
Proxy Admin Owner:  0x5078a23B2C95e1B2f7C2Cee9F1Fb5534d473E781

Verifying contract...
Verifying implementation: 0xcEED6eFA03e441F81145A80EE4Ee8E509990AF1E
Successfully submitted source code for contract
contracts/core/Allo.sol:Allo at 0xcEED6eFA03e441F81145A80EE4Ee8E509990AF1E
for verification on the block explorer. Waiting for verification result...

Successfully verified contract Allo on the block explorer.
https://arbiscan.io/address/0xcEED6eFA03e441F81145A80EE4Ee8E509990AF1E#code
Verifying proxy: 0x7A33B78eadC6402BAcb90B82a5aeEcdFE5a0bBB8
Contract at 0x7A33B78eadC6402BAcb90B82a5aeEcdFE5a0bBB8 already verified.
Linking proxy 0x7A33B78eadC6402BAcb90B82a5aeEcdFE5a0bBB8 with implementation
Successfully linked proxy to implementation.
Verifying proxy admin: 0xFff2b67465da6885E30c0E901fA111E0E54B2d3d
Contract at 0xFff2b67465da6885E30c0E901fA111E0E54B2d3d already verified.

Proxy fully verified.

Verifying contract...
The contract 0xcEED6eFA03e441F81145A80EE4Ee8E509990AF1E has already been verified.
https://arbiscan.io/address/0xcEED6eFA03e441F81145A80EE4Ee8E509990AF1E#code
[90m
	Validating getRegistry() == 0xAd563f1d1e1C20E05E644AcCD2a17e2FfeEDEf01[0m
[32m	âœ… PASSED with Result: 0xAd563f1d1e1C20E05E644AcCD2a17e2FfeEDEf01[0m
[90m
	Validating getTreasury() == 0x5078a23B2C95e1B2f7C2Cee9F1Fb5534d473E781[0m
[32m	âœ… PASSED with Result: 0x5078a23B2C95e1B2f7C2Cee9F1Fb5534d473E781[0m
[90m
	Validating getPercentFee() == 0[0m
[32m	âœ… PASSED with Result: 0[0m
[90m
	Validating getBaseFee() == 0[0m
[32m	âœ… PASSED with Result: 0[0m
[90m
	Validating owner() == 0x5078a23B2C95e1B2f7C2Cee9F1Fb5534d473E781[0m
[32m	âœ… PASSED with Result: 0x5078a23B2C95e1B2f7C2Cee9F1Fb5534d473E781[0m
Proxy Admin Owner is already set to:  0x5078a23B2C95e1B2f7C2Cee9F1Fb5534d473E781

            ////////////////////////////////////////////////////
            Core Allo V2 deployed to:
            ======================================
            ContractFactory: 0xA4f93a983C6D930f16740B604991853bCf3Bf92e
            Registry: 0xAd563f1d1e1C20E05E644AcCD2a17e2FfeEDEf01
            Allo: 0x7A33B78eadC6402BAcb90B82a5aeEcdFE5a0bBB8
            DeploymentFactory: 0xA4f93a983C6D930f16740B604991853bCf3Bf92e
            ////////////////////////////////////////////////////
          
