
    ////////////////////////////////////////////////////
      Deploys DirectAllocationStrategy.sol on lukso-mainnet
    ////////////////////////////////////////////////////
  
â”Œâ”€â”€â”€â”€â”€â”€â”€â”€â”€â”€â”€â”€â”€â”€â”€â”€â”€â”¬â”€â”€â”€â”€â”€â”€â”€â”€â”€â”€â”€â”€â”€â”€â”€â”€â”€â”€â”€â”€â”€â”€â”€â”€â”€â”€â”€â”€â”€â”€â”€â”€â”€â”€â”€â”€â”€â”€â”€â”€â”€â”€â”€â”€â”€â”€â”
â”‚     (index)     â”‚                    Values                    â”‚
â”œâ”€â”€â”€â”€â”€â”€â”€â”€â”€â”€â”€â”€â”€â”€â”€â”€â”€â”¼â”€â”€â”€â”€â”€â”€â”€â”€â”€â”€â”€â”€â”€â”€â”€â”€â”€â”€â”€â”€â”€â”€â”€â”€â”€â”€â”€â”€â”€â”€â”€â”€â”€â”€â”€â”€â”€â”€â”€â”€â”€â”€â”€â”€â”€â”€â”¤
â”‚    contract     â”‚        'DirectAllocationStrategy.sol'        â”‚
â”‚     chainId     â”‚                      42                      â”‚
â”‚     network     â”‚               'lukso-mainnet'                â”‚
â”‚ deployerAddress â”‚ '0x8C180840fcBb90CE8464B4eCd12ab0f840c6647C' â”‚
â”‚     balance     â”‚           '75.270487873355373856'            â”‚
â””â”€â”€â”€â”€â”€â”€â”€â”€â”€â”€â”€â”€â”€â”€â”€â”€â”€â”´â”€â”€â”€â”€â”€â”€â”€â”€â”€â”€â”€â”€â”€â”€â”€â”€â”€â”€â”€â”€â”€â”€â”€â”€â”€â”€â”€â”€â”€â”€â”€â”€â”€â”€â”€â”€â”€â”€â”€â”€â”€â”€â”€â”€â”€â”€â”˜
Deploying DirectAllocationStrategy.sol
[35mContract DirectAllocationStrategy deployed at address: 0xeB6325d9daCD1E46A20C02F46E41d4CAE45C0980[0m

Verifying contract...
Successfully submitted source code for contract
contracts/strategies/direct-allocation/DirectAllocation.sol:DirectAllocationStrategy at 0xeB6325d9daCD1E46A20C02F46E41d4CAE45C0980
for verification on the block explorer. Waiting for verification result...

Successfully verified contract DirectAllocationStrategy on the block explorer.
https://explorer.execution.mainnet.lukso.network/address/0xeB6325d9daCD1E46A20C02F46E41d4CAE45C0980#code
[90m
	Validating getAllo() == 0xB087535DB0df98fC4327136e897A5985E5Cfbd66[0m
[32m	âœ… PASSED with Result: 0xB087535DB0df98fC4327136e897A5985E5Cfbd66[0m
[90m
	Validating getStrategyId() == 0x4cd0051913234cdd7d165b208851240d334786d6e5afbb4d0eec203515a9c6f3[0m
[32m	âœ… PASSED with Result: 0x4cd0051913234cdd7d165b208851240d334786d6e5afbb4d0eec203515a9c6f3[0m
Adding DirectAllocationStrategy v1.1 to cloneable strategies...
DirectAllocationStrategy v1.1 added to cloneable strategies.
