WARNING: You are currently using Node.js v21.1.0, which is not supported by Hardhat. This can lead to unexpected behavior. See https://hardhat.org/nodejs-versions



    ////////////////////////////////////////////////////
      Deploys DirectGrantsSimpleStrategy.sol on mumbai
    ////////////////////////////////////////////////////
  
â”Œâ”€â”€â”€â”€â”€â”€â”€â”€â”€â”€â”€â”€â”€â”€â”€â”€â”€â”¬â”€â”€â”€â”€â”€â”€â”€â”€â”€â”€â”€â”€â”€â”€â”€â”€â”€â”€â”€â”€â”€â”€â”€â”€â”€â”€â”€â”€â”€â”€â”€â”€â”€â”€â”€â”€â”€â”€â”€â”€â”€â”€â”€â”€â”€â”€â”
â”‚     (index)     â”‚                    Values                    â”‚
â”œâ”€â”€â”€â”€â”€â”€â”€â”€â”€â”€â”€â”€â”€â”€â”€â”€â”€â”¼â”€â”€â”€â”€â”€â”€â”€â”€â”€â”€â”€â”€â”€â”€â”€â”€â”€â”€â”€â”€â”€â”€â”€â”€â”€â”€â”€â”€â”€â”€â”€â”€â”€â”€â”€â”€â”€â”€â”€â”€â”€â”€â”€â”€â”€â”€â”¤
â”‚    contract     â”‚       'DirectGrantsSimpleStrategy.sol'       â”‚
â”‚     chainId     â”‚                    80001                     â”‚
â”‚     network     â”‚                   'mumbai'                   â”‚
â”‚ deployerAddress â”‚ '0x8C180840fcBb90CE8464B4eCd12ab0f840c6647C' â”‚
â”‚     balance     â”‚             '8.235556529999664'              â”‚
â””â”€â”€â”€â”€â”€â”€â”€â”€â”€â”€â”€â”€â”€â”€â”€â”€â”€â”´â”€â”€â”€â”€â”€â”€â”€â”€â”€â”€â”€â”€â”€â”€â”€â”€â”€â”€â”€â”€â”€â”€â”€â”€â”€â”€â”€â”€â”€â”€â”€â”€â”€â”€â”€â”€â”€â”€â”€â”€â”€â”€â”€â”€â”€â”€â”˜
Deploying DirectGrantsSimpleStrategy.sol
[35mContract DirectGrantsSimpleStrategy deployed at address: 0x726d2398E79c9535Dd81FB1576A8aCB798c35951[0m

Verifying contract...
Successfully submitted source code for contract
contracts/strategies/_poc/direct-grants-simple/DirectGrantsSimpleStrategy.sol:DirectGrantsSimpleStrategy at 0x726d2398E79c9535Dd81FB1576A8aCB798c35951
for verification on the block explorer. Waiting for verification result...

Successfully verified contract DirectGrantsSimpleStrategy on the block explorer.
https://mumbai.polygonscan.com/address/0x726d2398E79c9535Dd81FB1576A8aCB798c35951#code
[90m
	Validating getAllo() == 0x1133eA7Af70876e64665ecD07C0A0476d09465a1[0m
[32m	âœ… PASSED with Result: 0x1133eA7Af70876e64665ecD07C0A0476d09465a1[0m
[90m
	Validating getStrategyId() == 0x263cb916541b6fc1fb5543a244829ccdba75264b097726e6ecc3c3cfce824bf5[0m
[32m	âœ… PASSED with Result: 0x263cb916541b6fc1fb5543a244829ccdba75264b097726e6ecc3c3cfce824bf5[0m
