
    ////////////////////////////////////////////////////
            Deploys Registry.sol on filecoin-calibration
    ////////////////////////////////////////////////////
  
â”Œâ”€â”€â”€â”€â”€â”€â”€â”€â”€â”€â”€â”€â”€â”€â”€â”€â”€â”¬â”€â”€â”€â”€â”€â”€â”€â”€â”€â”€â”€â”€â”€â”€â”€â”€â”€â”€â”€â”€â”€â”€â”€â”€â”€â”€â”€â”€â”€â”€â”€â”€â”€â”€â”€â”€â”€â”€â”€â”€â”€â”€â”€â”€â”€â”€â”
â”‚     (index)     â”‚                    Values                    â”‚
â”œâ”€â”€â”€â”€â”€â”€â”€â”€â”€â”€â”€â”€â”€â”€â”€â”€â”€â”¼â”€â”€â”€â”€â”€â”€â”€â”€â”€â”€â”€â”€â”€â”€â”€â”€â”€â”€â”€â”€â”€â”€â”€â”€â”€â”€â”€â”€â”€â”€â”€â”€â”€â”€â”€â”€â”€â”€â”€â”€â”€â”€â”€â”€â”€â”€â”¤
â”‚    contract     â”‚                'Registry.sol'                â”‚
â”‚     chainId     â”‚                    314159                    â”‚
â”‚     network     â”‚            'filecoin-calibration'            â”‚
â”‚ deployerAddress â”‚ '0x8C180840fcBb90CE8464B4eCd12ab0f840c6647C' â”‚
â”‚  registryOwner  â”‚ '0x8C180840fcBb90CE8464B4eCd12ab0f840c6647C' â”‚
â”‚     balance     â”‚           '199.999900122915985641'           â”‚
â””â”€â”€â”€â”€â”€â”€â”€â”€â”€â”€â”€â”€â”€â”€â”€â”€â”€â”´â”€â”€â”€â”€â”€â”€â”€â”€â”€â”€â”€â”€â”€â”€â”€â”€â”€â”€â”€â”€â”€â”€â”€â”€â”€â”€â”€â”€â”€â”€â”€â”€â”€â”€â”€â”€â”€â”€â”€â”€â”€â”€â”€â”€â”€â”€â”˜
Deploying Registry...
Error getting implementation address:  Error: Contract at 0xb91DBEb018789d712EDC1a9e6C6AdC891BD5Ec2c doesn't look like an ERC 1967 proxy with a logic contract address


Registry proxy deployed to: 0xb91DBEb018789d712EDC1a9e6C6AdC891BD5Ec2c
Registry implementation deployed to: undefined
Proxy Admin:  0x0000000000000000000000000000000000000000
Proxy Admin Owner:  0x8C180840fcBb90CE8464B4eCd12ab0f840c6647C
[90m
	Validating hasRole(0x815b5a78dc333d344c7df9da23c04dbd432015cc701876ddb9ffe850e6882747,0x8C180840fcBb90CE8464B4eCd12ab0f840c6647C) == true[0m
[32m	âœ… PASSED with Result: true[0m
