
    ////////////////////////////////////////////////////
      Deploys DirectGrantsLiteStrategy.sol on degen
    ////////////////////////////////////////////////////
  
â”Œâ”€â”€â”€â”€â”€â”€â”€â”€â”€â”€â”€â”€â”€â”€â”€â”€â”€â”¬â”€â”€â”€â”€â”€â”€â”€â”€â”€â”€â”€â”€â”€â”€â”€â”€â”€â”€â”€â”€â”€â”€â”€â”€â”€â”€â”€â”€â”€â”€â”€â”€â”€â”€â”€â”€â”€â”€â”€â”€â”€â”€â”€â”€â”€â”€â”
â”‚     (index)     â”‚                    Values                    â”‚
â”œâ”€â”€â”€â”€â”€â”€â”€â”€â”€â”€â”€â”€â”€â”€â”€â”€â”€â”¼â”€â”€â”€â”€â”€â”€â”€â”€â”€â”€â”€â”€â”€â”€â”€â”€â”€â”€â”€â”€â”€â”€â”€â”€â”€â”€â”€â”€â”€â”€â”€â”€â”€â”€â”€â”€â”€â”€â”€â”€â”€â”€â”€â”€â”€â”€â”¤
â”‚    contract     â”‚        'DirectGrantsLiteStrategy.sol'        â”‚
â”‚     chainId     â”‚                  666666666                   â”‚
â”‚     network     â”‚                   'degen'                    â”‚
â”‚ deployerAddress â”‚ '0x8C180840fcBb90CE8464B4eCd12ab0f840c6647C' â”‚
â”‚     balance     â”‚              '999.99992444052'               â”‚
â””â”€â”€â”€â”€â”€â”€â”€â”€â”€â”€â”€â”€â”€â”€â”€â”€â”€â”´â”€â”€â”€â”€â”€â”€â”€â”€â”€â”€â”€â”€â”€â”€â”€â”€â”€â”€â”€â”€â”€â”€â”€â”€â”€â”€â”€â”€â”€â”€â”€â”€â”€â”€â”€â”€â”€â”€â”€â”€â”€â”€â”€â”€â”€â”€â”˜
Deploying DirectGrantsLiteStrategy.sol
[35mContract DirectGrantsLiteStrategy deployed at address: 0xF21E0915a0b7c541483962Cc7fB4705bBd4D5248[0m

Verifying contract...
Successfully submitted source code for contract
contracts/strategies/direct-grants-lite/DirectGrantsLite.sol:DirectGrantsLiteStrategy at 0xF21E0915a0b7c541483962Cc7fB4705bBd4D5248
for verification on the block explorer. Waiting for verification result...

We tried verifying your contract DirectGrantsLiteStrategy without including any unrelated one, but it failed.
Trying again with the full solc input used to compile and deploy it.
This means that unrelated contracts may be displayed on Etherscan...

Successfully submitted source code for contract
contracts/strategies/direct-grants-lite/DirectGrantsLite.sol:DirectGrantsLiteStrategy at 0xF21E0915a0b7c541483962Cc7fB4705bBd4D5248
for verification on the block explorer. Waiting for verification result...

Successfully verified contract DirectGrantsLiteStrategy on the block explorer.
https://explorer.degen.tips/address/0xF21E0915a0b7c541483962Cc7fB4705bBd4D5248#code
[90m
	Validating getAllo() == 0xB087535DB0df98fC4327136e897A5985E5Cfbd66[0m
[32m	âœ… PASSED with Result: 0xB087535DB0df98fC4327136e897A5985E5Cfbd66[0m
[90m
	Validating getStrategyId() == 0x103732a8e473467a510d4128ee11065262bdd978f0d9dad89ba68f2c56127e27[0m
[32m	âœ… PASSED with Result: 0x103732a8e473467a510d4128ee11065262bdd978f0d9dad89ba68f2c56127e27[0m
Adding DirectGrantsLiteStrategy v1.0 to cloneable strategies...
DirectGrantsLiteStrategy v1.0 added to cloneable strategies.
