WARNING: You are currently using Node.js v21.1.0, which is not supported by Hardhat. This can lead to unexpected behavior. See https://hardhat.org/nodejs-versions



    ////////////////////////////////////////////////////
      Deploys DonationVotingMerkleDistributionDirectTransferStrategy.sol on optimism-goerli
    ////////////////////////////////////////////////////
  
â”Œâ”€â”€â”€â”€â”€â”€â”€â”€â”€â”€â”€â”€â”€â”€â”€â”€â”€â”¬â”€â”€â”€â”€â”€â”€â”€â”€â”€â”€â”€â”€â”€â”€â”€â”€â”€â”€â”€â”€â”€â”€â”€â”€â”€â”€â”€â”€â”€â”€â”€â”€â”€â”€â”€â”€â”€â”€â”€â”€â”€â”€â”€â”€â”€â”€â”€â”€â”€â”€â”€â”€â”€â”€â”€â”€â”€â”€â”€â”€â”€â”€â”
â”‚     (index)     â”‚                            Values                            â”‚
â”œâ”€â”€â”€â”€â”€â”€â”€â”€â”€â”€â”€â”€â”€â”€â”€â”€â”€â”¼â”€â”€â”€â”€â”€â”€â”€â”€â”€â”€â”€â”€â”€â”€â”€â”€â”€â”€â”€â”€â”€â”€â”€â”€â”€â”€â”€â”€â”€â”€â”€â”€â”€â”€â”€â”€â”€â”€â”€â”€â”€â”€â”€â”€â”€â”€â”€â”€â”€â”€â”€â”€â”€â”€â”€â”€â”€â”€â”€â”€â”€â”€â”¤
â”‚    contract     â”‚ 'DonationVotingMerkleDistributionDirectTransferStrategy.sol' â”‚
â”‚     chainId     â”‚                             420                              â”‚
â”‚     network     â”‚                      'optimism-goerli'                       â”‚
â”‚ deployerAddress â”‚         '0x8C180840fcBb90CE8464B4eCd12ab0f840c6647C'         â”‚
â”‚     balance     â”‚                    '7.911466169960139896'                    â”‚
â””â”€â”€â”€â”€â”€â”€â”€â”€â”€â”€â”€â”€â”€â”€â”€â”€â”€â”´â”€â”€â”€â”€â”€â”€â”€â”€â”€â”€â”€â”€â”€â”€â”€â”€â”€â”€â”€â”€â”€â”€â”€â”€â”€â”€â”€â”€â”€â”€â”€â”€â”€â”€â”€â”€â”€â”€â”€â”€â”€â”€â”€â”€â”€â”€â”€â”€â”€â”€â”€â”€â”€â”€â”€â”€â”€â”€â”€â”€â”€â”€â”˜
Deploying DonationVotingMerkleDistributionDirectTransferStrategy.sol
[35mContract DonationVotingMerkleDistributionDirectTransferStrategy deployed at address: 0xD13ec67938B5E9Cb05A05D8e160daF02Ed5ea9C9[0m

Verifying contract...
Successfully submitted source code for contract
contracts/strategies/donation-voting-merkle-distribution-direct-transfer/DonationVotingMerkleDistributionDirectTransferStrategy.sol:DonationVotingMerkleDistributionDirectTransferStrategy at 0xD13ec67938B5E9Cb05A05D8e160daF02Ed5ea9C9
for verification on the block explorer. Waiting for verification result...

Successfully verified contract DonationVotingMerkleDistributionDirectTransferStrategy on the block explorer.
https://goerli-optimism.etherscan.io/address/0xD13ec67938B5E9Cb05A05D8e160daF02Ed5ea9C9#code
[90m
	Validating getAllo() == 0x1133eA7Af70876e64665ecD07C0A0476d09465a1[0m
[32m	âœ… PASSED with Result: 0x1133eA7Af70876e64665ecD07C0A0476d09465a1[0m
[90m
	Validating getStrategyId() == 0x6f9291df02b2664139cec5703c124e4ebce32879c74b6297faa1468aa5ff9ebf[0m
[32m	âœ… PASSED with Result: 0x6f9291df02b2664139cec5703c124e4ebce32879c74b6297faa1468aa5ff9ebf[0m
[90m
	Validating PERMIT2() == 0x000000000022d473030f116ddee9f6b43ac78ba3[0m
[32m	âœ… PASSED with Result: 0x000000000022d473030f116ddee9f6b43ac78ba3[0m
