
    ////////////////////////////////////////////////////
        Deploys DVMDTFactory.sol on zkSyncMainnet
    ////////////////////////////////////////////////////
┌─────────────────┬──────────────────────────────────────────────┬──────────────────────────────────────────────────────────┐
│     (index)     │                      0                       │                          Values                          │
├─────────────────┼──────────────────────────────────────────────┼──────────────────────────────────────────────────────────┤
│    contract     │                                              │                'Deploy DVMDTFactory.sol'                 │
│  strategyName   │                                              │ 'DonationVotingMerkleDistributionDirectTransferStrategy' │
│     version     │                                              │                          'v2.1'                          │
│      args       │ '0x0000000000225e31d15943971f47ad3022f714fa' │                                                          │
│     chainId     │                                              │                           324                            │
│     network     │                                              │                     'zkSyncMainnet'                      │
│ deployerAddress │                                              │       '0x8C180840fcBb90CE8464B4eCd12ab0f840c6647C'       │
└─────────────────┴──────────────────────────────────────────────┴──────────────────────────────────────────────────────────┘
Deploying DVMDTFactory.sol...
DVMDTFactory was deployed to 0x4eed0E5f18059057fE00308773eE6D804A0Dc5Fe

Verifying contract...
Your verification ID is: 75123

Your verification request has been sent, but our servers are currently overloaded and we could not confirm that the verification was successful.
Please try one of the following options:
  1. Use the your verification request ID (75123) to check the status of the pending verification process by typing the command 'yarn hardhat verify-status --verification-id 75123'
  2. Manually check the contract's code on the zksync block explorer: https://explorer.zksync.io/
  3. Run the verification process again
  
Contract successfully verified on zkSync block explorer!
