WARNING: You are currently using Node.js v21.1.0, which is not supported by Hardhat. This can lead to unexpected behavior. See https://hardhat.org/nodejs-versions



    ////////////////////////////////////////////////////
      Deploys DonationVotingMerkleDistributionVaultStrategy.sol on optimism-goerli
    ////////////////////////////////////////////////////
  
â”Œâ”€â”€â”€â”€â”€â”€â”€â”€â”€â”€â”€â”€â”€â”€â”€â”€â”€â”¬â”€â”€â”€â”€â”€â”€â”€â”€â”€â”€â”€â”€â”€â”€â”€â”€â”€â”€â”€â”€â”€â”€â”€â”€â”€â”€â”€â”€â”€â”€â”€â”€â”€â”€â”€â”€â”€â”€â”€â”€â”€â”€â”€â”€â”€â”€â”€â”€â”€â”€â”€â”€â”€â”
â”‚     (index)     â”‚                       Values                        â”‚
â”œâ”€â”€â”€â”€â”€â”€â”€â”€â”€â”€â”€â”€â”€â”€â”€â”€â”€â”¼â”€â”€â”€â”€â”€â”€â”€â”€â”€â”€â”€â”€â”€â”€â”€â”€â”€â”€â”€â”€â”€â”€â”€â”€â”€â”€â”€â”€â”€â”€â”€â”€â”€â”€â”€â”€â”€â”€â”€â”€â”€â”€â”€â”€â”€â”€â”€â”€â”€â”€â”€â”€â”€â”¤
â”‚    contract     â”‚ 'DonationVotingMerkleDistributionVaultStrategy.sol' â”‚
â”‚     chainId     â”‚                         420                         â”‚
â”‚     network     â”‚                  'optimism-goerli'                  â”‚
â”‚ deployerAddress â”‚    '0x8C180840fcBb90CE8464B4eCd12ab0f840c6647C'     â”‚
â”‚     balance     â”‚               '7.775022129956153736'                â”‚
â””â”€â”€â”€â”€â”€â”€â”€â”€â”€â”€â”€â”€â”€â”€â”€â”€â”€â”´â”€â”€â”€â”€â”€â”€â”€â”€â”€â”€â”€â”€â”€â”€â”€â”€â”€â”€â”€â”€â”€â”€â”€â”€â”€â”€â”€â”€â”€â”€â”€â”€â”€â”€â”€â”€â”€â”€â”€â”€â”€â”€â”€â”€â”€â”€â”€â”€â”€â”€â”€â”€â”€â”˜
Deploying DonationVotingMerkleDistributionVaultStrategy.sol
[35mContract DonationVotingMerkleDistributionVaultStrategy deployed at address: 0x68d67bf72fcCf0E0f269C67b934b4050d2917F91[0m

Verifying contract...
The contract 0x68d67bf72fcCf0E0f269C67b934b4050d2917F91 has already been verified.
https://goerli-optimism.etherscan.io/address/0x68d67bf72fcCf0E0f269C67b934b4050d2917F91#code
[90m
	Validating getAllo() == 0x1133eA7Af70876e64665ecD07C0A0476d09465a1[0m
[32m	âœ… PASSED with Result: 0x1133eA7Af70876e64665ecD07C0A0476d09465a1[0m
[90m
	Validating getStrategyId() == 0x7e75375f0a7cd9f7ea159c8b065976e4f764f9dcef1edf692f31dd1842f70c87[0m
[32m	âœ… PASSED with Result: 0x7e75375f0a7cd9f7ea159c8b065976e4f764f9dcef1edf692f31dd1842f70c87[0m
[90m
	Validating PERMIT2() == 0x000000000022d473030f116ddee9f6b43ac78ba3[0m
[32m	âœ… PASSED with Result: 0x000000000022d473030f116ddee9f6b43ac78ba3[0m
