WARNING: You are currently using Node.js v21.1.0, which is not supported by Hardhat. This can lead to unexpected behavior. See https://hardhat.org/nodejs-versions



    ////////////////////////////////////////////////////
      Deploys DirectAllocationStrategy.sol on sepolia
    ////////////////////////////////////////////////////
  
â”Œâ”€â”€â”€â”€â”€â”€â”€â”€â”€â”€â”€â”€â”€â”€â”€â”€â”€â”¬â”€â”€â”€â”€â”€â”€â”€â”€â”€â”€â”€â”€â”€â”€â”€â”€â”€â”€â”€â”€â”€â”€â”€â”€â”€â”€â”€â”€â”€â”€â”€â”€â”€â”€â”€â”€â”€â”€â”€â”€â”€â”€â”€â”€â”€â”€â”
â”‚     (index)     â”‚                    Values                    â”‚
â”œâ”€â”€â”€â”€â”€â”€â”€â”€â”€â”€â”€â”€â”€â”€â”€â”€â”€â”¼â”€â”€â”€â”€â”€â”€â”€â”€â”€â”€â”€â”€â”€â”€â”€â”€â”€â”€â”€â”€â”€â”€â”€â”€â”€â”€â”€â”€â”€â”€â”€â”€â”€â”€â”€â”€â”€â”€â”€â”€â”€â”€â”€â”€â”€â”€â”¤
â”‚    contract     â”‚        'DirectAllocationStrategy.sol'        â”‚
â”‚     chainId     â”‚                   11155111                   â”‚
â”‚     network     â”‚                  'sepolia'                   â”‚
â”‚ deployerAddress â”‚ '0x8C180840fcBb90CE8464B4eCd12ab0f840c6647C' â”‚
â”‚     balance     â”‚            '9.79580739040300925'             â”‚
â””â”€â”€â”€â”€â”€â”€â”€â”€â”€â”€â”€â”€â”€â”€â”€â”€â”€â”´â”€â”€â”€â”€â”€â”€â”€â”€â”€â”€â”€â”€â”€â”€â”€â”€â”€â”€â”€â”€â”€â”€â”€â”€â”€â”€â”€â”€â”€â”€â”€â”€â”€â”€â”€â”€â”€â”€â”€â”€â”€â”€â”€â”€â”€â”€â”˜
Deploying DirectAllocationStrategy.sol
[35mContract DirectAllocationStrategy deployed at address: 0x1505B42b9699512e442De8Fc4D76a2EfbF90c070[0m

Verifying contract...
Successfully submitted source code for contract
contracts/strategies/direct-allocation/DirectAllocation.sol:DirectAllocationStrategy at 0x1505B42b9699512e442De8Fc4D76a2EfbF90c070
for verification on the block explorer. Waiting for verification result...

Successfully verified contract DirectAllocationStrategy on the block explorer.
https://sepolia.etherscan.io/address/0x1505B42b9699512e442De8Fc4D76a2EfbF90c070#code
[90m
	Validating getAllo() == 0x1133eA7Af70876e64665ecD07C0A0476d09465a1[0m
[32m	âœ… PASSED with Result: 0x1133eA7Af70876e64665ecD07C0A0476d09465a1[0m
[90m
	Validating getStrategyId() == 0x0ce26a60d01e621fb033d5756ff320161cfad0876e972c1672ca50a18821b073[0m
[32m	âœ… PASSED with Result: 0x0ce26a60d01e621fb033d5756ff320161cfad0876e972c1672ca50a18821b073[0m
Adding DirectAllocationStrategy v1.0 to cloneable strategies...
DirectAllocationStrategy v1.0 added to cloneable strategies.
