Warning: Unreachable code.
   --> contracts/strategies/BaseStrategy.sol:174:9:
    |
174 |         _afterRegisterRecipient(_data, _sender);
    |         ^^^^^^^^^^^^^^^^^^^^^^^^^^^^^^^^^^^^^^^


Compiled 112 Solidity files successfully (evm target: paris).

    ////////////////////////////////////////////////////////
    Deploy Strategies on Allo V2 contracts to arbitrum-goerli
    ///////////////////////////////////////////////////////
  

    ////////////////////////////////////////////////////
      Deploys DonationVotingMerkleDistributionValutStrategy.sol on arbitrum-goerli
    ////////////////////////////////////////////////////
  
┌─────────────────┬─────────────────────────────────────────────────────┐
│     (index)     │                       Values                        │
├─────────────────┼─────────────────────────────────────────────────────┤
│    contract     │ 'DonationVotingMerkleDistributionValutStrategy.sol' │
│     chainId     │                       421613                        │
│     network     │                  'arbitrum-goerli'                  │
│ deployerAddress │    '0x5078a23B2C95e1B2f7C2Cee9F1Fb5534d473E781'     │
│     balance     │                  '0.991338107602'                   │
└─────────────────┴─────────────────────────────────────────────────────┘
Deploying DonationVotingMerkleDistributionValutStrategy.sol
HardhatError: HH700: Artifact for contract "DonationVotingMerkleDistributionValutStrategy" not found. Did you mean "DonationVotingMerkleDistributionVaultStrategy"?
    at Artifacts._handleWrongArtifactForContractName (/Users/jaxcoder/Gitcoin/Allo/V2/allo-v2/node_modules/hardhat/src/internal/artifacts.ts:733:11)
    at Artifacts._getArtifactPathFromFiles (/Users/jaxcoder/Gitcoin/Allo/V2/allo-v2/node_modules/hardhat/src/internal/artifacts.ts:864:19)
    at Artifacts._getArtifactPath (/Users/jaxcoder/Gitcoin/Allo/V2/allo-v2/node_modules/hardhat/src/internal/artifacts.ts:522:21)
    at async Artifacts.readArtifact (/Users/jaxcoder/Gitcoin/Allo/V2/allo-v2/node_modules/hardhat/src/internal/artifacts.ts:71:26)
    at async getContractFactory (/Users/jaxcoder/Gitcoin/Allo/V2/allo-v2/node_modules/@nomicfoundation/hardhat-ethers/src/internal/helpers.ts:107:22)
    at async deployContractUsingFactory (/Users/jaxcoder/Gitcoin/Allo/V2/allo-v2/scripts/utils/deployProxy.ts:168:33)
    at async deployStrategies (/Users/jaxcoder/Gitcoin/Allo/V2/allo-v2/scripts/strategies/deployStrategies.ts:48:16)
    at async deployDonationVotingMerkleDistributionVault (/Users/jaxcoder/Gitcoin/Allo/V2/allo-v2/scripts/strategies/deployDonationVotingMerkleDistributionVault.ts:13:19)
    at async deployStrategies (/Users/jaxcoder/Gitcoin/Allo/V2/allo-v2/scripts/strategies/_deployAllStrategies.ts:20:3)
error: "hardhat" exited with code 1 (SIGHUP)
