
    ////////////////////////////////////////////////////
        Deploys ContractFactory.sol on filecoin-calibration
    ////////////////////////////////////////////////////
  
â”Œâ”€â”€â”€â”€â”€â”€â”€â”€â”€â”€â”€â”€â”€â”€â”€â”€â”€â”¬â”€â”€â”€â”€â”€â”€â”€â”€â”€â”€â”€â”€â”€â”€â”€â”€â”€â”€â”€â”€â”€â”€â”€â”€â”€â”€â”€â”€â”€â”€â”€â”€â”€â”€â”€â”€â”€â”€â”€â”€â”€â”€â”€â”€â”€â”€â”
â”‚     (index)     â”‚                    Values                    â”‚
â”œâ”€â”€â”€â”€â”€â”€â”€â”€â”€â”€â”€â”€â”€â”€â”€â”€â”€â”¼â”€â”€â”€â”€â”€â”€â”€â”€â”€â”€â”€â”€â”€â”€â”€â”€â”€â”€â”€â”€â”€â”€â”€â”€â”€â”€â”€â”€â”€â”€â”€â”€â”€â”€â”€â”€â”€â”€â”€â”€â”€â”€â”€â”€â”€â”€â”¤
â”‚    contract     â”‚         'Deploy ContractFactory.sol'         â”‚
â”‚     chainId     â”‚                    314159                    â”‚
â”‚     network     â”‚            'filecoin-calibration'            â”‚
â”‚ deployerAddress â”‚ '0x8C180840fcBb90CE8464B4eCd12ab0f840c6647C' â”‚
â”‚     balance     â”‚           '199.503468181710041141'           â”‚
â””â”€â”€â”€â”€â”€â”€â”€â”€â”€â”€â”€â”€â”€â”€â”€â”€â”€â”´â”€â”€â”€â”€â”€â”€â”€â”€â”€â”€â”€â”€â”€â”€â”€â”€â”€â”€â”€â”€â”€â”€â”€â”€â”€â”€â”€â”€â”€â”€â”€â”€â”€â”€â”€â”€â”€â”€â”€â”€â”€â”€â”€â”€â”€â”€â”˜
Deploying ContractFactory.sol...
ContractFactory deployed to: 0x45181C4fD52d4d350380B3D42091b80065c702Ef

Verifying contract...
TypeError: Cannot read properties of undefined (reading 'startsWith')
    at EtherscanResponse.isBytecodeMissingInNetworkError (/Users/thelostone-mc/Labs/allo/allo-v2/node_modules/.pnpm/@nomicfoundation+hardhat-verify@1.1.1_hardhat@2.22.1/node_modules/@nomicfoundation/hardhat-verify/src/internal/etherscan.ts:270:25)
    at Etherscan.verify (/Users/thelostone-mc/Labs/allo/allo-v2/node_modules/.pnpm/@nomicfoundation+hardhat-verify@1.1.1_hardhat@2.22.1/node_modules/@nomicfoundation/hardhat-verify/src/internal/etherscan.ts:165:27)
    at processTicksAndRejections (node:internal/process/task_queues:95:5)
    at async SimpleTaskDefinition.action (/Users/thelostone-mc/Labs/allo/allo-v2/node_modules/.pnpm/@nomicfoundation+hardhat-verify@1.1.1_hardhat@2.22.1/node_modules/@nomicfoundation/hardhat-verify/src/index.ts:471:33)
    at async Environment._runTaskDefinition (/Users/thelostone-mc/Labs/allo/allo-v2/node_modules/hardhat/src/internal/core/runtime-environment.ts:359:14)
    at async Environment.run (/Users/thelostone-mc/Labs/allo/allo-v2/node_modules/hardhat/src/internal/core/runtime-environment.ts:192:14)
    at async SimpleTaskDefinition.action (/Users/thelostone-mc/Labs/allo/allo-v2/node_modules/.pnpm/@nomicfoundation+hardhat-verify@1.1.1_hardhat@2.22.1/node_modules/@nomicfoundation/hardhat-verify/src/index.ts:298:9)
    at async Environment._runTaskDefinition (/Users/thelostone-mc/Labs/allo/allo-v2/node_modules/hardhat/src/internal/core/runtime-environment.ts:359:14)
    at async hardhatVerify (/Users/thelostone-mc/Labs/allo/allo-v2/node_modules/.pnpm/@openzeppelin+hardhat-upgrades@2.5.1_sym3ukwnpvfhm2yjdhnkm4xtb4/node_modules/@openzeppelin/hardhat-upgrades/src/verify-proxy.ts:118:12)
    at async OverriddenTaskDefinition._action (/Users/thelostone-mc/Labs/allo/allo-v2/node_modules/.pnpm/@openzeppelin+hardhat-upgrades@2.5.1_sym3ukwnpvfhm2yjdhnkm4xtb4/node_modules/@openzeppelin/hardhat-upgrades/src/index.ts:206:12)
[90m
	Validating isDeployer(0x8C180840fcBb90CE8464B4eCd12ab0f840c6647C) == true[0m
[32m	âœ… PASSED with Result: true[0m
