
    ////////////////////////////////////////////////////
            Deploys Allo.sol on filecoin-calibration
    ////////////////////////////////////////////////////
  
â”Œâ”€â”€â”€â”€â”€â”€â”€â”€â”€â”€â”€â”€â”€â”€â”€â”€â”€â”¬â”€â”€â”€â”€â”€â”€â”€â”€â”€â”€â”€â”€â”€â”€â”€â”€â”€â”€â”€â”€â”€â”€â”€â”€â”€â”€â”€â”€â”€â”€â”€â”€â”€â”€â”€â”€â”€â”€â”€â”€â”€â”€â”€â”€â”€â”€â”
â”‚     (index)     â”‚                    Values                    â”‚
â”œâ”€â”€â”€â”€â”€â”€â”€â”€â”€â”€â”€â”€â”€â”€â”€â”€â”€â”¼â”€â”€â”€â”€â”€â”€â”€â”€â”€â”€â”€â”€â”€â”€â”€â”€â”€â”€â”€â”€â”€â”€â”€â”€â”€â”€â”€â”€â”€â”€â”€â”€â”€â”€â”€â”€â”€â”€â”€â”€â”€â”€â”€â”€â”€â”€â”¤
â”‚    contract     â”‚              'Deploy Allo.sol'               â”‚
â”‚     chainId     â”‚                    314159                    â”‚
â”‚     network     â”‚            'filecoin-calibration'            â”‚
â”‚      owner      â”‚ '0x8C180840fcBb90CE8464B4eCd12ab0f840c6647C' â”‚
â”‚    registry     â”‚ '0xb91DBEb018789d712EDC1a9e6C6AdC891BD5Ec2c' â”‚
â”‚    treasury     â”‚ '0x8C180840fcBb90CE8464B4eCd12ab0f840c6647C' â”‚
â”‚   percentFee    â”‚                      0                       â”‚
â”‚     baseFee     â”‚                      0                       â”‚
â”‚ deployerAddress â”‚ '0x8C180840fcBb90CE8464B4eCd12ab0f840c6647C' â”‚
â”‚     balance     â”‚           '199.727471892303186241'           â”‚
â””â”€â”€â”€â”€â”€â”€â”€â”€â”€â”€â”€â”€â”€â”€â”€â”€â”€â”´â”€â”€â”€â”€â”€â”€â”€â”€â”€â”€â”€â”€â”€â”€â”€â”€â”€â”€â”€â”€â”€â”€â”€â”€â”€â”€â”€â”€â”€â”€â”€â”€â”€â”€â”€â”€â”€â”€â”€â”€â”€â”€â”€â”€â”€â”€â”˜
Deploying Allo.sol...
Error getting implementation address:  Error: Contract at 0x26827C474a276bb25bc414c9FF8c55962cAe3fb9 doesn't look like an ERC 1967 proxy with a logic contract address


Allo Proxy deployed to: 0x26827C474a276bb25bc414c9FF8c55962cAe3fb9
Registry implementation deployed to: undefined
Proxy Admin:  0x0000000000000000000000000000000000000000
Proxy Admin Owner:  0x8C180840fcBb90CE8464B4eCd12ab0f840c6647C
[90m
	Validating getRegistry() == 0xb91DBEb018789d712EDC1a9e6C6AdC891BD5Ec2c[0m
[32m	âœ… PASSED with Result: 0xb91DBEb018789d712EDC1a9e6C6AdC891BD5Ec2c[0m
[90m
	Validating getTreasury() == 0x8C180840fcBb90CE8464B4eCd12ab0f840c6647C[0m
[32m	âœ… PASSED with Result: 0x8C180840fcBb90CE8464B4eCd12ab0f840c6647C[0m
[90m
	Validating getPercentFee() == 0[0m
[32m	âœ… PASSED with Result: 0[0m
[90m
	Validating getBaseFee() == 0[0m
[32m	âœ… PASSED with Result: 0[0m
[90m
	Validating owner() == 0x8C180840fcBb90CE8464B4eCd12ab0f840c6647C[0m
[32m	âœ… PASSED with Result: 0x8C180840fcBb90CE8464B4eCd12ab0f840c6647C[0m
