
    ////////////////////////////////////////////////////
        Deploys ContractFactory.sol on metisAndromeda
    ////////////////////////////////////////////////////
  
â”Œâ”€â”€â”€â”€â”€â”€â”€â”€â”€â”€â”€â”€â”€â”€â”€â”€â”€â”¬â”€â”€â”€â”€â”€â”€â”€â”€â”€â”€â”€â”€â”€â”€â”€â”€â”€â”€â”€â”€â”€â”€â”€â”€â”€â”€â”€â”€â”€â”€â”€â”€â”€â”€â”€â”€â”€â”€â”€â”€â”€â”€â”€â”€â”€â”€â”
â”‚     (index)     â”‚                    Values                    â”‚
â”œâ”€â”€â”€â”€â”€â”€â”€â”€â”€â”€â”€â”€â”€â”€â”€â”€â”€â”¼â”€â”€â”€â”€â”€â”€â”€â”€â”€â”€â”€â”€â”€â”€â”€â”€â”€â”€â”€â”€â”€â”€â”€â”€â”€â”€â”€â”€â”€â”€â”€â”€â”€â”€â”€â”€â”€â”€â”€â”€â”€â”€â”€â”€â”€â”€â”¤
â”‚    contract     â”‚         'Deploy ContractFactory.sol'         â”‚
â”‚     chainId     â”‚                     1088                     â”‚
â”‚     network     â”‚               'metisAndromeda'               â”‚
â”‚ deployerAddress â”‚ '0x8C180840fcBb90CE8464B4eCd12ab0f840c6647C' â”‚
â”‚     balance     â”‚            '6.695938858616372342'            â”‚
â””â”€â”€â”€â”€â”€â”€â”€â”€â”€â”€â”€â”€â”€â”€â”€â”€â”€â”´â”€â”€â”€â”€â”€â”€â”€â”€â”€â”€â”€â”€â”€â”€â”€â”€â”€â”€â”€â”€â”€â”€â”€â”€â”€â”€â”€â”€â”€â”€â”€â”€â”€â”€â”€â”€â”€â”€â”€â”€â”€â”€â”€â”€â”€â”€â”˜
Deploying ContractFactory.sol...
ContractFactory deployed to: 0xE195743480D1591B79106FF9B296A0cD38aDa807

Verifying contract...
Successfully submitted source code for contract
contracts/factories/ContractFactory.sol:ContractFactory at 0xE195743480D1591B79106FF9B296A0cD38aDa807
for verification on the block explorer. Waiting for verification result...

Successfully verified contract ContractFactory on the block explorer.
https://explorer.metis.io/address/0xE195743480D1591B79106FF9B296A0cD38aDa807#code
[90m
	Validating isDeployer(0x8C180840fcBb90CE8464B4eCd12ab0f840c6647C) == true[0m
[32m	âœ… PASSED with Result: true[0m
