Warning: Unreachable code.
   --> contracts/strategies/BaseStrategy.sol:174:9:
    |
174 |         _afterRegisterRecipient(_data, _sender);
    |         ^^^^^^^^^^^^^^^^^^^^^^^^^^^^^^^^^^^^^^^


Compiled 112 Solidity files successfully (evm target: paris).

    ////////////////////////////////////////////////////
    Deploy core Allo V2 contracts to arbitrum-goerli
    ======================================
    - ContractFactory (used for strategy deployments)
    - Registry
    - Allo
    ////////////////////////////////////////////////////
  

    ////////////////////////////////////////////////////
        Deploys ContractFactory.sol on arbitrum-goerli
    ////////////////////////////////////////////////////
  
Deploying ContractFactory.sol...
ContractFactory deployed to: 0x47B138c856696CEed924a77634D69e9d9f514636
[90m
	Validating isDeployer(0x5078a23B2C95e1B2f7C2Cee9F1Fb5534d473E781) == true[0m
[32m	✅ PASSED with Result: true[0m

    ////////////////////////////////////////////////////
            Deploys Registry.sol on arbitrum-goerli
    ////////////////////////////////////////////////////
  
Deploying Registry...
Registry proxy deployed to: 0x28634b41891C752108F723438B568961648fe5ae
Registry implementation deployed to: 0x99b27bE64B67C2c77E33C27993E5f5cFa2dC6b9D

Verifying contract...
Verifying implementation: 0x99b27bE64B67C2c77E33C27993E5f5cFa2dC6b9D
Successfully submitted source code for contract
contracts/core/Registry.sol:Registry at 0x99b27bE64B67C2c77E33C27993E5f5cFa2dC6b9D
for verification on the block explorer. Waiting for verification result...

Successfully verified contract Registry on the block explorer.
https://arbiscan.io/address/0x99b27bE64B67C2c77E33C27993E5f5cFa2dC6b9D#code
Verifying proxy: 0x28634b41891C752108F723438B568961648fe5ae
Contract at 0x28634b41891C752108F723438B568961648fe5ae already verified.
Linking proxy 0x28634b41891C752108F723438B568961648fe5ae with implementation
Successfully linked proxy to implementation.
Verifying proxy admin: 0xb868986571c7d8673519Eb97D47d89a67af54B9b
Contract at 0xb868986571c7d8673519Eb97D47d89a67af54B9b already verified.

Proxy fully verified.

Verifying contract...
The contract 0x99b27bE64B67C2c77E33C27993E5f5cFa2dC6b9D has already been verified.
https://arbiscan.io/address/0x99b27bE64B67C2c77E33C27993E5f5cFa2dC6b9D#code
[90m
	Validating hasRole(0x815b5a78dc333d344c7df9da23c04dbd432015cc701876ddb9ffe850e6882747,0x5078a23B2C95e1B2f7C2Cee9F1Fb5534d473E781) == true[0m
[32m	✅ PASSED with Result: true[0m

    ////////////////////////////////////////////////////
            Deploys Allo.sol on arbitrum-goerli
    ////////////////////////////////////////////////////
  
Deploying Allo.sol...
Allo Proxy deployed to: 0xE5dC6E87dc0730E95a23F888dDB57CBc88de4F97
Registry implementation deployed to: 0x60e32cD4Ff2A445C321543464118e533d856B35C

Verifying contract...
Verifying implementation: 0x60e32cD4Ff2A445C321543464118e533d856B35C
The contract 0x60e32cD4Ff2A445C321543464118e533d856B35C has already been verified.
https://arbiscan.io/address/0x60e32cD4Ff2A445C321543464118e533d856B35C#code
Verifying proxy: 0xE5dC6E87dc0730E95a23F888dDB57CBc88de4F97
Contract at 0xE5dC6E87dc0730E95a23F888dDB57CBc88de4F97 already verified.
Linking proxy 0xE5dC6E87dc0730E95a23F888dDB57CBc88de4F97 with implementation
Successfully linked proxy to implementation.
Verifying proxy admin: 0xb868986571c7d8673519Eb97D47d89a67af54B9b
Contract at 0xb868986571c7d8673519Eb97D47d89a67af54B9b already verified.

Proxy fully verified.

Verifying contract...
The contract 0x60e32cD4Ff2A445C321543464118e533d856B35C has already been verified.
https://arbiscan.io/address/0x60e32cD4Ff2A445C321543464118e533d856B35C#code
[90m
	Validating getRegistry() == 0x28634b41891C752108F723438B568961648fe5ae[0m
[32m	✅ PASSED with Result: 0x28634b41891C752108F723438B568961648fe5ae[0m
[90m
	Validating getTreasury() == 0x5078a23B2C95e1B2f7C2Cee9F1Fb5534d473E781[0m
[32m	✅ PASSED with Result: 0x5078a23B2C95e1B2f7C2Cee9F1Fb5534d473E781[0m
[90m
	Validating getPercentFee() == 0[0m
[32m	✅ PASSED with Result: 0[0m
[90m
	Validating getBaseFee() == 0[0m
[32m	✅ PASSED with Result: 0[0m
[90m
	Validating owner() == 0x5078a23B2C95e1B2f7C2Cee9F1Fb5534d473E781[0m
[32m	✅ PASSED with Result: 0x5078a23B2C95e1B2f7C2Cee9F1Fb5534d473E781[0m

            ////////////////////////////////////////////////////
            Core Allo V2 deployed to:
            ======================================
            ContractFactory: 0x47B138c856696CEed924a77634D69e9d9f514636
            Registry: 0x28634b41891C752108F723438B568961648fe5ae
            Allo: 0xE5dC6E87dc0730E95a23F888dDB57CBc88de4F97
            DeploymentFactory: 0x47B138c856696CEed924a77634D69e9d9f514636
            ////////////////////////////////////////////////////
          
