Warning: Unreachable code.
   --> contracts/strategies/BaseStrategy.sol:174:9:
    |
174 |         _afterRegisterRecipient(_data, _sender);
    |         ^^^^^^^^^^^^^^^^^^^^^^^^^^^^^^^^^^^^^^^


Compiled 112 Solidity files successfully (evm target: paris).

    ////////////////////////////////////////////////////
    Deploy core Allo V2 contracts to optimism-goerli
    ======================================
    - ContractFactory (used for strategy deployments)
    - Registry
    - Allo
    ////////////////////////////////////////////////////
  

    ////////////////////////////////////////////////////
        Deploys ContractFactory.sol on optimism-goerli
    ////////////////////////////////////////////////////
  
Deploying ContractFactory.sol...
ContractFactory deployed to: 0x3296f761F523E977bE12894765c977D0bFA17a65
[90m
	Validating isDeployer(0x5078a23B2C95e1B2f7C2Cee9F1Fb5534d473E781) == true[0m
[32m	✅ PASSED with Result: true[0m

    ////////////////////////////////////////////////////
            Deploys Registry.sol on optimism-goerli
    ////////////////////////////////////////////////////
  
Deploying Registry...
Registry proxy deployed to: 0x60e32cD4Ff2A445C321543464118e533d856B35C
Registry implementation deployed to: 0xdEe3E6F99aBfe03eC284229B35ed7D5976f56392

Verifying contract...
Verifying implementation: 0xdEe3E6F99aBfe03eC284229B35ed7D5976f56392
Successfully submitted source code for contract
contracts/core/Registry.sol:Registry at 0xdEe3E6F99aBfe03eC284229B35ed7D5976f56392
for verification on the block explorer. Waiting for verification result...

Successfully verified contract Registry on the block explorer.
https://goerli-optimism.etherscan.io/address/0xdEe3E6F99aBfe03eC284229B35ed7D5976f56392#code
Verifying proxy: 0x60e32cD4Ff2A445C321543464118e533d856B35C
Contract at 0x60e32cD4Ff2A445C321543464118e533d856B35C already verified.
Linking proxy 0x60e32cD4Ff2A445C321543464118e533d856B35C with implementation
Successfully linked proxy to implementation.
Verifying proxy admin: 0xfE5FAeAFE3a585f57A9C87095DCA1e5437112C62
Contract at 0xfE5FAeAFE3a585f57A9C87095DCA1e5437112C62 already verified.

Proxy fully verified.

Verifying contract...
The contract 0xdEe3E6F99aBfe03eC284229B35ed7D5976f56392 has already been verified.
https://goerli-optimism.etherscan.io/address/0xdEe3E6F99aBfe03eC284229B35ed7D5976f56392#code
[90m
	Validating hasRole(0x815b5a78dc333d344c7df9da23c04dbd432015cc701876ddb9ffe850e6882747,0x5078a23B2C95e1B2f7C2Cee9F1Fb5534d473E781) == true[0m
[32m	✅ PASSED with Result: true[0m

    ////////////////////////////////////////////////////
            Deploys Allo.sol on optimism-goerli
    ////////////////////////////////////////////////////
  
Deploying Allo.sol...
Allo Proxy deployed to: 0x45F8c3d0a415b5b3d4088F29895037e7a08168AC
Registry implementation deployed to: 0xF7ED5B8bF6849DE48C0357B6b9E7c5410766ED6F

Verifying contract...
Verifying implementation: 0xF7ED5B8bF6849DE48C0357B6b9E7c5410766ED6F
The contract 0xF7ED5B8bF6849DE48C0357B6b9E7c5410766ED6F has already been verified.
https://goerli-optimism.etherscan.io/address/0xF7ED5B8bF6849DE48C0357B6b9E7c5410766ED6F#code
Verifying proxy: 0x45F8c3d0a415b5b3d4088F29895037e7a08168AC
Contract at 0x45F8c3d0a415b5b3d4088F29895037e7a08168AC already verified.
Linking proxy 0x45F8c3d0a415b5b3d4088F29895037e7a08168AC with implementation
Successfully linked proxy to implementation.
Verifying proxy admin: 0xfE5FAeAFE3a585f57A9C87095DCA1e5437112C62
Contract at 0xfE5FAeAFE3a585f57A9C87095DCA1e5437112C62 already verified.

Proxy fully verified.

Verifying contract...
The contract 0xF7ED5B8bF6849DE48C0357B6b9E7c5410766ED6F has already been verified.
https://goerli-optimism.etherscan.io/address/0xF7ED5B8bF6849DE48C0357B6b9E7c5410766ED6F#code
[90m
	Validating getRegistry() == 0x60e32cD4Ff2A445C321543464118e533d856B35C[0m
[32m	✅ PASSED with Result: 0x60e32cD4Ff2A445C321543464118e533d856B35C[0m
[90m
	Validating getTreasury() == 0x5078a23B2C95e1B2f7C2Cee9F1Fb5534d473E781[0m
[32m	✅ PASSED with Result: 0x5078a23B2C95e1B2f7C2Cee9F1Fb5534d473E781[0m
[90m
	Validating getPercentFee() == 0[0m
[32m	✅ PASSED with Result: 0[0m
[90m
	Validating getBaseFee() == 0[0m
[32m	✅ PASSED with Result: 0[0m
[90m
	Validating owner() == 0x5078a23B2C95e1B2f7C2Cee9F1Fb5534d473E781[0m
[32m	✅ PASSED with Result: 0x5078a23B2C95e1B2f7C2Cee9F1Fb5534d473E781[0m

            ////////////////////////////////////////////////////
            Core Allo V2 deployed to:
            ======================================
            ContractFactory: 0x3296f761F523E977bE12894765c977D0bFA17a65
            Registry: 0x60e32cD4Ff2A445C321543464118e533d856B35C
            Allo: 0x45F8c3d0a415b5b3d4088F29895037e7a08168AC
            DeploymentFactory: 0x3296f761F523E977bE12894765c977D0bFA17a65
            ////////////////////////////////////////////////////
          
