Warning: Unreachable code.
   --> contracts/strategies/BaseStrategy.sol:174:9:
    |
174 |         _afterRegisterRecipient(_data, _sender);
    |         ^^^^^^^^^^^^^^^^^^^^^^^^^^^^^^^^^^^^^^^


Compiled 112 Solidity files successfully (evm target: paris).

    ////////////////////////////////////////////////////
    Deploy core Allo V2 contracts to mumbai
    ======================================
    - ContractFactory (used for strategy deployments)
    - Registry
    - Allo
    ////////////////////////////////////////////////////
  

    ////////////////////////////////////////////////////
        Deploys ContractFactory.sol on mumbai
    ////////////////////////////////////////////////////
  
Deploying ContractFactory.sol...
ContractFactory deployed to: 0xdF0dc5829c922ADbA563F3f886EfE8BFC2e545c5
[90m
	Validating isDeployer(0x5078a23B2C95e1B2f7C2Cee9F1Fb5534d473E781) == true[0m
[32m	✅ PASSED with Result: true[0m

    ////////////////////////////////////////////////////
            Deploys Registry.sol on mumbai
    ////////////////////////////////////////////////////
  
Deploying Registry...
Registry proxy deployed to: 0xc1442343E9A68EB4F48e78Ad44269DdDf7Fd6854
Registry implementation deployed to: 0xd601fe0aFfE7b1D7369e7b26A4436cC568c39E01

Verifying contract...
Verifying implementation: 0xd601fe0aFfE7b1D7369e7b26A4436cC568c39E01
Failed to verify implementation contract at 0xd601fe0aFfE7b1D7369e7b26A4436cC568c39E01: Error!
Verifying proxy: 0xc1442343E9A68EB4F48e78Ad44269DdDf7Fd6854
Failed to verify TransparentUpgradeableProxy contract at 0xc1442343E9A68EB4F48e78Ad44269DdDf7Fd6854: Error!
Linking proxy 0xc1442343E9A68EB4F48e78Ad44269DdDf7Fd6854 with implementation
Failed to link proxy 0xc1442343E9A68EB4F48e78Ad44269DdDf7Fd6854 with its implementation. Reason: Error!
Verifying proxy admin: 0x3daA4ad425cF88AFc463aA8Da736E2C1e9A84049
Failed to verify ProxyAdmin contract at 0x3daA4ad425cF88AFc463aA8Da736E2C1e9A84049: Error!
/Users/jaxcoder/Gitcoin/Allo/V2/allo-v2/node_modules/@openzeppelin/hardhat-upgrades/src/verify-proxy.ts:137
    throw new UpgradesError(summary);
          ^
UpgradesError: 
Verification completed with the following errors.

Error 1: Failed to verify implementation contract at 0xd601fe0aFfE7b1D7369e7b26A4436cC568c39E01: Error!

Error 2: Failed to verify TransparentUpgradeableProxy contract at 0xc1442343E9A68EB4F48e78Ad44269DdDf7Fd6854: Error!

Error 3: Failed to link proxy 0xc1442343E9A68EB4F48e78Ad44269DdDf7Fd6854 with its implementation. Reason: Error!

Error 4: Failed to verify ProxyAdmin contract at 0x3daA4ad425cF88AFc463aA8Da736E2C1e9A84049: Error!


    at displayErrorReport (/Users/jaxcoder/Gitcoin/Allo/V2/allo-v2/node_modules/@openzeppelin/hardhat-upgrades/src/verify-proxy.ts:137:11)
    at verify (/Users/jaxcoder/Gitcoin/Allo/V2/allo-v2/node_modules/@openzeppelin/hardhat-upgrades/src/verify-proxy.ts:112:5)
    at processTicksAndRejections (node:internal/process/task_queues:96:5)
    at async OverriddenTaskDefinition._action (/Users/jaxcoder/Gitcoin/Allo/V2/allo-v2/node_modules/@openzeppelin/hardhat-upgrades/src/index.ts:198:12)
    at async Environment._runTaskDefinition (/Users/jaxcoder/Gitcoin/Allo/V2/allo-v2/node_modules/hardhat/src/internal/core/runtime-environment.ts:358:14)
    at async Environment.run (/Users/jaxcoder/Gitcoin/Allo/V2/allo-v2/node_modules/hardhat/src/internal/core/runtime-environment.ts:191:14)
    at async SimpleTaskDefinition.action (/Users/jaxcoder/Gitcoin/Allo/V2/allo-v2/node_modules/@nomicfoundation/hardhat-verify/src/index.ts:546:7)
    at async Environment._runTaskDefinition (/Users/jaxcoder/Gitcoin/Allo/V2/allo-v2/node_modules/hardhat/src/internal/core/runtime-environment.ts:358:14)
    at async Environment.run (/Users/jaxcoder/Gitcoin/Allo/V2/allo-v2/node_modules/hardhat/src/internal/core/runtime-environment.ts:191:14)
    at async verifyContract (/Users/jaxcoder/Gitcoin/Allo/V2/allo-v2/scripts/utils/scripts.ts:52:10)
error: "hardhat" exited with code 1 (SIGHUP)
