Warning: Unreachable code.
   --> contracts/strategies/BaseStrategy.sol:174:9:
    |
174 |         _afterRegisterRecipient(_data, _sender);
    |         ^^^^^^^^^^^^^^^^^^^^^^^^^^^^^^^^^^^^^^^


Compiled 112 Solidity files successfully (evm target: paris).

    ////////////////////////////////////////////////////
    Deploy core Allo V2 contracts to sepolia
    ======================================
    - ContractFactory (used for strategy deployments)
    - Registry
    - Allo
    ////////////////////////////////////////////////////
  

    ////////////////////////////////////////////////////
        Deploys ContractFactory.sol on sepolia
    ////////////////////////////////////////////////////
  
Deploying ContractFactory.sol...
ContractFactory deployed to: 0xdEe3E6F99aBfe03eC284229B35ed7D5976f56392
[90m
	Validating isDeployer(0x5078a23B2C95e1B2f7C2Cee9F1Fb5534d473E781) == true[0m
[32m	✅ PASSED with Result: true[0m

    ////////////////////////////////////////////////////
            Deploys Registry.sol on sepolia
    ////////////////////////////////////////////////////
  
Deploying Registry...
Registry proxy deployed to: 0x45F8c3d0a415b5b3d4088F29895037e7a08168AC
Registry implementation deployed to: 0x60e32cD4Ff2A445C321543464118e533d856B35C

Verifying contract...
Verifying implementation: 0x60e32cD4Ff2A445C321543464118e533d856B35C
Successfully submitted source code for contract
contracts/core/Registry.sol:Registry at 0x60e32cD4Ff2A445C321543464118e533d856B35C
for verification on the block explorer. Waiting for verification result...

Successfully verified contract Registry on the block explorer.
https://sepolia.etherscan.io/address/0x60e32cD4Ff2A445C321543464118e533d856B35C#code
Verifying proxy: 0x45F8c3d0a415b5b3d4088F29895037e7a08168AC
Contract at 0x45F8c3d0a415b5b3d4088F29895037e7a08168AC already verified.
Linking proxy 0x45F8c3d0a415b5b3d4088F29895037e7a08168AC with implementation
Successfully linked proxy to implementation.
Verifying proxy admin: 0x9ffd2Bf577044b07Ba6E3280Cf5532324351e5F0
The contract 0x9ffd2Bf577044b07Ba6E3280Cf5532324351e5F0 has already been verified.
https://sepolia.etherscan.io/address/0x9ffd2Bf577044b07Ba6E3280Cf5532324351e5F0#code

Proxy fully verified.

Verifying contract...
The contract 0x60e32cD4Ff2A445C321543464118e533d856B35C has already been verified.
https://sepolia.etherscan.io/address/0x60e32cD4Ff2A445C321543464118e533d856B35C#code
[90m
	Validating hasRole(0x815b5a78dc333d344c7df9da23c04dbd432015cc701876ddb9ffe850e6882747,0x5078a23B2C95e1B2f7C2Cee9F1Fb5534d473E781) == true[0m
[32m	✅ PASSED with Result: true[0m

    ////////////////////////////////////////////////////
            Deploys Allo.sol on sepolia
    ////////////////////////////////////////////////////
  
Deploying Allo.sol...
Allo Proxy deployed to: 0x253C104D05F5Eda314719B6C38Fb2B09322189A6
Registry implementation deployed to: 0x5B47c6aFE27b0F5C8319366C6b8FbC0E02104b98

Verifying contract...
Verifying implementation: 0x5B47c6aFE27b0F5C8319366C6b8FbC0E02104b98
The contract 0x5B47c6aFE27b0F5C8319366C6b8FbC0E02104b98 has already been verified.
https://sepolia.etherscan.io/address/0x5B47c6aFE27b0F5C8319366C6b8FbC0E02104b98#code
Verifying proxy: 0x253C104D05F5Eda314719B6C38Fb2B09322189A6
Contract at 0x253C104D05F5Eda314719B6C38Fb2B09322189A6 already verified.
Linking proxy 0x253C104D05F5Eda314719B6C38Fb2B09322189A6 with implementation
Successfully linked proxy to implementation.
Verifying proxy admin: 0x9ffd2Bf577044b07Ba6E3280Cf5532324351e5F0
The contract 0x9ffd2Bf577044b07Ba6E3280Cf5532324351e5F0 has already been verified.
https://sepolia.etherscan.io/address/0x9ffd2Bf577044b07Ba6E3280Cf5532324351e5F0#code

Proxy fully verified.

Verifying contract...
The contract 0x5B47c6aFE27b0F5C8319366C6b8FbC0E02104b98 has already been verified.
https://sepolia.etherscan.io/address/0x5B47c6aFE27b0F5C8319366C6b8FbC0E02104b98#code
[90m
	Validating getRegistry() == 0x45F8c3d0a415b5b3d4088F29895037e7a08168AC[0m
[32m	✅ PASSED with Result: 0x45F8c3d0a415b5b3d4088F29895037e7a08168AC[0m
[90m
	Validating getTreasury() == 0x5078a23B2C95e1B2f7C2Cee9F1Fb5534d473E781[0m
[32m	✅ PASSED with Result: 0x5078a23B2C95e1B2f7C2Cee9F1Fb5534d473E781[0m
[90m
	Validating getPercentFee() == 0[0m
[32m	✅ PASSED with Result: 0[0m
[90m
	Validating getBaseFee() == 0[0m
[32m	✅ PASSED with Result: 0[0m
[90m
	Validating owner() == 0x5078a23B2C95e1B2f7C2Cee9F1Fb5534d473E781[0m
[32m	✅ PASSED with Result: 0x5078a23B2C95e1B2f7C2Cee9F1Fb5534d473E781[0m

            ////////////////////////////////////////////////////
            Core Allo V2 deployed to:
            ======================================
            ContractFactory: 0xdEe3E6F99aBfe03eC284229B35ed7D5976f56392
            Registry: 0x45F8c3d0a415b5b3d4088F29895037e7a08168AC
            Allo: 0x253C104D05F5Eda314719B6C38Fb2B09322189A6
            DeploymentFactory: 0xdEe3E6F99aBfe03eC284229B35ed7D5976f56392
            ////////////////////////////////////////////////////
          
