
    ////////////////////////////////////////////////////
            Deploys Allo.sol on gnosis
    ////////////////////////////////////////////////////
  
â”Œâ”€â”€â”€â”€â”€â”€â”€â”€â”€â”€â”€â”€â”€â”€â”€â”€â”€â”¬â”€â”€â”€â”€â”€â”€â”€â”€â”€â”€â”€â”€â”€â”€â”€â”€â”€â”€â”€â”€â”€â”€â”€â”€â”€â”€â”€â”€â”€â”€â”€â”€â”€â”€â”€â”€â”€â”€â”€â”€â”€â”€â”€â”€â”€â”€â”
â”‚     (index)     â”‚                    Values                    â”‚
â”œâ”€â”€â”€â”€â”€â”€â”€â”€â”€â”€â”€â”€â”€â”€â”€â”€â”€â”¼â”€â”€â”€â”€â”€â”€â”€â”€â”€â”€â”€â”€â”€â”€â”€â”€â”€â”€â”€â”€â”€â”€â”€â”€â”€â”€â”€â”€â”€â”€â”€â”€â”€â”€â”€â”€â”€â”€â”€â”€â”€â”€â”€â”€â”€â”€â”¤
â”‚    contract     â”‚              'Deploy Allo.sol'               â”‚
â”‚     chainId     â”‚                     100                      â”‚
â”‚     network     â”‚                   'gnosis'                   â”‚
â”‚      owner      â”‚ '0x8C180840fcBb90CE8464B4eCd12ab0f840c6647C' â”‚
â”‚    registry     â”‚ '0x4AAcca72145e1dF2aeC137E1f3C5E3D75DB8b5f3' â”‚
â”‚    treasury     â”‚ '0x8C180840fcBb90CE8464B4eCd12ab0f840c6647C' â”‚
â”‚   percentFee    â”‚                      0                       â”‚
â”‚     baseFee     â”‚                      0                       â”‚
â”‚ deployerAddress â”‚ '0x8C180840fcBb90CE8464B4eCd12ab0f840c6647C' â”‚
â”‚     balance     â”‚           '115.271463708570995248'           â”‚
â””â”€â”€â”€â”€â”€â”€â”€â”€â”€â”€â”€â”€â”€â”€â”€â”€â”€â”´â”€â”€â”€â”€â”€â”€â”€â”€â”€â”€â”€â”€â”€â”€â”€â”€â”€â”€â”€â”€â”€â”€â”€â”€â”€â”€â”€â”€â”€â”€â”€â”€â”€â”€â”€â”€â”€â”€â”€â”€â”€â”€â”€â”€â”€â”€â”˜
Deploying Allo.sol...
Allo Proxy deployed to: 0x1133eA7Af70876e64665ecD07C0A0476d09465a1
Registry implementation deployed to: 0xB087535DB0df98fC4327136e897A5985E5Cfbd66
Proxy Admin:  0x758b87af7fdB4783f848a1dDEa1F025dC48B9858
Proxy Admin Owner:  0x8C180840fcBb90CE8464B4eCd12ab0f840c6647C

Verifying contract...
Verifying implementation: 0xB087535DB0df98fC4327136e897A5985E5Cfbd66
Failed to verify implementation contract at 0xB087535DB0df98fC4327136e897A5985E5Cfbd66: You are trying to verify a contract in 'xdai', but no API token was found for this network. Please provide one in your hardhat config. For example:

{
  ...
  etherscan: {
    apiKey: {
      xdai: 'your API key'
    }
  }
}

See https://etherscan.io/apis
MissingApiKeyError: You are trying to verify a contract in 'xdai', but no API token was found for this network. Please provide one in your hardhat config. For example:

{
  ...
  etherscan: {
    apiKey: {
      xdai: 'your API key'
    }
  }
}

See https://etherscan.io/apis
    at resolveApiKey (/Users/thelostone-mc/Labs/allo/allo-v2/node_modules/.pnpm/@nomicfoundation+hardhat-verify@1.1.1_hardhat@2.22.1/node_modules/@nomicfoundation/hardhat-verify/src/internal/etherscan.ts:290:11)
    at Function.fromChainConfig (/Users/thelostone-mc/Labs/allo/allo-v2/node_modules/.pnpm/@nomicfoundation+hardhat-verify@1.1.1_hardhat@2.22.1/node_modules/@nomicfoundation/hardhat-verify/src/internal/etherscan.ts:75:28)
    at getEtherscanInstance (/Users/thelostone-mc/Labs/allo/allo-v2/node_modules/.pnpm/@openzeppelin+hardhat-upgrades@2.5.1_sym3ukwnpvfhm2yjdhnkm4xtb4/node_modules/@openzeppelin/hardhat-upgrades/src/utils/etherscan-api.ts:50:20)
    at processTicksAndRejections (node:internal/process/task_queues:95:5)
    at async fullVerifyTransparentOrUUPS (/Users/thelostone-mc/Labs/allo/allo-v2/node_modules/.pnpm/@openzeppelin+hardhat-upgrades@2.5.1_sym3ukwnpvfhm2yjdhnkm4xtb4/node_modules/@openzeppelin/hardhat-upgrades/src/verify-proxy.ts:202:21)
    at async verify (/Users/thelostone-mc/Labs/allo/allo-v2/node_modules/.pnpm/@openzeppelin+hardhat-upgrades@2.5.1_sym3ukwnpvfhm2yjdhnkm4xtb4/node_modules/@openzeppelin/hardhat-upgrades/src/verify-proxy.ts:99:5)
    at async OverriddenTaskDefinition._action (/Users/thelostone-mc/Labs/allo/allo-v2/node_modules/.pnpm/@openzeppelin+hardhat-upgrades@2.5.1_sym3ukwnpvfhm2yjdhnkm4xtb4/node_modules/@openzeppelin/hardhat-upgrades/src/index.ts:206:12)
    at async Environment._runTaskDefinition (/Users/thelostone-mc/Labs/allo/allo-v2/node_modules/hardhat/src/internal/core/runtime-environment.ts:359:14)
    at async Environment.run (/Users/thelostone-mc/Labs/allo/allo-v2/node_modules/hardhat/src/internal/core/runtime-environment.ts:192:14)
    at async SimpleTaskDefinition.action (/Users/thelostone-mc/Labs/allo/allo-v2/node_modules/.pnpm/@nomicfoundation+hardhat-verify@1.1.1_hardhat@2.22.1/node_modules/@nomicfoundation/hardhat-verify/src/index.ts:546:7)

Verifying contract...
MissingApiKeyError: You are trying to verify a contract in 'xdai', but no API token was found for this network. Please provide one in your hardhat config. For example:

{
  ...
  etherscan: {
    apiKey: {
      xdai: 'your API key'
    }
  }
}

See https://etherscan.io/apis
    at resolveApiKey (/Users/thelostone-mc/Labs/allo/allo-v2/node_modules/.pnpm/@nomicfoundation+hardhat-verify@1.1.1_hardhat@2.22.1/node_modules/@nomicfoundation/hardhat-verify/src/internal/etherscan.ts:290:11)
    at Function.fromChainConfig (/Users/thelostone-mc/Labs/allo/allo-v2/node_modules/.pnpm/@nomicfoundation+hardhat-verify@1.1.1_hardhat@2.22.1/node_modules/@nomicfoundation/hardhat-verify/src/internal/etherscan.ts:75:28)
    at SimpleTaskDefinition.action (/Users/thelostone-mc/Labs/allo/allo-v2/node_modules/.pnpm/@nomicfoundation+hardhat-verify@1.1.1_hardhat@2.22.1/node_modules/@nomicfoundation/hardhat-verify/src/index.ts:240:35)
    at processTicksAndRejections (node:internal/process/task_queues:95:5)
    at async Environment._runTaskDefinition (/Users/thelostone-mc/Labs/allo/allo-v2/node_modules/hardhat/src/internal/core/runtime-environment.ts:359:14)
    at async hardhatVerify (/Users/thelostone-mc/Labs/allo/allo-v2/node_modules/.pnpm/@openzeppelin+hardhat-upgrades@2.5.1_sym3ukwnpvfhm2yjdhnkm4xtb4/node_modules/@openzeppelin/hardhat-upgrades/src/verify-proxy.ts:118:12)
    at async OverriddenTaskDefinition._action (/Users/thelostone-mc/Labs/allo/allo-v2/node_modules/.pnpm/@openzeppelin+hardhat-upgrades@2.5.1_sym3ukwnpvfhm2yjdhnkm4xtb4/node_modules/@openzeppelin/hardhat-upgrades/src/index.ts:206:12)
    at async Environment._runTaskDefinition (/Users/thelostone-mc/Labs/allo/allo-v2/node_modules/hardhat/src/internal/core/runtime-environment.ts:359:14)
    at async Environment.run (/Users/thelostone-mc/Labs/allo/allo-v2/node_modules/hardhat/src/internal/core/runtime-environment.ts:192:14)
    at async SimpleTaskDefinition.action (/Users/thelostone-mc/Labs/allo/allo-v2/node_modules/.pnpm/@nomicfoundation+hardhat-verify@1.1.1_hardhat@2.22.1/node_modules/@nomicfoundation/hardhat-verify/src/index.ts:546:7)
[90m
	Validating getRegistry() == 0x4AAcca72145e1dF2aeC137E1f3C5E3D75DB8b5f3[0m
[32m	âœ… PASSED with Result: 0x4AAcca72145e1dF2aeC137E1f3C5E3D75DB8b5f3[0m
[90m
	Validating getTreasury() == 0x8C180840fcBb90CE8464B4eCd12ab0f840c6647C[0m
[32m	âœ… PASSED with Result: 0x8C180840fcBb90CE8464B4eCd12ab0f840c6647C[0m
[90m
	Validating getPercentFee() == 0[0m
[32m	âœ… PASSED with Result: 0[0m
[90m
	Validating getBaseFee() == 0[0m
[32m	âœ… PASSED with Result: 0[0m
[90m
	Validating owner() == 0x8C180840fcBb90CE8464B4eCd12ab0f840c6647C[0m
[32m	âœ… PASSED with Result: 0x8C180840fcBb90CE8464B4eCd12ab0f840c6647C[0m
