Warning: Unreachable code.
   --> contracts/strategies/BaseStrategy.sol:174:9:
    |
174 |         _afterRegisterRecipient(_data, _sender);
    |         ^^^^^^^^^^^^^^^^^^^^^^^^^^^^^^^^^^^^^^^


Compiled 112 Solidity files successfully (evm target: paris).

    ////////////////////////////////////////////////////////
    Deploy Strategies on Allo V2 contracts to arbitrum-goerli
    ///////////////////////////////////////////////////////
  

    ////////////////////////////////////////////////////
      Deploys QVSimpleStrategy.sol on arbitrum-goerli
    ////////////////////////////////////////////////////
  
â”Œâ”€â”€â”€â”€â”€â”€â”€â”€â”€â”€â”€â”€â”€â”€â”€â”€â”€â”¬â”€â”€â”€â”€â”€â”€â”€â”€â”€â”€â”€â”€â”€â”€â”€â”€â”€â”€â”€â”€â”€â”€â”€â”€â”€â”€â”€â”€â”€â”€â”€â”€â”€â”€â”€â”€â”€â”€â”€â”€â”€â”€â”€â”€â”€â”€â”
â”‚     (index)     â”‚                    Values                    â”‚
â”œâ”€â”€â”€â”€â”€â”€â”€â”€â”€â”€â”€â”€â”€â”€â”€â”€â”€â”¼â”€â”€â”€â”€â”€â”€â”€â”€â”€â”€â”€â”€â”€â”€â”€â”€â”€â”€â”€â”€â”€â”€â”€â”€â”€â”€â”€â”€â”€â”€â”€â”€â”€â”€â”€â”€â”€â”€â”€â”€â”€â”€â”€â”€â”€â”€â”¤
â”‚    contract     â”‚            'QVSimpleStrategy.sol'            â”‚
â”‚     chainId     â”‚                    421613                    â”‚
â”‚     network     â”‚              'arbitrum-goerli'               â”‚
â”‚ deployerAddress â”‚ '0xda4983d787769A607244C8f061c2a93FC5772240' â”‚
â”‚     balance     â”‚                '1.9992087656'                â”‚
â””â”€â”€â”€â”€â”€â”€â”€â”€â”€â”€â”€â”€â”€â”€â”€â”€â”€â”´â”€â”€â”€â”€â”€â”€â”€â”€â”€â”€â”€â”€â”€â”€â”€â”€â”€â”€â”€â”€â”€â”€â”€â”€â”€â”€â”€â”€â”€â”€â”€â”€â”€â”€â”€â”€â”€â”€â”€â”€â”€â”€â”€â”€â”€â”€â”˜
Deploying QVSimpleStrategy.sol
[35mContract QVSimpleStrategy deployed at address: 0x19F03b5575E254b6639A7817e3D67845687FC5bC[0m

Verifying contract...
Successfully submitted source code for contract
contracts/strategies/qv-simple/QVSimpleStrategy.sol:QVSimpleStrategy at 0x19F03b5575E254b6639A7817e3D67845687FC5bC
for verification on the block explorer. Waiting for verification result...

Successfully verified contract QVSimpleStrategy on the block explorer.
https://arbiscan.io/address/0x19F03b5575E254b6639A7817e3D67845687FC5bC#code
[90m
	Validating getAllo() == 0x33044dAEB67C882F8Dd697394A9319e0b353f59B[0m
[32m	âœ… PASSED with Result: 0x33044dAEB67C882F8Dd697394A9319e0b353f59B[0m
[90m
	Validating getStrategyId() == 0xe31f38abb690c78bc14e4ed13270afafbcb57ef7b2e2015fbc9f744448bd34c2[0m
[32m	âœ… PASSED with Result: 0xe31f38abb690c78bc14e4ed13270afafbcb57ef7b2e2015fbc9f744448bd34c2[0m

    ////////////////////////////////////////////////////
      Deploys RFPSimpleStrategy.sol on arbitrum-goerli
    ////////////////////////////////////////////////////
  
â”Œâ”€â”€â”€â”€â”€â”€â”€â”€â”€â”€â”€â”€â”€â”€â”€â”€â”€â”¬â”€â”€â”€â”€â”€â”€â”€â”€â”€â”€â”€â”€â”€â”€â”€â”€â”€â”€â”€â”€â”€â”€â”€â”€â”€â”€â”€â”€â”€â”€â”€â”€â”€â”€â”€â”€â”€â”€â”€â”€â”€â”€â”€â”€â”€â”€â”
â”‚     (index)     â”‚                    Values                    â”‚
â”œâ”€â”€â”€â”€â”€â”€â”€â”€â”€â”€â”€â”€â”€â”€â”€â”€â”€â”¼â”€â”€â”€â”€â”€â”€â”€â”€â”€â”€â”€â”€â”€â”€â”€â”€â”€â”€â”€â”€â”€â”€â”€â”€â”€â”€â”€â”€â”€â”€â”€â”€â”€â”€â”€â”€â”€â”€â”€â”€â”€â”€â”€â”€â”€â”€â”¤
â”‚    contract     â”‚           'RFPSimpleStrategy.sol'            â”‚
â”‚     chainId     â”‚                    421613                    â”‚
â”‚     network     â”‚              'arbitrum-goerli'               â”‚
â”‚ deployerAddress â”‚ '0xda4983d787769A607244C8f061c2a93FC5772240' â”‚
â”‚     balance     â”‚                '1.9989032603'                â”‚
â””â”€â”€â”€â”€â”€â”€â”€â”€â”€â”€â”€â”€â”€â”€â”€â”€â”€â”´â”€â”€â”€â”€â”€â”€â”€â”€â”€â”€â”€â”€â”€â”€â”€â”€â”€â”€â”€â”€â”€â”€â”€â”€â”€â”€â”€â”€â”€â”€â”€â”€â”€â”€â”€â”€â”€â”€â”€â”€â”€â”€â”€â”€â”€â”€â”˜
Deploying RFPSimpleStrategy.sol
[35mContract RFPSimpleStrategy deployed at address: 0xcc9501442DafEB1D13950c7D8eCb4f54B268Ffa9[0m

Verifying contract...
Successfully submitted source code for contract
contracts/strategies/rfp-simple/RFPSimpleStrategy.sol:RFPSimpleStrategy at 0xcc9501442DafEB1D13950c7D8eCb4f54B268Ffa9
for verification on the block explorer. Waiting for verification result...

Successfully verified contract RFPSimpleStrategy on the block explorer.
https://arbiscan.io/address/0xcc9501442DafEB1D13950c7D8eCb4f54B268Ffa9#code
[90m
	Validating getAllo() == 0x33044dAEB67C882F8Dd697394A9319e0b353f59B[0m
[32m	âœ… PASSED with Result: 0x33044dAEB67C882F8Dd697394A9319e0b353f59B[0m
[90m
	Validating getStrategyId() == 0xa453152c0ac6ce2f4637097bbb7113bcb55c81f35d0304faa57a6001ab8e3430[0m
[32m	âœ… PASSED with Result: 0xa453152c0ac6ce2f4637097bbb7113bcb55c81f35d0304faa57a6001ab8e3430[0m

    ////////////////////////////////////////////////////
      Deploys RFPCommitteeStrategy.sol on arbitrum-goerli
    ////////////////////////////////////////////////////
  
â”Œâ”€â”€â”€â”€â”€â”€â”€â”€â”€â”€â”€â”€â”€â”€â”€â”€â”€â”¬â”€â”€â”€â”€â”€â”€â”€â”€â”€â”€â”€â”€â”€â”€â”€â”€â”€â”€â”€â”€â”€â”€â”€â”€â”€â”€â”€â”€â”€â”€â”€â”€â”€â”€â”€â”€â”€â”€â”€â”€â”€â”€â”€â”€â”€â”€â”
â”‚     (index)     â”‚                    Values                    â”‚
â”œâ”€â”€â”€â”€â”€â”€â”€â”€â”€â”€â”€â”€â”€â”€â”€â”€â”€â”¼â”€â”€â”€â”€â”€â”€â”€â”€â”€â”€â”€â”€â”€â”€â”€â”€â”€â”€â”€â”€â”€â”€â”€â”€â”€â”€â”€â”€â”€â”€â”€â”€â”€â”€â”€â”€â”€â”€â”€â”€â”€â”€â”€â”€â”€â”€â”¤
â”‚    contract     â”‚          'RFPCommitteeStrategy.sol'          â”‚
â”‚     chainId     â”‚                    421613                    â”‚
â”‚     network     â”‚              'arbitrum-goerli'               â”‚
â”‚ deployerAddress â”‚ '0xda4983d787769A607244C8f061c2a93FC5772240' â”‚
â”‚     balance     â”‚                '1.9986230305'                â”‚
â””â”€â”€â”€â”€â”€â”€â”€â”€â”€â”€â”€â”€â”€â”€â”€â”€â”€â”´â”€â”€â”€â”€â”€â”€â”€â”€â”€â”€â”€â”€â”€â”€â”€â”€â”€â”€â”€â”€â”€â”€â”€â”€â”€â”€â”€â”€â”€â”€â”€â”€â”€â”€â”€â”€â”€â”€â”€â”€â”€â”€â”€â”€â”€â”€â”˜
Deploying RFPCommitteeStrategy.sol
[35mContract RFPCommitteeStrategy deployed at address: 0x381A3E1F9aAd885B04bC593C1752d9D99Fb0325B[0m

Verifying contract...
Successfully submitted source code for contract
contracts/strategies/rfp-committee/RFPCommitteeStrategy.sol:RFPCommitteeStrategy at 0x381A3E1F9aAd885B04bC593C1752d9D99Fb0325B
for verification on the block explorer. Waiting for verification result...

Successfully verified contract RFPCommitteeStrategy on the block explorer.
https://arbiscan.io/address/0x381A3E1F9aAd885B04bC593C1752d9D99Fb0325B#code
[90m
	Validating getAllo() == 0x33044dAEB67C882F8Dd697394A9319e0b353f59B[0m
[32m	âœ… PASSED with Result: 0x33044dAEB67C882F8Dd697394A9319e0b353f59B[0m
[90m
	Validating getStrategyId() == 0xa5c308c414fe0ba0c92fd14484afe41a2c65f18cc21c1038184a0c258758f6cf[0m
[32m	âœ… PASSED with Result: 0xa5c308c414fe0ba0c92fd14484afe41a2c65f18cc21c1038184a0c258758f6cf[0m

    ////////////////////////////////////////////////////
      Deploys DonationVotingMerkleDistributionDirectTransferStrategy.sol on arbitrum-goerli
    ////////////////////////////////////////////////////
  
â”Œâ”€â”€â”€â”€â”€â”€â”€â”€â”€â”€â”€â”€â”€â”€â”€â”€â”€â”¬â”€â”€â”€â”€â”€â”€â”€â”€â”€â”€â”€â”€â”€â”€â”€â”€â”€â”€â”€â”€â”€â”€â”€â”€â”€â”€â”€â”€â”€â”€â”€â”€â”€â”€â”€â”€â”€â”€â”€â”€â”€â”€â”€â”€â”€â”€â”€â”€â”€â”€â”€â”€â”€â”€â”€â”€â”€â”€â”€â”€â”€â”€â”
â”‚     (index)     â”‚                            Values                            â”‚
â”œâ”€â”€â”€â”€â”€â”€â”€â”€â”€â”€â”€â”€â”€â”€â”€â”€â”€â”¼â”€â”€â”€â”€â”€â”€â”€â”€â”€â”€â”€â”€â”€â”€â”€â”€â”€â”€â”€â”€â”€â”€â”€â”€â”€â”€â”€â”€â”€â”€â”€â”€â”€â”€â”€â”€â”€â”€â”€â”€â”€â”€â”€â”€â”€â”€â”€â”€â”€â”€â”€â”€â”€â”€â”€â”€â”€â”€â”€â”€â”€â”€â”¤
â”‚    contract     â”‚ 'DonationVotingMerkleDistributionDirectTransferStrategy.sol' â”‚
â”‚     chainId     â”‚                            421613                            â”‚
â”‚     network     â”‚                      'arbitrum-goerli'                       â”‚
â”‚ deployerAddress â”‚         '0xda4983d787769A607244C8f061c2a93FC5772240'         â”‚
â”‚     balance     â”‚                        '1.9983376069'                        â”‚
â””â”€â”€â”€â”€â”€â”€â”€â”€â”€â”€â”€â”€â”€â”€â”€â”€â”€â”´â”€â”€â”€â”€â”€â”€â”€â”€â”€â”€â”€â”€â”€â”€â”€â”€â”€â”€â”€â”€â”€â”€â”€â”€â”€â”€â”€â”€â”€â”€â”€â”€â”€â”€â”€â”€â”€â”€â”€â”€â”€â”€â”€â”€â”€â”€â”€â”€â”€â”€â”€â”€â”€â”€â”€â”€â”€â”€â”€â”€â”€â”€â”˜
Deploying DonationVotingMerkleDistributionDirectTransferStrategy.sol
TypeError: invalid address (argument="address", value="", code=INVALID_ARGUMENT, version=6.8.0) (argument="", value="", code=INVALID_ARGUMENT, version=6.8.0)
    at makeError (/Users/thelostone-mc/Labs/allo/allo-v2/node_modules/ethers/src.ts/utils/errors.ts:687:21)
    at assert (/Users/thelostone-mc/Labs/allo/allo-v2/node_modules/ethers/src.ts/utils/errors.ts:715:25)
    at assertArgument (/Users/thelostone-mc/Labs/allo/allo-v2/node_modules/ethers/src.ts/utils/errors.ts:727:5)
    at AddressCoder._throwError (/Users/thelostone-mc/Labs/allo/allo-v2/node_modules/ethers/src.ts/abi/coders/abstract-coder.ts:340:23)
    at AddressCoder.encode (/Users/thelostone-mc/Labs/allo/allo-v2/node_modules/ethers/src.ts/abi/coders/address.ts:28:25)
    at /Users/thelostone-mc/Labs/allo/allo-v2/node_modules/ethers/src.ts/abi/coders/array.ts:64:19
    at Array.forEach (<anonymous>)
    at pack (/Users/thelostone-mc/Labs/allo/allo-v2/node_modules/ethers/src.ts/abi/coders/array.ts:47:12)
    at TupleCoder.encode (/Users/thelostone-mc/Labs/allo/allo-v2/node_modules/ethers/src.ts/abi/coders/tuple.ts:62:20)
    at AbiCoder.encode (/Users/thelostone-mc/Labs/allo/allo-v2/node_modules/ethers/src.ts/abi/abi-coder.ts:195:15) {
  code: 'INVALID_ARGUMENT',
  argument: '',
  value: '',
  shortMessage: 'invalid address (argument="address", value="", code=INVALID_ARGUMENT, version=6.8.0)'
}
error: "hardhat" exited with code 1 (SIGHUP)
