Warning: Unreachable code.
   --> contracts/strategies/BaseStrategy.sol:174:9:
    |
174 |         _afterRegisterRecipient(_data, _sender);
    |         ^^^^^^^^^^^^^^^^^^^^^^^^^^^^^^^^^^^^^^^


Compiled 112 Solidity files successfully (evm target: paris).

    ////////////////////////////////////////////////////////
    Deploy Strategies on Allo V2 contracts to goerli
    ///////////////////////////////////////////////////////
  

    ////////////////////////////////////////////////////
      Deploys QVSimpleStrategy.sol on goerli
    ////////////////////////////////////////////////////
  
â”Œâ”€â”€â”€â”€â”€â”€â”€â”€â”€â”€â”€â”€â”€â”€â”€â”€â”€â”¬â”€â”€â”€â”€â”€â”€â”€â”€â”€â”€â”€â”€â”€â”€â”€â”€â”€â”€â”€â”€â”€â”€â”€â”€â”€â”€â”€â”€â”€â”€â”€â”€â”€â”€â”€â”€â”€â”€â”€â”€â”€â”€â”€â”€â”€â”€â”
â”‚     (index)     â”‚                    Values                    â”‚
â”œâ”€â”€â”€â”€â”€â”€â”€â”€â”€â”€â”€â”€â”€â”€â”€â”€â”€â”¼â”€â”€â”€â”€â”€â”€â”€â”€â”€â”€â”€â”€â”€â”€â”€â”€â”€â”€â”€â”€â”€â”€â”€â”€â”€â”€â”€â”€â”€â”€â”€â”€â”€â”€â”€â”€â”€â”€â”€â”€â”€â”€â”€â”€â”€â”€â”¤
â”‚    contract     â”‚            'QVSimpleStrategy.sol'            â”‚
â”‚     chainId     â”‚                      5                       â”‚
â”‚     network     â”‚                   'goerli'                   â”‚
â”‚ deployerAddress â”‚ '0xda4983d787769A607244C8f061c2a93FC5772240' â”‚
â”‚     balance     â”‚                 '1.77276992'                 â”‚
â””â”€â”€â”€â”€â”€â”€â”€â”€â”€â”€â”€â”€â”€â”€â”€â”€â”€â”´â”€â”€â”€â”€â”€â”€â”€â”€â”€â”€â”€â”€â”€â”€â”€â”€â”€â”€â”€â”€â”€â”€â”€â”€â”€â”€â”€â”€â”€â”€â”€â”€â”€â”€â”€â”€â”€â”€â”€â”€â”€â”€â”€â”€â”€â”€â”˜
Deploying QVSimpleStrategy.sol

    ////////////////////////////////////////////////////
      Deploys RFPSimpleStrategy.sol on goerli
    ////////////////////////////////////////////////////
  
â”Œâ”€â”€â”€â”€â”€â”€â”€â”€â”€â”€â”€â”€â”€â”€â”€â”€â”€â”¬â”€â”€â”€â”€â”€â”€â”€â”€â”€â”€â”€â”€â”€â”€â”€â”€â”€â”€â”€â”€â”€â”€â”€â”€â”€â”€â”€â”€â”€â”€â”€â”€â”€â”€â”€â”€â”€â”€â”€â”€â”€â”€â”€â”€â”€â”€â”
â”‚     (index)     â”‚                    Values                    â”‚
â”œâ”€â”€â”€â”€â”€â”€â”€â”€â”€â”€â”€â”€â”€â”€â”€â”€â”€â”¼â”€â”€â”€â”€â”€â”€â”€â”€â”€â”€â”€â”€â”€â”€â”€â”€â”€â”€â”€â”€â”€â”€â”€â”€â”€â”€â”€â”€â”€â”€â”€â”€â”€â”€â”€â”€â”€â”€â”€â”€â”€â”€â”€â”€â”€â”€â”¤
â”‚    contract     â”‚           'RFPSimpleStrategy.sol'            â”‚
â”‚     chainId     â”‚                      5                       â”‚
â”‚     network     â”‚                   'goerli'                   â”‚
â”‚ deployerAddress â”‚ '0xda4983d787769A607244C8f061c2a93FC5772240' â”‚
â”‚     balance     â”‚                 '1.77276992'                 â”‚
â””â”€â”€â”€â”€â”€â”€â”€â”€â”€â”€â”€â”€â”€â”€â”€â”€â”€â”´â”€â”€â”€â”€â”€â”€â”€â”€â”€â”€â”€â”€â”€â”€â”€â”€â”€â”€â”€â”€â”€â”€â”€â”€â”€â”€â”€â”€â”€â”€â”€â”€â”€â”€â”€â”€â”€â”€â”€â”€â”€â”€â”€â”€â”€â”€â”˜
Deploying RFPSimpleStrategy.sol
[35mContract QVSimpleStrategy deployed at address: 0x020AFE7C5B5328468424b8A530C19b4FEe1dFfbc[0m

Verifying contract...
[35mContract RFPSimpleStrategy deployed at address: 0x27EeD497773b51B8b2Dbd4a592936438f2564aa0[0m

Verifying contract...
Successfully submitted source code for contract
contracts/strategies/rfp-simple/RFPSimpleStrategy.sol:RFPSimpleStrategy at 0x27EeD497773b51B8b2Dbd4a592936438f2564aa0
for verification on the block explorer. Waiting for verification result...

Successfully submitted source code for contract
contracts/strategies/qv-simple/QVSimpleStrategy.sol:QVSimpleStrategy at 0x020AFE7C5B5328468424b8A530C19b4FEe1dFfbc
for verification on the block explorer. Waiting for verification result...

Successfully verified contract RFPSimpleStrategy on the block explorer.
https://goerli.etherscan.io/address/0x27EeD497773b51B8b2Dbd4a592936438f2564aa0#code
Successfully verified contract QVSimpleStrategy on the block explorer.
https://goerli.etherscan.io/address/0x020AFE7C5B5328468424b8A530C19b4FEe1dFfbc#code
[90m
	Validating getAllo() == 0x33044dAEB67C882F8Dd697394A9319e0b353f59B[0m
[90m
	Validating getAllo() == 0x33044dAEB67C882F8Dd697394A9319e0b353f59B[0m
[32m	âœ… PASSED with Result: 0x33044dAEB67C882F8Dd697394A9319e0b353f59B[0m
[90m
	Validating getStrategyId() == 0xcb5da43829d3e5ff24f27f44fe261360825f72edcba85643b77af4b2d72b8e42[0m
[32m	âœ… PASSED with Result: 0x33044dAEB67C882F8Dd697394A9319e0b353f59B[0m
[90m
	Validating getStrategyId() == 0x426c6ab23c9a9cbe87073d9b6aa56fecba88a686b1c6c2f5ab5b57897a5e4b3f[0m
[32m	âœ… PASSED with Result: 0x426c6ab23c9a9cbe87073d9b6aa56fecba88a686b1c6c2f5ab5b57897a5e4b3f[0m
[32m	âœ… PASSED with Result: 0xcb5da43829d3e5ff24f27f44fe261360825f72edcba85643b77af4b2d72b8e42[0m

    ////////////////////////////////////////////////////
      Deploys RFPCommitteeStrategy.sol on goerli
    ////////////////////////////////////////////////////
  
â”Œâ”€â”€â”€â”€â”€â”€â”€â”€â”€â”€â”€â”€â”€â”€â”€â”€â”€â”¬â”€â”€â”€â”€â”€â”€â”€â”€â”€â”€â”€â”€â”€â”€â”€â”€â”€â”€â”€â”€â”€â”€â”€â”€â”€â”€â”€â”€â”€â”€â”€â”€â”€â”€â”€â”€â”€â”€â”€â”€â”€â”€â”€â”€â”€â”€â”
â”‚     (index)     â”‚                    Values                    â”‚
â”œâ”€â”€â”€â”€â”€â”€â”€â”€â”€â”€â”€â”€â”€â”€â”€â”€â”€â”¼â”€â”€â”€â”€â”€â”€â”€â”€â”€â”€â”€â”€â”€â”€â”€â”€â”€â”€â”€â”€â”€â”€â”€â”€â”€â”€â”€â”€â”€â”€â”€â”€â”€â”€â”€â”€â”€â”€â”€â”€â”€â”€â”€â”€â”€â”€â”¤
â”‚    contract     â”‚          'RFPCommitteeStrategy.sol'          â”‚
â”‚     chainId     â”‚                      5                       â”‚
â”‚     network     â”‚                   'goerli'                   â”‚
â”‚ deployerAddress â”‚ '0xda4983d787769A607244C8f061c2a93FC5772240' â”‚
â”‚     balance     â”‚                 '1.59700121'                 â”‚
â””â”€â”€â”€â”€â”€â”€â”€â”€â”€â”€â”€â”€â”€â”€â”€â”€â”€â”´â”€â”€â”€â”€â”€â”€â”€â”€â”€â”€â”€â”€â”€â”€â”€â”€â”€â”€â”€â”€â”€â”€â”€â”€â”€â”€â”€â”€â”€â”€â”€â”€â”€â”€â”€â”€â”€â”€â”€â”€â”€â”€â”€â”€â”€â”€â”˜
Deploying RFPCommitteeStrategy.sol
[35mContract RFPCommitteeStrategy deployed at address: 0x9a80D27D5359adfcc74F8eE71220e54f8f1E0930[0m

Verifying contract...
Successfully submitted source code for contract
contracts/strategies/rfp-committee/RFPCommitteeStrategy.sol:RFPCommitteeStrategy at 0x9a80D27D5359adfcc74F8eE71220e54f8f1E0930
for verification on the block explorer. Waiting for verification result...

Successfully verified contract RFPCommitteeStrategy on the block explorer.
https://goerli.etherscan.io/address/0x9a80D27D5359adfcc74F8eE71220e54f8f1E0930#code
[90m
	Validating getAllo() == 0x33044dAEB67C882F8Dd697394A9319e0b353f59B[0m
[32m	âœ… PASSED with Result: 0x33044dAEB67C882F8Dd697394A9319e0b353f59B[0m
[90m
	Validating getStrategyId() == 0x851c2e212b8ce97d63e01e9de7e7383eeae88ddd56eb1bfc06515828c6604996[0m
[32m	âœ… PASSED with Result: 0x851c2e212b8ce97d63e01e9de7e7383eeae88ddd56eb1bfc06515828c6604996[0m

    ////////////////////////////////////////////////////
      Deploys DonationVotingMerkleDistributionDirectTransferStrategy.sol on goerli
    ////////////////////////////////////////////////////
  
â”Œâ”€â”€â”€â”€â”€â”€â”€â”€â”€â”€â”€â”€â”€â”€â”€â”€â”€â”¬â”€â”€â”€â”€â”€â”€â”€â”€â”€â”€â”€â”€â”€â”€â”€â”€â”€â”€â”€â”€â”€â”€â”€â”€â”€â”€â”€â”€â”€â”€â”€â”€â”€â”€â”€â”€â”€â”€â”€â”€â”€â”€â”€â”€â”€â”€â”€â”€â”€â”€â”€â”€â”€â”€â”€â”€â”€â”€â”€â”€â”€â”€â”
â”‚     (index)     â”‚                            Values                            â”‚
â”œâ”€â”€â”€â”€â”€â”€â”€â”€â”€â”€â”€â”€â”€â”€â”€â”€â”€â”¼â”€â”€â”€â”€â”€â”€â”€â”€â”€â”€â”€â”€â”€â”€â”€â”€â”€â”€â”€â”€â”€â”€â”€â”€â”€â”€â”€â”€â”€â”€â”€â”€â”€â”€â”€â”€â”€â”€â”€â”€â”€â”€â”€â”€â”€â”€â”€â”€â”€â”€â”€â”€â”€â”€â”€â”€â”€â”€â”€â”€â”€â”€â”¤
â”‚    contract     â”‚ 'DonationVotingMerkleDistributionDirectTransferStrategy.sol' â”‚
â”‚     chainId     â”‚                              5                               â”‚
â”‚     network     â”‚                           'goerli'                           â”‚
â”‚ deployerAddress â”‚         '0xda4983d787769A607244C8f061c2a93FC5772240'         â”‚
â”‚     balance     â”‚                         '1.51135073'                         â”‚
â””â”€â”€â”€â”€â”€â”€â”€â”€â”€â”€â”€â”€â”€â”€â”€â”€â”€â”´â”€â”€â”€â”€â”€â”€â”€â”€â”€â”€â”€â”€â”€â”€â”€â”€â”€â”€â”€â”€â”€â”€â”€â”€â”€â”€â”€â”€â”€â”€â”€â”€â”€â”€â”€â”€â”€â”€â”€â”€â”€â”€â”€â”€â”€â”€â”€â”€â”€â”€â”€â”€â”€â”€â”€â”€â”€â”€â”€â”€â”€â”€â”˜
Deploying DonationVotingMerkleDistributionDirectTransferStrategy.sol
TypeError: invalid address (argument="address", value="", code=INVALID_ARGUMENT, version=6.8.0) (argument="", value="", code=INVALID_ARGUMENT, version=6.8.0)
    at makeError (/Users/thelostone-mc/Labs/allo/allo-v2/node_modules/ethers/src.ts/utils/errors.ts:687:21)
    at assert (/Users/thelostone-mc/Labs/allo/allo-v2/node_modules/ethers/src.ts/utils/errors.ts:715:25)
    at assertArgument (/Users/thelostone-mc/Labs/allo/allo-v2/node_modules/ethers/src.ts/utils/errors.ts:727:5)
    at AddressCoder._throwError (/Users/thelostone-mc/Labs/allo/allo-v2/node_modules/ethers/src.ts/abi/coders/abstract-coder.ts:340:23)
    at AddressCoder.encode (/Users/thelostone-mc/Labs/allo/allo-v2/node_modules/ethers/src.ts/abi/coders/address.ts:28:25)
    at /Users/thelostone-mc/Labs/allo/allo-v2/node_modules/ethers/src.ts/abi/coders/array.ts:64:19
    at Array.forEach (<anonymous>)
    at pack (/Users/thelostone-mc/Labs/allo/allo-v2/node_modules/ethers/src.ts/abi/coders/array.ts:47:12)
    at TupleCoder.encode (/Users/thelostone-mc/Labs/allo/allo-v2/node_modules/ethers/src.ts/abi/coders/tuple.ts:62:20)
    at AbiCoder.encode (/Users/thelostone-mc/Labs/allo/allo-v2/node_modules/ethers/src.ts/abi/abi-coder.ts:195:15) {
  code: 'INVALID_ARGUMENT',
  argument: '',
  value: '',
  shortMessage: 'invalid address (argument="address", value="", code=INVALID_ARGUMENT, version=6.8.0)'
}
error: "hardhat" exited with code 1 (SIGHUP)
