Warning: Unreachable code.
   --> contracts/strategies/BaseStrategy.sol:174:9:
    |
174 |         _afterRegisterRecipient(_data, _sender);
    |         ^^^^^^^^^^^^^^^^^^^^^^^^^^^^^^^^^^^^^^^


Compiled 112 Solidity files successfully (evm target: paris).

    ////////////////////////////////////////////////////////
    Deploy Strategies on Allo V2 contracts to mumbai
    ///////////////////////////////////////////////////////
  

    ////////////////////////////////////////////////////
      Deploys QVSimpleStrategy.sol on mumbai
    ////////////////////////////////////////////////////
  
â”Œâ”€â”€â”€â”€â”€â”€â”€â”€â”€â”€â”€â”€â”€â”€â”€â”€â”€â”¬â”€â”€â”€â”€â”€â”€â”€â”€â”€â”€â”€â”€â”€â”€â”€â”€â”€â”€â”€â”€â”€â”€â”€â”€â”€â”€â”€â”€â”€â”€â”€â”€â”€â”€â”€â”€â”€â”€â”€â”€â”€â”€â”€â”€â”€â”€â”
â”‚     (index)     â”‚                    Values                    â”‚
â”œâ”€â”€â”€â”€â”€â”€â”€â”€â”€â”€â”€â”€â”€â”€â”€â”€â”€â”¼â”€â”€â”€â”€â”€â”€â”€â”€â”€â”€â”€â”€â”€â”€â”€â”€â”€â”€â”€â”€â”€â”€â”€â”€â”€â”€â”€â”€â”€â”€â”€â”€â”€â”€â”€â”€â”€â”€â”€â”€â”€â”€â”€â”€â”€â”€â”¤
â”‚    contract     â”‚            'QVSimpleStrategy.sol'            â”‚
â”‚     chainId     â”‚                    80001                     â”‚
â”‚     network     â”‚                   'mumbai'                   â”‚
â”‚ deployerAddress â”‚ '0xda4983d787769A607244C8f061c2a93FC5772240' â”‚
â”‚     balance     â”‚                 '9.84851352'                 â”‚
â””â”€â”€â”€â”€â”€â”€â”€â”€â”€â”€â”€â”€â”€â”€â”€â”€â”€â”´â”€â”€â”€â”€â”€â”€â”€â”€â”€â”€â”€â”€â”€â”€â”€â”€â”€â”€â”€â”€â”€â”€â”€â”€â”€â”€â”€â”€â”€â”€â”€â”€â”€â”€â”€â”€â”€â”€â”€â”€â”€â”€â”€â”€â”€â”€â”˜
Deploying QVSimpleStrategy.sol
[35mContract QVSimpleStrategy deployed at address: 0x020AFE7C5B5328468424b8A530C19b4FEe1dFfbc[0m

Verifying contract...
HardhatVerifyError: Error!
    at Etherscan.verify (/Users/thelostone-mc/Labs/allo/allo-v2/node_modules/@nomicfoundation/hardhat-verify/src/internal/etherscan.ts:173:13)
    at processTicksAndRejections (node:internal/process/task_queues:95:5)
    at async SimpleTaskDefinition.action (/Users/thelostone-mc/Labs/allo/allo-v2/node_modules/@nomicfoundation/hardhat-verify/src/index.ts:471:33)
    at async Environment._runTaskDefinition (/Users/thelostone-mc/Labs/allo/allo-v2/node_modules/hardhat/src/internal/core/runtime-environment.ts:358:14)
    at async Environment.run (/Users/thelostone-mc/Labs/allo/allo-v2/node_modules/hardhat/src/internal/core/runtime-environment.ts:191:14)
    at async SimpleTaskDefinition.action (/Users/thelostone-mc/Labs/allo/allo-v2/node_modules/@nomicfoundation/hardhat-verify/src/index.ts:298:9)
    at async Environment._runTaskDefinition (/Users/thelostone-mc/Labs/allo/allo-v2/node_modules/hardhat/src/internal/core/runtime-environment.ts:358:14)
    at async hardhatVerify (/Users/thelostone-mc/Labs/allo/allo-v2/node_modules/@openzeppelin/hardhat-upgrades/src/verify-proxy.ts:118:12)
    at async OverriddenTaskDefinition._action (/Users/thelostone-mc/Labs/allo/allo-v2/node_modules/@openzeppelin/hardhat-upgrades/src/index.ts:198:12)
    at async Environment._runTaskDefinition (/Users/thelostone-mc/Labs/allo/allo-v2/node_modules/hardhat/src/internal/core/runtime-environment.ts:358:14)
[90m
	Validating getAllo() == 0x33044dAEB67C882F8Dd697394A9319e0b353f59B[0m
[32m	âœ… PASSED with Result: 0x33044dAEB67C882F8Dd697394A9319e0b353f59B[0m
[90m
	Validating getStrategyId() == 0x426c6ab23c9a9cbe87073d9b6aa56fecba88a686b1c6c2f5ab5b57897a5e4b3f[0m
[32m	âœ… PASSED with Result: 0x426c6ab23c9a9cbe87073d9b6aa56fecba88a686b1c6c2f5ab5b57897a5e4b3f[0m

    ////////////////////////////////////////////////////
      Deploys RFPSimpleStrategy.sol on mumbai
    ////////////////////////////////////////////////////
  
â”Œâ”€â”€â”€â”€â”€â”€â”€â”€â”€â”€â”€â”€â”€â”€â”€â”€â”€â”¬â”€â”€â”€â”€â”€â”€â”€â”€â”€â”€â”€â”€â”€â”€â”€â”€â”€â”€â”€â”€â”€â”€â”€â”€â”€â”€â”€â”€â”€â”€â”€â”€â”€â”€â”€â”€â”€â”€â”€â”€â”€â”€â”€â”€â”€â”€â”
â”‚     (index)     â”‚                    Values                    â”‚
â”œâ”€â”€â”€â”€â”€â”€â”€â”€â”€â”€â”€â”€â”€â”€â”€â”€â”€â”¼â”€â”€â”€â”€â”€â”€â”€â”€â”€â”€â”€â”€â”€â”€â”€â”€â”€â”€â”€â”€â”€â”€â”€â”€â”€â”€â”€â”€â”€â”€â”€â”€â”€â”€â”€â”€â”€â”€â”€â”€â”€â”€â”€â”€â”€â”€â”¤
â”‚    contract     â”‚           'RFPSimpleStrategy.sol'            â”‚
â”‚     chainId     â”‚                    80001                     â”‚
â”‚     network     â”‚                   'mumbai'                   â”‚
â”‚ deployerAddress â”‚ '0xda4983d787769A607244C8f061c2a93FC5772240' â”‚
â”‚     balance     â”‚                 '9.78739562'                 â”‚
â””â”€â”€â”€â”€â”€â”€â”€â”€â”€â”€â”€â”€â”€â”€â”€â”€â”€â”´â”€â”€â”€â”€â”€â”€â”€â”€â”€â”€â”€â”€â”€â”€â”€â”€â”€â”€â”€â”€â”€â”€â”€â”€â”€â”€â”€â”€â”€â”€â”€â”€â”€â”€â”€â”€â”€â”€â”€â”€â”€â”€â”€â”€â”€â”€â”˜
Deploying RFPSimpleStrategy.sol
[35mContract RFPSimpleStrategy deployed at address: 0x27EeD497773b51B8b2Dbd4a592936438f2564aa0[0m

Verifying contract...
HardhatVerifyError: Error!
    at Etherscan.verify (/Users/thelostone-mc/Labs/allo/allo-v2/node_modules/@nomicfoundation/hardhat-verify/src/internal/etherscan.ts:173:13)
    at processTicksAndRejections (node:internal/process/task_queues:95:5)
    at async SimpleTaskDefinition.action (/Users/thelostone-mc/Labs/allo/allo-v2/node_modules/@nomicfoundation/hardhat-verify/src/index.ts:471:33)
    at async Environment._runTaskDefinition (/Users/thelostone-mc/Labs/allo/allo-v2/node_modules/hardhat/src/internal/core/runtime-environment.ts:358:14)
    at async Environment.run (/Users/thelostone-mc/Labs/allo/allo-v2/node_modules/hardhat/src/internal/core/runtime-environment.ts:191:14)
    at async SimpleTaskDefinition.action (/Users/thelostone-mc/Labs/allo/allo-v2/node_modules/@nomicfoundation/hardhat-verify/src/index.ts:298:9)
    at async Environment._runTaskDefinition (/Users/thelostone-mc/Labs/allo/allo-v2/node_modules/hardhat/src/internal/core/runtime-environment.ts:358:14)
    at async hardhatVerify (/Users/thelostone-mc/Labs/allo/allo-v2/node_modules/@openzeppelin/hardhat-upgrades/src/verify-proxy.ts:118:12)
    at async OverriddenTaskDefinition._action (/Users/thelostone-mc/Labs/allo/allo-v2/node_modules/@openzeppelin/hardhat-upgrades/src/index.ts:198:12)
    at async Environment._runTaskDefinition (/Users/thelostone-mc/Labs/allo/allo-v2/node_modules/hardhat/src/internal/core/runtime-environment.ts:358:14)
[90m
	Validating getAllo() == 0x33044dAEB67C882F8Dd697394A9319e0b353f59B[0m
[32m	âœ… PASSED with Result: 0x33044dAEB67C882F8Dd697394A9319e0b353f59B[0m
[90m
	Validating getStrategyId() == 0xcb5da43829d3e5ff24f27f44fe261360825f72edcba85643b77af4b2d72b8e42[0m
[32m	âœ… PASSED with Result: 0xcb5da43829d3e5ff24f27f44fe261360825f72edcba85643b77af4b2d72b8e42[0m

    ////////////////////////////////////////////////////
      Deploys RFPCommitteeStrategy.sol on mumbai
    ////////////////////////////////////////////////////
  
â”Œâ”€â”€â”€â”€â”€â”€â”€â”€â”€â”€â”€â”€â”€â”€â”€â”€â”€â”¬â”€â”€â”€â”€â”€â”€â”€â”€â”€â”€â”€â”€â”€â”€â”€â”€â”€â”€â”€â”€â”€â”€â”€â”€â”€â”€â”€â”€â”€â”€â”€â”€â”€â”€â”€â”€â”€â”€â”€â”€â”€â”€â”€â”€â”€â”€â”
â”‚     (index)     â”‚                    Values                    â”‚
â”œâ”€â”€â”€â”€â”€â”€â”€â”€â”€â”€â”€â”€â”€â”€â”€â”€â”€â”¼â”€â”€â”€â”€â”€â”€â”€â”€â”€â”€â”€â”€â”€â”€â”€â”€â”€â”€â”€â”€â”€â”€â”€â”€â”€â”€â”€â”€â”€â”€â”€â”€â”€â”€â”€â”€â”€â”€â”€â”€â”€â”€â”€â”€â”€â”€â”¤
â”‚    contract     â”‚          'RFPCommitteeStrategy.sol'          â”‚
â”‚     chainId     â”‚                    80001                     â”‚
â”‚     network     â”‚                   'mumbai'                   â”‚
â”‚ deployerAddress â”‚ '0xda4983d787769A607244C8f061c2a93FC5772240' â”‚
â”‚     balance     â”‚                 '9.73133438'                 â”‚
â””â”€â”€â”€â”€â”€â”€â”€â”€â”€â”€â”€â”€â”€â”€â”€â”€â”€â”´â”€â”€â”€â”€â”€â”€â”€â”€â”€â”€â”€â”€â”€â”€â”€â”€â”€â”€â”€â”€â”€â”€â”€â”€â”€â”€â”€â”€â”€â”€â”€â”€â”€â”€â”€â”€â”€â”€â”€â”€â”€â”€â”€â”€â”€â”€â”˜
Deploying RFPCommitteeStrategy.sol
[35mContract RFPCommitteeStrategy deployed at address: 0x9a80D27D5359adfcc74F8eE71220e54f8f1E0930[0m

Verifying contract...
HardhatVerifyError: Error!
    at Etherscan.verify (/Users/thelostone-mc/Labs/allo/allo-v2/node_modules/@nomicfoundation/hardhat-verify/src/internal/etherscan.ts:173:13)
    at processTicksAndRejections (node:internal/process/task_queues:95:5)
    at async SimpleTaskDefinition.action (/Users/thelostone-mc/Labs/allo/allo-v2/node_modules/@nomicfoundation/hardhat-verify/src/index.ts:471:33)
    at async Environment._runTaskDefinition (/Users/thelostone-mc/Labs/allo/allo-v2/node_modules/hardhat/src/internal/core/runtime-environment.ts:358:14)
    at async Environment.run (/Users/thelostone-mc/Labs/allo/allo-v2/node_modules/hardhat/src/internal/core/runtime-environment.ts:191:14)
    at async SimpleTaskDefinition.action (/Users/thelostone-mc/Labs/allo/allo-v2/node_modules/@nomicfoundation/hardhat-verify/src/index.ts:298:9)
    at async Environment._runTaskDefinition (/Users/thelostone-mc/Labs/allo/allo-v2/node_modules/hardhat/src/internal/core/runtime-environment.ts:358:14)
    at async hardhatVerify (/Users/thelostone-mc/Labs/allo/allo-v2/node_modules/@openzeppelin/hardhat-upgrades/src/verify-proxy.ts:118:12)
    at async OverriddenTaskDefinition._action (/Users/thelostone-mc/Labs/allo/allo-v2/node_modules/@openzeppelin/hardhat-upgrades/src/index.ts:198:12)
    at async Environment._runTaskDefinition (/Users/thelostone-mc/Labs/allo/allo-v2/node_modules/hardhat/src/internal/core/runtime-environment.ts:358:14)
[90m
	Validating getAllo() == 0x33044dAEB67C882F8Dd697394A9319e0b353f59B[0m
[32m	âœ… PASSED with Result: 0x33044dAEB67C882F8Dd697394A9319e0b353f59B[0m
[90m
	Validating getStrategyId() == 0x851c2e212b8ce97d63e01e9de7e7383eeae88ddd56eb1bfc06515828c6604996[0m
[32m	âœ… PASSED with Result: 0x851c2e212b8ce97d63e01e9de7e7383eeae88ddd56eb1bfc06515828c6604996[0m

    ////////////////////////////////////////////////////
      Deploys DonationVotingMerkleDistributionDirectTransferStrategy.sol on mumbai
    ////////////////////////////////////////////////////
  
â”Œâ”€â”€â”€â”€â”€â”€â”€â”€â”€â”€â”€â”€â”€â”€â”€â”€â”€â”¬â”€â”€â”€â”€â”€â”€â”€â”€â”€â”€â”€â”€â”€â”€â”€â”€â”€â”€â”€â”€â”€â”€â”€â”€â”€â”€â”€â”€â”€â”€â”€â”€â”€â”€â”€â”€â”€â”€â”€â”€â”€â”€â”€â”€â”€â”€â”€â”€â”€â”€â”€â”€â”€â”€â”€â”€â”€â”€â”€â”€â”€â”€â”
â”‚     (index)     â”‚                            Values                            â”‚
â”œâ”€â”€â”€â”€â”€â”€â”€â”€â”€â”€â”€â”€â”€â”€â”€â”€â”€â”¼â”€â”€â”€â”€â”€â”€â”€â”€â”€â”€â”€â”€â”€â”€â”€â”€â”€â”€â”€â”€â”€â”€â”€â”€â”€â”€â”€â”€â”€â”€â”€â”€â”€â”€â”€â”€â”€â”€â”€â”€â”€â”€â”€â”€â”€â”€â”€â”€â”€â”€â”€â”€â”€â”€â”€â”€â”€â”€â”€â”€â”€â”€â”¤
â”‚    contract     â”‚ 'DonationVotingMerkleDistributionDirectTransferStrategy.sol' â”‚
â”‚     chainId     â”‚                            80001                             â”‚
â”‚     network     â”‚                           'mumbai'                           â”‚
â”‚ deployerAddress â”‚         '0xda4983d787769A607244C8f061c2a93FC5772240'         â”‚
â”‚     balance     â”‚                         '9.67423406'                         â”‚
â””â”€â”€â”€â”€â”€â”€â”€â”€â”€â”€â”€â”€â”€â”€â”€â”€â”€â”´â”€â”€â”€â”€â”€â”€â”€â”€â”€â”€â”€â”€â”€â”€â”€â”€â”€â”€â”€â”€â”€â”€â”€â”€â”€â”€â”€â”€â”€â”€â”€â”€â”€â”€â”€â”€â”€â”€â”€â”€â”€â”€â”€â”€â”€â”€â”€â”€â”€â”€â”€â”€â”€â”€â”€â”€â”€â”€â”€â”€â”€â”€â”˜
Deploying DonationVotingMerkleDistributionDirectTransferStrategy.sol
[35mContract DonationVotingMerkleDistributionDirectTransferStrategy deployed at address: 0xC8364D945f55d5aceA457Be4fE33bcE2d4964bBC[0m

Verifying contract...
HardhatVerifyError: Error!
    at Etherscan.verify (/Users/thelostone-mc/Labs/allo/allo-v2/node_modules/@nomicfoundation/hardhat-verify/src/internal/etherscan.ts:173:13)
    at processTicksAndRejections (node:internal/process/task_queues:95:5)
    at async SimpleTaskDefinition.action (/Users/thelostone-mc/Labs/allo/allo-v2/node_modules/@nomicfoundation/hardhat-verify/src/index.ts:471:33)
    at async Environment._runTaskDefinition (/Users/thelostone-mc/Labs/allo/allo-v2/node_modules/hardhat/src/internal/core/runtime-environment.ts:358:14)
    at async Environment.run (/Users/thelostone-mc/Labs/allo/allo-v2/node_modules/hardhat/src/internal/core/runtime-environment.ts:191:14)
    at async SimpleTaskDefinition.action (/Users/thelostone-mc/Labs/allo/allo-v2/node_modules/@nomicfoundation/hardhat-verify/src/index.ts:298:9)
    at async Environment._runTaskDefinition (/Users/thelostone-mc/Labs/allo/allo-v2/node_modules/hardhat/src/internal/core/runtime-environment.ts:358:14)
    at async hardhatVerify (/Users/thelostone-mc/Labs/allo/allo-v2/node_modules/@openzeppelin/hardhat-upgrades/src/verify-proxy.ts:118:12)
    at async OverriddenTaskDefinition._action (/Users/thelostone-mc/Labs/allo/allo-v2/node_modules/@openzeppelin/hardhat-upgrades/src/index.ts:198:12)
    at async Environment._runTaskDefinition (/Users/thelostone-mc/Labs/allo/allo-v2/node_modules/hardhat/src/internal/core/runtime-environment.ts:358:14)
[90m
	Validating getAllo() == 0x33044dAEB67C882F8Dd697394A9319e0b353f59B[0m
[32m	âœ… PASSED with Result: 0x33044dAEB67C882F8Dd697394A9319e0b353f59B[0m
[90m
	Validating getStrategyId() == 0x3d153d330e5749340e78a3328cf599998d873ab33aa01aac24730596c5cd6e77[0m
[32m	âœ… PASSED with Result: 0x3d153d330e5749340e78a3328cf599998d873ab33aa01aac24730596c5cd6e77[0m
[90m
	Validating PERMIT2() == 0x000000000022d473030f116ddee9f6b43ac78ba3[0m
[32m	âœ… PASSED with Result: 0x000000000022d473030f116ddee9f6b43ac78ba3[0m

    ////////////////////////////////////////////////////
      Deploys DonationVotingMerkleDistributionVaultStrategy.sol on mumbai
    ////////////////////////////////////////////////////
  
â”Œâ”€â”€â”€â”€â”€â”€â”€â”€â”€â”€â”€â”€â”€â”€â”€â”€â”€â”¬â”€â”€â”€â”€â”€â”€â”€â”€â”€â”€â”€â”€â”€â”€â”€â”€â”€â”€â”€â”€â”€â”€â”€â”€â”€â”€â”€â”€â”€â”€â”€â”€â”€â”€â”€â”€â”€â”€â”€â”€â”€â”€â”€â”€â”€â”€â”€â”€â”€â”€â”€â”€â”€â”
â”‚     (index)     â”‚                       Values                        â”‚
â”œâ”€â”€â”€â”€â”€â”€â”€â”€â”€â”€â”€â”€â”€â”€â”€â”€â”€â”¼â”€â”€â”€â”€â”€â”€â”€â”€â”€â”€â”€â”€â”€â”€â”€â”€â”€â”€â”€â”€â”€â”€â”€â”€â”€â”€â”€â”€â”€â”€â”€â”€â”€â”€â”€â”€â”€â”€â”€â”€â”€â”€â”€â”€â”€â”€â”€â”€â”€â”€â”€â”€â”€â”¤
â”‚    contract     â”‚ 'DonationVotingMerkleDistributionVaultStrategy.sol' â”‚
â”‚     chainId     â”‚                        80001                        â”‚
â”‚     network     â”‚                      'mumbai'                       â”‚
â”‚ deployerAddress â”‚    '0xda4983d787769A607244C8f061c2a93FC5772240'     â”‚
â”‚     balance     â”‚                    '9.60860108'                     â”‚
â””â”€â”€â”€â”€â”€â”€â”€â”€â”€â”€â”€â”€â”€â”€â”€â”€â”€â”´â”€â”€â”€â”€â”€â”€â”€â”€â”€â”€â”€â”€â”€â”€â”€â”€â”€â”€â”€â”€â”€â”€â”€â”€â”€â”€â”€â”€â”€â”€â”€â”€â”€â”€â”€â”€â”€â”€â”€â”€â”€â”€â”€â”€â”€â”€â”€â”€â”€â”€â”€â”€â”€â”˜
Deploying DonationVotingMerkleDistributionVaultStrategy.sol
[35mContract DonationVotingMerkleDistributionVaultStrategy deployed at address: 0x3556D76c60f1aab990Bb442632F372A0A035a8b7[0m

Verifying contract...
HardhatVerifyError: Error!
    at Etherscan.verify (/Users/thelostone-mc/Labs/allo/allo-v2/node_modules/@nomicfoundation/hardhat-verify/src/internal/etherscan.ts:173:13)
    at processTicksAndRejections (node:internal/process/task_queues:95:5)
    at async SimpleTaskDefinition.action (/Users/thelostone-mc/Labs/allo/allo-v2/node_modules/@nomicfoundation/hardhat-verify/src/index.ts:471:33)
    at async Environment._runTaskDefinition (/Users/thelostone-mc/Labs/allo/allo-v2/node_modules/hardhat/src/internal/core/runtime-environment.ts:358:14)
    at async Environment.run (/Users/thelostone-mc/Labs/allo/allo-v2/node_modules/hardhat/src/internal/core/runtime-environment.ts:191:14)
    at async SimpleTaskDefinition.action (/Users/thelostone-mc/Labs/allo/allo-v2/node_modules/@nomicfoundation/hardhat-verify/src/index.ts:298:9)
    at async Environment._runTaskDefinition (/Users/thelostone-mc/Labs/allo/allo-v2/node_modules/hardhat/src/internal/core/runtime-environment.ts:358:14)
    at async hardhatVerify (/Users/thelostone-mc/Labs/allo/allo-v2/node_modules/@openzeppelin/hardhat-upgrades/src/verify-proxy.ts:118:12)
    at async OverriddenTaskDefinition._action (/Users/thelostone-mc/Labs/allo/allo-v2/node_modules/@openzeppelin/hardhat-upgrades/src/index.ts:198:12)
    at async Environment._runTaskDefinition (/Users/thelostone-mc/Labs/allo/allo-v2/node_modules/hardhat/src/internal/core/runtime-environment.ts:358:14)
[90m
	Validating getAllo() == 0x33044dAEB67C882F8Dd697394A9319e0b353f59B[0m
[32m	âœ… PASSED with Result: 0x33044dAEB67C882F8Dd697394A9319e0b353f59B[0m
[90m
	Validating getStrategyId() == 0xbf38c40ee207066ac165fc50e196cb442249bdc0ad738bbd2955a304944ef79c[0m
[32m	âœ… PASSED with Result: 0xbf38c40ee207066ac165fc50e196cb442249bdc0ad738bbd2955a304944ef79c[0m
[90m
	Validating PERMIT2() == 0x000000000022d473030f116ddee9f6b43ac78ba3[0m
[32m	âœ… PASSED with Result: 0x000000000022d473030f116ddee9f6b43ac78ba3[0m

    ////////////////////////////////////////////////////
      Deploys QVImpactStreamStrategy.sol on mumbai
    ////////////////////////////////////////////////////
  
â”Œâ”€â”€â”€â”€â”€â”€â”€â”€â”€â”€â”€â”€â”€â”€â”€â”€â”€â”¬â”€â”€â”€â”€â”€â”€â”€â”€â”€â”€â”€â”€â”€â”€â”€â”€â”€â”€â”€â”€â”€â”€â”€â”€â”€â”€â”€â”€â”€â”€â”€â”€â”€â”€â”€â”€â”€â”€â”€â”€â”€â”€â”€â”€â”€â”€â”
â”‚     (index)     â”‚                    Values                    â”‚
â”œâ”€â”€â”€â”€â”€â”€â”€â”€â”€â”€â”€â”€â”€â”€â”€â”€â”€â”¼â”€â”€â”€â”€â”€â”€â”€â”€â”€â”€â”€â”€â”€â”€â”€â”€â”€â”€â”€â”€â”€â”€â”€â”€â”€â”€â”€â”€â”€â”€â”€â”€â”€â”€â”€â”€â”€â”€â”€â”€â”€â”€â”€â”€â”€â”€â”¤
â”‚    contract     â”‚         'QVImpactStreamStrategy.sol'         â”‚
â”‚     chainId     â”‚                    80001                     â”‚
â”‚     network     â”‚                   'mumbai'                   â”‚
â”‚ deployerAddress â”‚ '0xda4983d787769A607244C8f061c2a93FC5772240' â”‚
â”‚     balance     â”‚                 '9.53775202'                 â”‚
â””â”€â”€â”€â”€â”€â”€â”€â”€â”€â”€â”€â”€â”€â”€â”€â”€â”€â”´â”€â”€â”€â”€â”€â”€â”€â”€â”€â”€â”€â”€â”€â”€â”€â”€â”€â”€â”€â”€â”€â”€â”€â”€â”€â”€â”€â”€â”€â”€â”€â”€â”€â”€â”€â”€â”€â”€â”€â”€â”€â”€â”€â”€â”€â”€â”˜
Deploying QVImpactStreamStrategy.sol
[35mContract QVImpactStreamStrategy deployed at address: 0x706e93bBF6A1D8366bdd2F05d21EaE8222d082f9[0m

Verifying contract...
HardhatVerifyError: Error!
    at Etherscan.verify (/Users/thelostone-mc/Labs/allo/allo-v2/node_modules/@nomicfoundation/hardhat-verify/src/internal/etherscan.ts:173:13)
    at processTicksAndRejections (node:internal/process/task_queues:95:5)
    at async SimpleTaskDefinition.action (/Users/thelostone-mc/Labs/allo/allo-v2/node_modules/@nomicfoundation/hardhat-verify/src/index.ts:471:33)
    at async Environment._runTaskDefinition (/Users/thelostone-mc/Labs/allo/allo-v2/node_modules/hardhat/src/internal/core/runtime-environment.ts:358:14)
    at async Environment.run (/Users/thelostone-mc/Labs/allo/allo-v2/node_modules/hardhat/src/internal/core/runtime-environment.ts:191:14)
    at async SimpleTaskDefinition.action (/Users/thelostone-mc/Labs/allo/allo-v2/node_modules/@nomicfoundation/hardhat-verify/src/index.ts:298:9)
    at async Environment._runTaskDefinition (/Users/thelostone-mc/Labs/allo/allo-v2/node_modules/hardhat/src/internal/core/runtime-environment.ts:358:14)
    at async hardhatVerify (/Users/thelostone-mc/Labs/allo/allo-v2/node_modules/@openzeppelin/hardhat-upgrades/src/verify-proxy.ts:118:12)
    at async OverriddenTaskDefinition._action (/Users/thelostone-mc/Labs/allo/allo-v2/node_modules/@openzeppelin/hardhat-upgrades/src/index.ts:198:12)
    at async Environment._runTaskDefinition (/Users/thelostone-mc/Labs/allo/allo-v2/node_modules/hardhat/src/internal/core/runtime-environment.ts:358:14)
[90m
	Validating getAllo() == 0x33044dAEB67C882F8Dd697394A9319e0b353f59B[0m
[32m	âœ… PASSED with Result: 0x33044dAEB67C882F8Dd697394A9319e0b353f59B[0m
[90m
	Validating getStrategyId() == 0x5553ecb0fe086478a8a529fc9a95217033b592d70afb87e4cddfc0a79cc5f7c2[0m
[32m	âœ… PASSED with Result: 0x5553ecb0fe086478a8a529fc9a95217033b592d70afb87e4cddfc0a79cc5f7c2[0m
