Warning: Unreachable code.
   --> contracts/strategies/BaseStrategy.sol:174:9:
    |
174 |         _afterRegisterRecipient(_data, _sender);
    |         ^^^^^^^^^^^^^^^^^^^^^^^^^^^^^^^^^^^^^^^


Compiled 112 Solidity files successfully (evm target: paris).

    ////////////////////////////////////////////////////////
    Deploy Strategies on Allo V2 contracts to arbitrum-goerli
    ///////////////////////////////////////////////////////
  

    ////////////////////////////////////////////////////
      Deploys DonationVotingMerkleDistributionVaultStrategy.sol on arbitrum-goerli
    ////////////////////////////////////////////////////
  
â”Œâ”€â”€â”€â”€â”€â”€â”€â”€â”€â”€â”€â”€â”€â”€â”€â”€â”€â”¬â”€â”€â”€â”€â”€â”€â”€â”€â”€â”€â”€â”€â”€â”€â”€â”€â”€â”€â”€â”€â”€â”€â”€â”€â”€â”€â”€â”€â”€â”€â”€â”€â”€â”€â”€â”€â”€â”€â”€â”€â”€â”€â”€â”€â”€â”€â”€â”€â”€â”€â”€â”€â”€â”
â”‚     (index)     â”‚                       Values                        â”‚
â”œâ”€â”€â”€â”€â”€â”€â”€â”€â”€â”€â”€â”€â”€â”€â”€â”€â”€â”¼â”€â”€â”€â”€â”€â”€â”€â”€â”€â”€â”€â”€â”€â”€â”€â”€â”€â”€â”€â”€â”€â”€â”€â”€â”€â”€â”€â”€â”€â”€â”€â”€â”€â”€â”€â”€â”€â”€â”€â”€â”€â”€â”€â”€â”€â”€â”€â”€â”€â”€â”€â”€â”€â”¤
â”‚    contract     â”‚ 'DonationVotingMerkleDistributionVaultStrategy.sol' â”‚
â”‚     chainId     â”‚                       421613                        â”‚
â”‚     network     â”‚                  'arbitrum-goerli'                  â”‚
â”‚ deployerAddress â”‚    '0x5078a23B2C95e1B2f7C2Cee9F1Fb5534d473E781'     â”‚
â”‚     balance     â”‚                  '0.991338107602'                   â”‚
â””â”€â”€â”€â”€â”€â”€â”€â”€â”€â”€â”€â”€â”€â”€â”€â”€â”€â”´â”€â”€â”€â”€â”€â”€â”€â”€â”€â”€â”€â”€â”€â”€â”€â”€â”€â”€â”€â”€â”€â”€â”€â”€â”€â”€â”€â”€â”€â”€â”€â”€â”€â”€â”€â”€â”€â”€â”€â”€â”€â”€â”€â”€â”€â”€â”€â”€â”€â”€â”€â”€â”€â”˜
Deploying DonationVotingMerkleDistributionVaultStrategy.sol
[35mContract DonationVotingMerkleDistributionVaultStrategy deployed at address: 0x6499D4E90DE8926b4B052B7E198616B2df0f9EcC[0m

Verifying contract...
Successfully submitted source code for contract
contracts/strategies/donation-voting-merkle-distribution-vault/DonationVotingMerkleDistributionVaultStrategy.sol:DonationVotingMerkleDistributionVaultStrategy at 0x6499D4E90DE8926b4B052B7E198616B2df0f9EcC
for verification on the block explorer. Waiting for verification result...

Successfully verified contract DonationVotingMerkleDistributionVaultStrategy on the block explorer.
https://arbiscan.io/address/0x6499D4E90DE8926b4B052B7E198616B2df0f9EcC#code
[90m
	Validating getAllo() == 0x7A33B78eadC6402BAcb90B82a5aeEcdFE5a0bBB8[0m
[32m	âœ… PASSED with Result: 0x7A33B78eadC6402BAcb90B82a5aeEcdFE5a0bBB8[0m
[90m
	Validating getStrategyId() == 0x18597ecf2c30cb09b03e84caafc02b25453977cae54af1788bbbfb367f805714[0m
[32m	âœ… PASSED with Result: 0x18597ecf2c30cb09b03e84caafc02b25453977cae54af1788bbbfb367f805714[0m
[90m
	Validating PERMIT2() == 0x000000000022D473030F116dDEE9F6B43aC78BA3[0m
[32m	âœ… PASSED with Result: 0x000000000022D473030F116dDEE9F6B43aC78BA3[0m

    ////////////////////////////////////////////////////
      Deploys QVImpactStreamStrategy.sol on arbitrum-goerli
    ////////////////////////////////////////////////////
  
â”Œâ”€â”€â”€â”€â”€â”€â”€â”€â”€â”€â”€â”€â”€â”€â”€â”€â”€â”¬â”€â”€â”€â”€â”€â”€â”€â”€â”€â”€â”€â”€â”€â”€â”€â”€â”€â”€â”€â”€â”€â”€â”€â”€â”€â”€â”€â”€â”€â”€â”€â”€â”€â”€â”€â”€â”€â”€â”€â”€â”€â”€â”€â”€â”€â”€â”
â”‚     (index)     â”‚                    Values                    â”‚
â”œâ”€â”€â”€â”€â”€â”€â”€â”€â”€â”€â”€â”€â”€â”€â”€â”€â”€â”¼â”€â”€â”€â”€â”€â”€â”€â”€â”€â”€â”€â”€â”€â”€â”€â”€â”€â”€â”€â”€â”€â”€â”€â”€â”€â”€â”€â”€â”€â”€â”€â”€â”€â”€â”€â”€â”€â”€â”€â”€â”€â”€â”€â”€â”€â”€â”¤
â”‚    contract     â”‚         'QVImpactStreamStrategy.sol'         â”‚
â”‚     chainId     â”‚                    421613                    â”‚
â”‚     network     â”‚              'arbitrum-goerli'               â”‚
â”‚ deployerAddress â”‚ '0x5078a23B2C95e1B2f7C2Cee9F1Fb5534d473E781' â”‚
â”‚     balance     â”‚               '0.990983961102'               â”‚
â””â”€â”€â”€â”€â”€â”€â”€â”€â”€â”€â”€â”€â”€â”€â”€â”€â”€â”´â”€â”€â”€â”€â”€â”€â”€â”€â”€â”€â”€â”€â”€â”€â”€â”€â”€â”€â”€â”€â”€â”€â”€â”€â”€â”€â”€â”€â”€â”€â”€â”€â”€â”€â”€â”€â”€â”€â”€â”€â”€â”€â”€â”€â”€â”€â”˜
Deploying QVImpactStreamStrategy.sol
[35mContract QVImpactStreamStrategy deployed at address: 0xA9f2a76082EacFe6b215C83da55D0904c50886F4[0m

Verifying contract...
Successfully submitted source code for contract
contracts/strategies/_poc/qv-impact-stream/QVImpactStreamStrategy.sol:QVImpactStreamStrategy at 0xA9f2a76082EacFe6b215C83da55D0904c50886F4
for verification on the block explorer. Waiting for verification result...

Successfully verified contract QVImpactStreamStrategy on the block explorer.
https://arbiscan.io/address/0xA9f2a76082EacFe6b215C83da55D0904c50886F4#code
[90m
	Validating getAllo() == 0x7A33B78eadC6402BAcb90B82a5aeEcdFE5a0bBB8[0m
[32m	âœ… PASSED with Result: 0x7A33B78eadC6402BAcb90B82a5aeEcdFE5a0bBB8[0m
[90m
	Validating getStrategyId() == 0xc3276532aa72a2c10f4c9b2068f3c56624cf053c8ee78e826e245690cb72fae9[0m
[32m	âœ… PASSED with Result: 0xc3276532aa72a2c10f4c9b2068f3c56624cf053c8ee78e826e245690cb72fae9[0m
