
    ////////////////////////////////////////////////////
      Deploys EasyRetroFundingStrategy.sol on sepolia
    ////////////////////////////////////////////////////
  
â”Œâ”€â”€â”€â”€â”€â”€â”€â”€â”€â”€â”€â”€â”€â”€â”€â”€â”€â”¬â”€â”€â”€â”€â”€â”€â”€â”€â”€â”€â”€â”€â”€â”€â”€â”€â”€â”€â”€â”€â”€â”€â”€â”€â”€â”€â”€â”€â”€â”€â”€â”€â”€â”€â”€â”€â”€â”€â”€â”€â”€â”€â”€â”€â”€â”€â”
â”‚ (index)         â”‚ Values                                       â”‚
â”œâ”€â”€â”€â”€â”€â”€â”€â”€â”€â”€â”€â”€â”€â”€â”€â”€â”€â”¼â”€â”€â”€â”€â”€â”€â”€â”€â”€â”€â”€â”€â”€â”€â”€â”€â”€â”€â”€â”€â”€â”€â”€â”€â”€â”€â”€â”€â”€â”€â”€â”€â”€â”€â”€â”€â”€â”€â”€â”€â”€â”€â”€â”€â”€â”€â”¤
â”‚ contract        â”‚ 'EasyRetroFundingStrategy.sol'               â”‚
â”‚ chainId         â”‚ 11155111                                     â”‚
â”‚ network         â”‚ 'sepolia'                                    â”‚
â”‚ deployerAddress â”‚ '0x8C180840fcBb90CE8464B4eCd12ab0f840c6647C' â”‚
â”‚ balance         â”‚ '5.654046747032034805'                       â”‚
â””â”€â”€â”€â”€â”€â”€â”€â”€â”€â”€â”€â”€â”€â”€â”€â”€â”€â”´â”€â”€â”€â”€â”€â”€â”€â”€â”€â”€â”€â”€â”€â”€â”€â”€â”€â”€â”€â”€â”€â”€â”€â”€â”€â”€â”€â”€â”€â”€â”€â”€â”€â”€â”€â”€â”€â”€â”€â”€â”€â”€â”€â”€â”€â”€â”˜
Deploying EasyRetroFundingStrategy.sol
[35mContract EasyRetroFundingStrategy deployed at address: 0x26B583bF90adAFBf5973B03728ba9a3120D8747D[0m

Verifying contract...
Successfully submitted source code for contract
contracts/strategies/_poc/easy-rf/EasyRetroFundingStrategy.sol:EasyRetroFundingStrategy at 0x26B583bF90adAFBf5973B03728ba9a3120D8747D
for verification on the block explorer. Waiting for verification result...

Successfully verified contract EasyRetroFundingStrategy on the block explorer.
https://sepolia.etherscan.io/address/0x26B583bF90adAFBf5973B03728ba9a3120D8747D#code
[90m
	Validating getAllo() == 0x1133eA7Af70876e64665ecD07C0A0476d09465a1[0m
[32m	âœ… PASSED with Result: 0x1133eA7Af70876e64665ecD07C0A0476d09465a1[0m
[90m
	Validating getStrategyId() == 0x060ffd6c79f918819a622248c6823443412aedea610cc19c89d28dadcdef7fba[0m
[32m	âœ… PASSED with Result: 0x060ffd6c79f918819a622248c6823443412aedea610cc19c89d28dadcdef7fba[0m
Adding EasyRetroFundingStrategy v1.0 to cloneable strategies...
