
    ////////////////////////////////////////////////////
        Deploys ContractFactory.sol on degen
    ////////////////////////////////////////////////////
  
â”Œâ”€â”€â”€â”€â”€â”€â”€â”€â”€â”€â”€â”€â”€â”€â”€â”€â”€â”¬â”€â”€â”€â”€â”€â”€â”€â”€â”€â”€â”€â”€â”€â”€â”€â”€â”€â”€â”€â”€â”€â”€â”€â”€â”€â”€â”€â”€â”€â”€â”€â”€â”€â”€â”€â”€â”€â”€â”€â”€â”€â”€â”€â”€â”€â”€â”
â”‚     (index)     â”‚                    Values                    â”‚
â”œâ”€â”€â”€â”€â”€â”€â”€â”€â”€â”€â”€â”€â”€â”€â”€â”€â”€â”¼â”€â”€â”€â”€â”€â”€â”€â”€â”€â”€â”€â”€â”€â”€â”€â”€â”€â”€â”€â”€â”€â”€â”€â”€â”€â”€â”€â”€â”€â”€â”€â”€â”€â”€â”€â”€â”€â”€â”€â”€â”€â”€â”€â”€â”€â”€â”¤
â”‚    contract     â”‚         'Deploy ContractFactory.sol'         â”‚
â”‚     chainId     â”‚                  666666666                   â”‚
â”‚     network     â”‚                   'degen'                    â”‚
â”‚ deployerAddress â”‚ '0x3f15B8c6F9939879Cb030D6dd935348E57109637' â”‚
â”‚     balance     â”‚            '1999.999925189027072'            â”‚
â””â”€â”€â”€â”€â”€â”€â”€â”€â”€â”€â”€â”€â”€â”€â”€â”€â”€â”´â”€â”€â”€â”€â”€â”€â”€â”€â”€â”€â”€â”€â”€â”€â”€â”€â”€â”€â”€â”€â”€â”€â”€â”€â”€â”€â”€â”€â”€â”€â”€â”€â”€â”€â”€â”€â”€â”€â”€â”€â”€â”€â”€â”€â”€â”€â”˜
Deploying ContractFactory.sol...
ContractFactory deployed to: 0x614e27aC8c68c8C286cd66182aFdB87cAb31cf15

Verifying contract...
Successfully submitted source code for contract
contracts/factory/ContractFactory.sol:ContractFactory at 0x614e27aC8c68c8C286cd66182aFdB87cAb31cf15
for verification on the block explorer. Waiting for verification result...

Successfully verified contract ContractFactory on the block explorer.
https://explorer.degen.tips/address/0x614e27aC8c68c8C286cd66182aFdB87cAb31cf15#code
[90m
	Validating isDeployer(0x3f15B8c6F9939879Cb030D6dd935348E57109637) == true[0m
[32m	âœ… PASSED with Result: true[0m
