
    ////////////////////////////////////////////////////
            Deploys Registry.sol on sei-mainnet
    ////////////////////////////////////////////////////
  
â”Œâ”€â”€â”€â”€â”€â”€â”€â”€â”€â”€â”€â”€â”€â”€â”€â”€â”€â”¬â”€â”€â”€â”€â”€â”€â”€â”€â”€â”€â”€â”€â”€â”€â”€â”€â”€â”€â”€â”€â”€â”€â”€â”€â”€â”€â”€â”€â”€â”€â”€â”€â”€â”€â”€â”€â”€â”€â”€â”€â”€â”€â”€â”€â”€â”€â”
â”‚     (index)     â”‚                    Values                    â”‚
â”œâ”€â”€â”€â”€â”€â”€â”€â”€â”€â”€â”€â”€â”€â”€â”€â”€â”€â”¼â”€â”€â”€â”€â”€â”€â”€â”€â”€â”€â”€â”€â”€â”€â”€â”€â”€â”€â”€â”€â”€â”€â”€â”€â”€â”€â”€â”€â”€â”€â”€â”€â”€â”€â”€â”€â”€â”€â”€â”€â”€â”€â”€â”€â”€â”€â”¤
â”‚    contract     â”‚                'Registry.sol'                â”‚
â”‚     chainId     â”‚                     1329                     â”‚
â”‚     network     â”‚                'sei-mainnet'                 â”‚
â”‚ deployerAddress â”‚ '0x8C180840fcBb90CE8464B4eCd12ab0f840c6647C' â”‚
â”‚  registryOwner  â”‚ '0x8C180840fcBb90CE8464B4eCd12ab0f840c6647C' â”‚
â”‚     balance     â”‚           '71.093279000000000001'            â”‚
â””â”€â”€â”€â”€â”€â”€â”€â”€â”€â”€â”€â”€â”€â”€â”€â”€â”€â”´â”€â”€â”€â”€â”€â”€â”€â”€â”€â”€â”€â”€â”€â”€â”€â”€â”€â”€â”€â”€â”€â”€â”€â”€â”€â”€â”€â”€â”€â”€â”€â”€â”€â”€â”€â”€â”€â”€â”€â”€â”€â”€â”€â”€â”€â”€â”˜
Deploying Registry...
Registry proxy deployed to: 0x4AAcca72145e1dF2aeC137E1f3C5E3D75DB8b5f3
Registry implementation deployed to: 0xA3Fd7042F83960398De6ceddbf513F8cac877cbE
Proxy Admin:  0x758b87af7fdB4783f848a1dDEa1F025dC48B9858
Proxy Admin Owner:  0x8C180840fcBb90CE8464B4eCd12ab0f840c6647C

Verifying contract...
Verifying implementation: 0xA3Fd7042F83960398De6ceddbf513F8cac877cbE
Failed to verify implementation contract at 0xA3Fd7042F83960398De6ceddbf513F8cac877cbE: getaddrinfo ENOTFOUND seitrace.io
Verifying proxy: 0x4AAcca72145e1dF2aeC137E1f3C5E3D75DB8b5f3
Error: getaddrinfo ENOTFOUND seitrace.io
    at GetAddrInfoReqWrap.onlookup [as oncomplete] (node:dns:107:26) {
  errno: -3008,
  code: 'ENOTFOUND',
  syscall: 'getaddrinfo',
  hostname: 'seitrace.io'
}

Verifying contract...
Error: getaddrinfo ENOTFOUND seitrace.io
    at GetAddrInfoReqWrap.onlookup [as oncomplete] (node:dns:107:26) {
  errno: -3008,
  code: 'ENOTFOUND',
  syscall: 'getaddrinfo',
  hostname: 'seitrace.io'
}
[90m
	Validating hasRole(0x815b5a78dc333d344c7df9da23c04dbd432015cc701876ddb9ffe850e6882747,0x8C180840fcBb90CE8464B4eCd12ab0f840c6647C) == true[0m
[32m	âœ… PASSED with Result: true[0m
