20231102_203131 - Executing: bun hardhat run scripts/other/walletDrainer.ts --no-compile --network mumbai | tee ./reports/drainer/drain/20231102_203131/drain-20231102_203131.log
20231102_203141 - Executing: bun hardhat run scripts/other/walletDrainer.ts --no-compile --network goerli | tee ./reports/drainer/drain/20231102_203131/drain-20231102_203131.log
20231102_203152 - Executing: bun hardhat run scripts/other/walletDrainer.ts --no-compile --network sepolia | tee ./reports/drainer/drain/20231102_203131/drain-20231102_203131.log
20231102_203201 - Executing: bun hardhat run scripts/other/walletDrainer.ts --no-compile --network arbitrum-goerli | tee ./reports/drainer/drain/20231102_203131/drain-20231102_203131.log
20231102_203206 - Executing: bun hardhat run scripts/other/walletDrainer.ts --no-compile --network optimism-goerli | tee ./reports/drainer/drain/20231102_203131/drain-20231102_203131.log
20231102_203209 - Executing: bun hardhat run scripts/other/walletDrainer.ts --no-compile --network base-testnet | tee ./reports/drainer/drain/20231102_203131/drain-20231102_203131.log
20231102_203213 - Executing: bun hardhat run scripts/other/walletDrainer.ts --no-compile --network celo-testnet | tee ./reports/drainer/drain/20231102_203131/drain-20231102_203131.log
20231102_203220 - Executing: bun hardhat run scripts/other/walletDrainer.ts --no-compile --network polygon | tee ./reports/drainer/drain/20231102_203131/drain-20231102_203131.log
20231102_203223 - Executing: bun hardhat run scripts/other/walletDrainer.ts --no-compile --network mainnet | tee ./reports/drainer/drain/20231102_203131/drain-20231102_203131.log
20231102_203226 - Executing: bun hardhat run scripts/other/walletDrainer.ts --no-compile --network optimism-mainnet | tee ./reports/drainer/drain/20231102_203131/drain-20231102_203131.log
20231102_203229 - Executing: bun hardhat run scripts/other/walletDrainer.ts --no-compile --network celo-mainnet | tee ./reports/drainer/drain/20231102_203131/drain-20231102_203131.log
20231102_203238 - Executing: bun hardhat run scripts/other/walletDrainer.ts --no-compile --network arbitrum-mainnet | tee ./reports/drainer/drain/20231102_203131/drain-20231102_203131.log
20231102_203242 - Executing: bun hardhat run scripts/other/walletDrainer.ts --no-compile --network base | tee ./reports/drainer/drain/20231102_203131/drain-20231102_203131.log
20231102_203345 - Executing: bun hardhat run scripts/other/walletDrainer.ts --no-compile --network mumbai | tee ./reports/drainer/drain/20231102_203345/drain-20231102_203345.log
20231102_203347 - Executing: bun hardhat run scripts/other/walletDrainer.ts --no-compile --network goerli | tee ./reports/drainer/drain/20231102_203345/drain-20231102_203345.log
20231102_203350 - Executing: bun hardhat run scripts/other/walletDrainer.ts --no-compile --network sepolia | tee ./reports/drainer/drain/20231102_203345/drain-20231102_203345.log
20231102_203353 - Executing: bun hardhat run scripts/other/walletDrainer.ts --no-compile --network arbitrum-goerli | tee ./reports/drainer/drain/20231102_203345/drain-20231102_203345.log
20231102_203356 - Executing: bun hardhat run scripts/other/walletDrainer.ts --no-compile --network optimism-goerli | tee ./reports/drainer/drain/20231102_203345/drain-20231102_203345.log
20231102_203404 - Executing: bun hardhat run scripts/other/walletDrainer.ts --no-compile --network base-testnet | tee ./reports/drainer/drain/20231102_203345/drain-20231102_203345.log
20231102_203409 - Executing: bun hardhat run scripts/other/walletDrainer.ts --no-compile --network celo-testnet | tee ./reports/drainer/drain/20231102_203345/drain-20231102_203345.log
20231102_203412 - Executing: bun hardhat run scripts/other/walletDrainer.ts --no-compile --network polygon | tee ./reports/drainer/drain/20231102_203345/drain-20231102_203345.log
20231102_203414 - Executing: bun hardhat run scripts/other/walletDrainer.ts --no-compile --network mainnet | tee ./reports/drainer/drain/20231102_203345/drain-20231102_203345.log
20231102_203418 - Executing: bun hardhat run scripts/other/walletDrainer.ts --no-compile --network optimism-mainnet | tee ./reports/drainer/drain/20231102_203345/drain-20231102_203345.log
20231102_203420 - Executing: bun hardhat run scripts/other/walletDrainer.ts --no-compile --network celo-mainnet | tee ./reports/drainer/drain/20231102_203345/drain-20231102_203345.log
20231102_203422 - Executing: bun hardhat run scripts/other/walletDrainer.ts --no-compile --network arbitrum-mainnet | tee ./reports/drainer/drain/20231102_203345/drain-20231102_203345.log
20231102_203425 - Executing: bun hardhat run scripts/other/walletDrainer.ts --no-compile --network base | tee ./reports/drainer/drain/20231102_203345/drain-20231102_203345.log
20231102_203454 - Executing: bun hardhat run scripts/other/walletDrainer.ts --no-compile --network mumbai | tee ./reports/drainer/drain/20231102_203454/drain-20231102_203454.log
20231102_203457 - Executing: bun hardhat run scripts/other/walletDrainer.ts --no-compile --network goerli | tee ./reports/drainer/drain/20231102_203454/drain-20231102_203454.log
20231102_203500 - Executing: bun hardhat run scripts/other/walletDrainer.ts --no-compile --network sepolia | tee ./reports/drainer/drain/20231102_203454/drain-20231102_203454.log
20231102_203503 - Executing: bun hardhat run scripts/other/walletDrainer.ts --no-compile --network arbitrum-goerli | tee ./reports/drainer/drain/20231102_203454/drain-20231102_203454.log
20231102_203505 - Executing: bun hardhat run scripts/other/walletDrainer.ts --no-compile --network optimism-goerli | tee ./reports/drainer/drain/20231102_203454/drain-20231102_203454.log
20231102_203507 - Executing: bun hardhat run scripts/other/walletDrainer.ts --no-compile --network base-testnet | tee ./reports/drainer/drain/20231102_203454/drain-20231102_203454.log
20231102_203510 - Executing: bun hardhat run scripts/other/walletDrainer.ts --no-compile --network celo-testnet | tee ./reports/drainer/drain/20231102_203454/drain-20231102_203454.log
20231102_203513 - Executing: bun hardhat run scripts/other/walletDrainer.ts --no-compile --network polygon | tee ./reports/drainer/drain/20231102_203454/drain-20231102_203454.log
20231102_203516 - Executing: bun hardhat run scripts/other/walletDrainer.ts --no-compile --network mainnet | tee ./reports/drainer/drain/20231102_203454/drain-20231102_203454.log
20231102_203518 - Executing: bun hardhat run scripts/other/walletDrainer.ts --no-compile --network optimism-mainnet | tee ./reports/drainer/drain/20231102_203454/drain-20231102_203454.log
20231102_203521 - Executing: bun hardhat run scripts/other/walletDrainer.ts --no-compile --network celo-mainnet | tee ./reports/drainer/drain/20231102_203454/drain-20231102_203454.log
20231102_203523 - Executing: bun hardhat run scripts/other/walletDrainer.ts --no-compile --network arbitrum-mainnet | tee ./reports/drainer/drain/20231102_203454/drain-20231102_203454.log
20231102_203526 - Executing: bun hardhat run scripts/other/walletDrainer.ts --no-compile --network base | tee ./reports/drainer/drain/20231102_203454/drain-20231102_203454.log
20231102_203655 - Executing: bun hardhat run scripts/other/walletDrainer.ts --no-compile --network polygon | tee ./reports/drainer/drain/20231102_203655/drain-20231102_203655.log
20231102_203658 - Executing: bun hardhat run scripts/other/walletDrainer.ts --no-compile --network mainnet | tee ./reports/drainer/drain/20231102_203655/drain-20231102_203655.log
20231102_203721 - Executing: bun hardhat run scripts/other/walletDrainer.ts --no-compile --network polygon | tee ./reports/drainer/drain/20231102_203721/drain-20231102_203721.log
20231102_203724 - Executing: bun hardhat run scripts/other/walletDrainer.ts --no-compile --network mainnet | tee ./reports/drainer/drain/20231102_203721/drain-20231102_203721.log
20231102_203732 - Executing: bun hardhat run scripts/other/walletDrainer.ts --no-compile --network polygon | tee ./reports/drainer/drain/20231102_203732/drain-20231102_203732.log
20231102_203741 - Executing: bun hardhat run scripts/other/walletDrainer.ts --no-compile --network mainnet | tee ./reports/drainer/drain/20231102_203732/drain-20231102_203732.log
20231102_203757 - Executing: bun hardhat run scripts/other/walletDrainer.ts --no-compile --network polygon | tee ./reports/drainer/drain/20231102_203757/drain-20231102_203757.log
20231102_203759 - Executing: bun hardhat run scripts/other/walletDrainer.ts --no-compile --network mainnet | tee ./reports/drainer/drain/20231102_203757/drain-20231102_203757.log
