
    ////////////////////////////////////////////////////
      Deploys DirectAllocationStrategy.sol on hedera-mainnet
    ////////////////////////////////////////////////////
  
â”Œâ”€â”€â”€â”€â”€â”€â”€â”€â”€â”€â”€â”€â”€â”€â”€â”€â”€â”¬â”€â”€â”€â”€â”€â”€â”€â”€â”€â”€â”€â”€â”€â”€â”€â”€â”€â”€â”€â”€â”€â”€â”€â”€â”€â”€â”€â”€â”€â”€â”€â”€â”€â”€â”€â”€â”€â”€â”€â”€â”€â”€â”€â”€â”€â”€â”
â”‚ (index)         â”‚ Values                                       â”‚
â”œâ”€â”€â”€â”€â”€â”€â”€â”€â”€â”€â”€â”€â”€â”€â”€â”€â”€â”¼â”€â”€â”€â”€â”€â”€â”€â”€â”€â”€â”€â”€â”€â”€â”€â”€â”€â”€â”€â”€â”€â”€â”€â”€â”€â”€â”€â”€â”€â”€â”€â”€â”€â”€â”€â”€â”€â”€â”€â”€â”€â”€â”€â”€â”€â”€â”¤
â”‚ contract        â”‚ 'DirectAllocationStrategy.sol'               â”‚
â”‚ chainId         â”‚ 295                                          â”‚
â”‚ network         â”‚ 'hedera-mainnet'                             â”‚
â”‚ deployerAddress â”‚ '0x8C180840fcBb90CE8464B4eCd12ab0f840c6647C' â”‚
â”‚ balance         â”‚ '198.4778719'                                â”‚
â””â”€â”€â”€â”€â”€â”€â”€â”€â”€â”€â”€â”€â”€â”€â”€â”€â”€â”´â”€â”€â”€â”€â”€â”€â”€â”€â”€â”€â”€â”€â”€â”€â”€â”€â”€â”€â”€â”€â”€â”€â”€â”€â”€â”€â”€â”€â”€â”€â”€â”€â”€â”€â”€â”€â”€â”€â”€â”€â”€â”€â”€â”€â”€â”€â”˜
Deploying DirectAllocationStrategy.sol
[35mContract DirectAllocationStrategy deployed at address: 0x56662F9c0174cD6ae14b214fC52Bd6Eb6B6eA602[0m

Verifying contract...
ChainConfigNotFoundError: Trying to verify a contract in a network with chain id 295, but the plugin doesn't recognize it as a supported chain.

You can manually add support for it by following these instructions: https://hardhat.org/verify-custom-networks

To see the list of supported networks, run this command:

  npx hardhat verify --list-networks
    at Function.getCurrentChainConfig (/Users/thelostone-mc/Labs/allo/allo-v2/node_modules/@nomicfoundation/hardhat-verify/src/internal/etherscan.ts:65:13)
    at processTicksAndRejections (node:internal/process/task_queues:95:5)
    at async SimpleTaskDefinition.action (/Users/thelostone-mc/Labs/allo/allo-v2/node_modules/@nomicfoundation/hardhat-verify/src/index.ts:234:27)
    at async Environment._runTaskDefinition (/Users/thelostone-mc/Labs/allo/allo-v2/node_modules/hardhat/src/internal/core/runtime-environment.ts:351:14)
    at async hardhatVerify (/Users/thelostone-mc/Labs/allo/allo-v2/node_modules/@openzeppelin/hardhat-upgrades/src/verify-proxy.ts:118:12)
    at async OverriddenTaskDefinition._action (/Users/thelostone-mc/Labs/allo/allo-v2/node_modules/@openzeppelin/hardhat-upgrades/src/index.ts:206:12)
    at async Environment._runTaskDefinition (/Users/thelostone-mc/Labs/allo/allo-v2/node_modules/hardhat/src/internal/core/runtime-environment.ts:351:14)
    at async Environment.run (/Users/thelostone-mc/Labs/allo/allo-v2/node_modules/hardhat/src/internal/core/runtime-environment.ts:184:14)
    at async SimpleTaskDefinition.action (/Users/thelostone-mc/Labs/allo/allo-v2/node_modules/@nomicfoundation/hardhat-verify/src/index.ts:546:7)
    at async Environment._runTaskDefinition (/Users/thelostone-mc/Labs/allo/allo-v2/node_modules/hardhat/src/internal/core/runtime-environment.ts:351:14)
[90m
	Validating getAllo() == 0x1133eA7Af70876e64665ecD07C0A0476d09465a1[0m
[32m	âœ… PASSED with Result: 0x1133eA7Af70876e64665ecD07C0A0476d09465a1[0m
[90m
	Validating getStrategyId() == 0x4cd0051913234cdd7d165b208851240d334786d6e5afbb4d0eec203515a9c6f3[0m
[32m	âœ… PASSED with Result: 0x4cd0051913234cdd7d165b208851240d334786d6e5afbb4d0eec203515a9c6f3[0m
Adding DirectAllocationStrategy v1.1 to cloneable strategies...
DirectAllocationStrategy v1.1 added to cloneable strategies.
